#
# A fatal error has been detected by the Java Runtime Environment:
#
#  SIGSEGV (0xb) at pc=0x00000001099d88c5, pid=7887, tid=259
#
# JRE version: Java(TM) SE Runtime Environment (17.0.1+12) (build 17.0.1+12-LTS-39)
# Java VM: Java HotSpot(TM) 64-Bit Server VM (17.0.1+12-LTS-39, mixed mode, sharing, tiered, compressed oops, compressed class ptrs, g1 gc, bsd-amd64)
# Problematic frame:
# V  [libjvm.dylib+0x55b8c5]  jni_NewLocalRef+0x35
#
# No core dump will be written. Core dumps have been disabled. To enable core dumping, try "ulimit -c unlimited" before starting Java again
#
# If you would like to submit a bug report, please visit:
#   https://bugreport.java.com/bugreport/crash.jsp
#

---------------  S U M M A R Y ------------

Command Line: --add-modules=javafx.controls,javafx.fxml --module-path=/Users/parthsharma/.gradle/caches/modules-2/files-2.1/org.openjfx/javafx-fxml/17.0.1/4ec9abf3948b347b5ce0e09813add3f25a6dbc0b/javafx-fxml-17.0.1-mac.jar:/Users/parthsharma/.gradle/caches/modules-2/files-2.1/org.openjfx/javafx-controls/17.0.1/9c4e3c7ee4fe3f2d71cb94811910695f43040dc5/javafx-controls-17.0.1-mac.jar:/Users/parthsharma/.gradle/caches/modules-2/files-2.1/org.openjfx/javafx-graphics/17.0.1/60505369f7528056d4d8c5ea080df5447bdb0264/javafx-graphics-17.0.1-mac.jar:/Users/parthsharma/.gradle/caches/modules-2/files-2.1/org.openjfx/javafx-base/17.0.1/75cfa6f780ea3b3fd4ae336161e9e136ebb91ef2/javafx-base-17.0.1-mac.jar -Dfile.encoding=UTF-8 -Duser.country=CA -Duser.language=en -Duser.variant -ea GUI.MainApp

Host: "MacBookAir7,2" x86_64 1800 MHz, 4 cores, 8G, Darwin 21.2.0, macOS 12.1 (21C52)
Time: Sun Feb 27 20:22:37 2022 EST elapsed time: 24.274144 seconds (0d 0h 0m 24s)

---------------  T H R E A D  ---------------

Current thread is native thread

Stack: [0x00007ff7b73ce000,0x00007ff7b7bce000],  sp=0x00007ff7b7bc8970,  free space=8170k
Native frames: (J=compiled Java code, j=interpreted, Vv=VM code, C=native code)
V  [libjvm.dylib+0x55b8c5]  jni_NewLocalRef+0x35
C  [libawt_lwawt.dylib+0x2c4f0]  -[CGLLayer drawInCGLContext:pixelFormat:forLayerTime:displayTime:]+0x2b0
C  [QuartzCore+0xc11d5]  _ZL17CAOpenGLLayerDrawP13CAOpenGLLayerdPK11CVTimeStampj+0x7e5
C  [QuartzCore+0xc0810]  -[CAOpenGLLayer _display]+0x249
C  [QuartzCore+0x20631]  _ZN2CA5Layer17display_if_neededEPNS_11TransactionE+0x363
C  [QuartzCore+0x170723]  _ZN2CA7Context18commit_transactionEPNS_11TransactionEdPd+0x2cd
C  [QuartzCore+0x2292]  _ZN2CA11Transaction6commitEv+0x2c0
C  [QuartzCore+0x1a582a]  _ZN2CA11Transaction25flush_as_runloop_observerEb+0x80
C  [CoreFoundation+0x7fcb7]  __CFRUNLOOP_IS_CALLING_OUT_TO_AN_OBSERVER_CALLBACK_FUNCTION__+0x17
C  [CoreFoundation+0x7fb54]  __CFRunLoopDoObservers+0x21f
C  [CoreFoundation+0x7f122]  __CFRunLoopRun+0x484
C  [CoreFoundation+0x7e5dd]  CFRunLoopRunSpecific+0x233
C  [libjli.dylib+0x70b2]  CreateExecutionEnvironment+0x182
C  [libjli.dylib+0x2c15]  JLI_Launch+0x585
C  [java+0x3c09]  main+0x189
C  0x000000010d1ee4fe


siginfo: si_signo: 11 (SIGSEGV), si_code: 1 (SEGV_MAPERR), si_addr: 0x0000000000000338

Registers:
RAX=0x000000000000dead, RBX=0x00000001099d8890, RCX=0x000000010d269600, RDX=0x00007fd51fd16e00
RSP=0x00007ff7b7bc8970, RBP=0x00007ff7b7bc89b0, RSI=0x00007fd51ea89a49, RDI=0x00007fd51e163a00
R8 =0x0000000000000000, R9 =0x0000000000000000, R10=0x00000001381d7828, R11=0x000000013813d680
R12=0x00007fd51fd16e00, R13=0x000060000277cdc0, R14=0x00007fd51ea89a49, R15=0x0000000000000000
RIP=0x00000001099d88c5, EFLAGS=0x0000000000010246, ERR=0x0000000000000006
  TRAPNO=0x000000000000000e

Top of Stack: (sp=0x00007ff7b7bc8970)
0x00007ff7b7bc8970:   00007fd521b05000 0000000000000000
0x00007ff7b7bc8980:   0000000000000010 000000013760be6d
0x00007ff7b7bc8990:   00007ff7b7bc89f0 00000001099d8890
0x00007ff7b7bc89a0:   000060000277cdc0 00007fd51e163ca8
0x00007ff7b7bc89b0:   00007ff7b7bc8a10 000000013813d4f0
0x00007ff7b7bc89c0:   0000600001eba8a0 00007ff83034af1d
0x00007ff7b7bc89d0:   0000000000000000 40f85f5b854d2954
0x00007ff7b7bc89e0:   0000600001367300 00007ff815a51040
0x00007ff7b7bc89f0:   0000600001eba8a0 000060000277cdc0
0x00007ff7b7bc8a00:   000060000277cdc0 00007fd5220046c0
0x00007ff7b7bc8a10:   00007ff7b7bc8ad0 00007ff81cdba1d5
0x00007ff7b7bc8a20:   0000600003c221e0 0000000000000000
0x00007ff7b7bc8a30:   000060000277cdc0 0000000000000000
0x00007ff7b7bc8a40:   000000040277cdc0 0000600003fa9a90
0x00007ff7b7bc8a50:   40f85f5b854d2954 00000188000001a4
0x00007ff7b7bc8a60:   0000000000000000 000060000195ea00
0x00007ff7b7bc8a70:   0000000000000004 0000000000000000
0x00007ff7b7bc8a80:   0000000000000000 00007ff7b7bc8aa8
0x00007ff7b7bc8a90:   00007ff700000000 00007ff81cd39b8a
0x00007ff7b7bc8aa0:   e2fed6615ba50077 00007ff815a51040
0x00007ff7b7bc8ab0:   0000000000000004 0000000000000000
0x00007ff7b7bc8ac0:   000060000277cdc0 00007ff83034af1d
0x00007ff7b7bc8ad0:   00007ff7b7bc8b50 00007ff81cdb9810
0x00007ff7b7bc8ae0:   00007fd522a092c0 4078800000000000
0x00007ff7b7bc8af0:   407a400000000000 3ff0000000000000
0x00007ff7b7bc8b00:   0000000000000000 0000000000000000
0x00007ff7b7bc8b10:   407a400000000000 4078800000000000
0x00007ff7b7bc8b20:   e2fed6615ba50077 00007ff7b7bc8c30
0x00007ff7b7bc8b30:   00007ff8303c72bc 00007fd520f07bf0
0x00007ff7b7bc8b40:   00007ff7b7bc8b60 00007ff7b7bc8c38
0x00007ff7b7bc8b50:   00007ff7b7bc9c30 00007ff81cd19631
0x00007ff7b7bc8b60:   0000000000000000 00007ff81cd194d2 

Instructions: (pc=0x00000001099d88c5)
0x00000001099d87c5:   ff 74 11 41 f6 c7 01 75 17 4c 89 ff ff 15 89 5c
0x00000001099d87d5:   6e 00 eb 18 45 31 ff 4d 85 f6 75 18 31 c0 eb 31
0x00000001099d87e5:   49 ff cf 4c 89 ff ff 15 77 5c 6e 00 49 89 c7 4d
0x00000001099d87f5:   85 f6 74 e8 41 f6 c6 01 75 0b 4c 89 f7 ff 15 58
0x00000001099d8805:   5c 6e 00 eb 0c 49 ff ce 4c 89 f7 ff 15 52 5c 6e
0x00000001099d8815:   00 45 31 f6 49 39 c7 41 0f 94 c7 49 8b 9c 24 e8
0x00000001099d8825:   00 00 00 48 8b 43 10 48 83 38 00 74 0c 48 89 df
0x00000001099d8835:   e8 26 71 f4 ff 48 8b 43 10 48 8b 4b 08 48 89 41
0x00000001099d8845:   10 48 8b 43 08 48 8b 4b 18 48 89 48 18 48 8b 43
0x00000001099d8855:   08 48 8b 4b 20 48 89 48 20 49 8d bc 24 88 02 00
0x00000001099d8865:   00 4c 89 e6 e8 22 36 e9 ff 41 c7 84 24 38 03 00
0x00000001099d8875:   00 04 00 00 00 45 88 fe 44 89 f0 5b 41 5c 41 5e
0x00000001099d8885:   41 5f 5d c3 0f 1f 80 00 00 00 00 55 48 89 e5 41
0x00000001099d8895:   57 41 56 53 48 83 ec 28 49 89 ff b8 55 21 ff ff
0x00000001099d88a5:   03 87 b8 00 00 00 49 89 f6 49 81 c7 58 fd ff ff
0x00000001099d88b5:   83 f8 02 72 0b 4c 89 ff e8 5e 1d 49 00 45 31 ff
0x00000001099d88c5:   41 c7 87 38 03 00 00 05 00 00 00 f0 83 04 24 00
0x00000001099d88d5:   49 8b 87 40 03 00 00 48 a9 01 00 00 00 74 0d 4c
0x00000001099d88e5:   89 ff be 01 00 00 00 e8 1f 57 3b 00 41 83 bf 2c
0x00000001099d88f5:   03 00 00 00 75 0d 41 f7 87 28 03 00 00 0c 00 00
0x00000001099d8905:   00 74 0a 4c 89 ff 31 f6 e8 1e 34 49 00 41 c7 87
0x00000001099d8915:   38 03 00 00 06 00 00 00 4c 89 7d c8 48 c7 45 d0
0x00000001099d8925:   00 00 00 00 49 83 7f 08 00 74 09 48 8d 7d c8 e8
0x00000001099d8935:   87 8f 36 00 4d 85 f6 74 11 41 f6 c6 01 75 0f 4c
0x00000001099d8945:   89 f7 ff 15 33 9c 6e 00 eb 10 31 f6 eb 0f 49 ff
0x00000001099d8955:   ce 4c 89 f7 ff 15 b1 68 6e 00 48 89 c6 4c 89 ff
0x00000001099d8965:   ba 01 00 00 00 e8 21 8c 03 00 49 89 c6 48 83 7d
0x00000001099d8975:   d0 00 74 09 48 8d 7d c8 e8 ce 8f 36 00 49 8b 9f
0x00000001099d8985:   e8 00 00 00 48 8b 43 10 48 83 38 00 74 0c 48 89
0x00000001099d8995:   df e8 c5 6f f4 ff 48 8b 43 10 48 8b 4b 08 48 89
0x00000001099d89a5:   41 10 48 8b 43 08 48 8b 4b 18 48 89 48 18 48 8b
0x00000001099d89b5:   43 08 48 8b 4b 20 48 89 48 20 49 8d bf 88 02 00 



---------------  P R O C E S S  ---------------

VM state: not at safepoint (normal execution)

VM Mutex/Monitor currently owned by a thread: None

Heap address: 0x0000000780000000, size: 2048 MB, Compressed Oops mode: Zero based, Oop shift amount: 3

CDS archive(s) mapped at: [0x0000000800000000-0x0000000800bd4000-0x0000000800bd4000), size 12402688, SharedBaseAddress: 0x0000000800000000, ArchiveRelocationMode: 0.
Compressed class space mapped at: 0x0000000800c00000-0x0000000840c00000, reserved size: 1073741824
Narrow klass base: 0x0000000800000000, Narrow klass shift: 0, Narrow klass range: 0x100000000

GC Precious Log:
<Skipped>

Heap:
 garbage-first heap   total 61440K, used 26209K [0x0000000780000000, 0x0000000800000000)
  region size 1024K, 10 young (10240K), 1 survivors (1024K)
 Metaspace       used 34138K, committed 34496K, reserved 1081344K
  class space    used 4957K, committed 5120K, reserved 1048576K

Heap Regions: E=young(eden), S=young(survivor), O=old, HS=humongous(starts), HC=humongous(continues), CS=collection set, F=free, OA=open archive, CA=closed archive, TAMS=top-at-mark-start (previous, next)
|   0|0x0000000780000000, 0x0000000780100000, 0x0000000780100000|100%| O|  |TAMS 0x0000000780100000, 0x0000000780000000| Untracked 
|   1|0x0000000780100000, 0x0000000780200000, 0x0000000780200000|100%| O|  |TAMS 0x0000000780200000, 0x0000000780100000| Untracked 
|   2|0x0000000780200000, 0x0000000780200000, 0x0000000780300000|  0%| F|  |TAMS 0x0000000780200000, 0x0000000780200000| Untracked 
|   3|0x0000000780300000, 0x0000000780400000, 0x0000000780400000|100%|HS|  |TAMS 0x0000000780400000, 0x0000000780300000| Complete 
|   4|0x0000000780400000, 0x0000000780500000, 0x0000000780500000|100%|HC|  |TAMS 0x0000000780500000, 0x0000000780400000| Complete 
|   5|0x0000000780500000, 0x0000000780600000, 0x0000000780600000|100%|HS|  |TAMS 0x0000000780600000, 0x0000000780500000| Complete 
|   6|0x0000000780600000, 0x0000000780700000, 0x0000000780700000|100%|HC|  |TAMS 0x0000000780700000, 0x0000000780600000| Complete 
|   7|0x0000000780700000, 0x0000000780800000, 0x0000000780800000|100%| O|  |TAMS 0x0000000780700000, 0x0000000780700000| Untracked 
|   8|0x0000000780800000, 0x0000000780900000, 0x0000000780900000|100%| O|  |TAMS 0x0000000780800000, 0x0000000780800000| Untracked 
|   9|0x0000000780900000, 0x0000000780a00000, 0x0000000780a00000|100%| O|  |TAMS 0x0000000780900000, 0x0000000780900000| Untracked 
|  10|0x0000000780a00000, 0x0000000780b00000, 0x0000000780b00000|100%| O|  |TAMS 0x0000000780a00000, 0x0000000780a00000| Untracked 
|  11|0x0000000780b00000, 0x0000000780c00000, 0x0000000780c00000|100%| O|  |TAMS 0x0000000780b00000, 0x0000000780b00000| Untracked 
|  12|0x0000000780c00000, 0x0000000780d00000, 0x0000000780d00000|100%| O|  |TAMS 0x0000000780c00000, 0x0000000780c00000| Untracked 
|  13|0x0000000780d00000, 0x0000000780e00000, 0x0000000780e00000|100%| O|  |TAMS 0x0000000780d00000, 0x0000000780d00000| Untracked 
|  14|0x0000000780e00000, 0x0000000780f00000, 0x0000000780f00000|100%| O|  |TAMS 0x0000000780e00000, 0x0000000780e00000| Untracked 
|  15|0x0000000780f00000, 0x0000000781000000, 0x0000000781000000|100%| O|  |TAMS 0x0000000780f00000, 0x0000000780f00000| Untracked 
|  16|0x0000000781000000, 0x0000000781069c00, 0x0000000781100000| 41%| O|  |TAMS 0x0000000781000000, 0x0000000781000000| Untracked 
|  17|0x0000000781100000, 0x0000000781100000, 0x0000000781200000|  0%| F|  |TAMS 0x0000000781100000, 0x0000000781100000| Untracked 
|  18|0x0000000781200000, 0x0000000781200000, 0x0000000781300000|  0%| F|  |TAMS 0x0000000781200000, 0x0000000781200000| Untracked 
|  19|0x0000000781300000, 0x0000000781300000, 0x0000000781400000|  0%| F|  |TAMS 0x0000000781300000, 0x0000000781300000| Untracked 
|  20|0x0000000781400000, 0x0000000781400000, 0x0000000781500000|  0%| F|  |TAMS 0x0000000781400000, 0x0000000781400000| Untracked 
|  21|0x0000000781500000, 0x0000000781500000, 0x0000000781600000|  0%| F|  |TAMS 0x0000000781500000, 0x0000000781500000| Untracked 
|  22|0x0000000781600000, 0x0000000781600000, 0x0000000781700000|  0%| F|  |TAMS 0x0000000781600000, 0x0000000781600000| Untracked 
|  23|0x0000000781700000, 0x0000000781700000, 0x0000000781800000|  0%| F|  |TAMS 0x0000000781700000, 0x0000000781700000| Untracked 
|  24|0x0000000781800000, 0x0000000781800000, 0x0000000781900000|  0%| F|  |TAMS 0x0000000781800000, 0x0000000781800000| Untracked 
|  25|0x0000000781900000, 0x0000000781900000, 0x0000000781a00000|  0%| F|  |TAMS 0x0000000781900000, 0x0000000781900000| Untracked 
|  26|0x0000000781a00000, 0x0000000781a00000, 0x0000000781b00000|  0%| F|  |TAMS 0x0000000781a00000, 0x0000000781a00000| Untracked 
|  27|0x0000000781b00000, 0x0000000781b00000, 0x0000000781c00000|  0%| F|  |TAMS 0x0000000781b00000, 0x0000000781b00000| Untracked 
|  28|0x0000000781c00000, 0x0000000781c00000, 0x0000000781d00000|  0%| F|  |TAMS 0x0000000781c00000, 0x0000000781c00000| Untracked 
|  29|0x0000000781d00000, 0x0000000781d00000, 0x0000000781e00000|  0%| F|  |TAMS 0x0000000781d00000, 0x0000000781d00000| Untracked 
|  30|0x0000000781e00000, 0x0000000781e00000, 0x0000000781f00000|  0%| F|  |TAMS 0x0000000781e00000, 0x0000000781e00000| Untracked 
|  31|0x0000000781f00000, 0x0000000781f00000, 0x0000000782000000|  0%| F|  |TAMS 0x0000000781f00000, 0x0000000781f00000| Untracked 
|  32|0x0000000782000000, 0x0000000782000000, 0x0000000782100000|  0%| F|  |TAMS 0x0000000782000000, 0x0000000782000000| Untracked 
|  33|0x0000000782100000, 0x0000000782100000, 0x0000000782200000|  0%| F|  |TAMS 0x0000000782100000, 0x0000000782100000| Untracked 
|  34|0x0000000782200000, 0x0000000782200000, 0x0000000782300000|  0%| F|  |TAMS 0x0000000782200000, 0x0000000782200000| Untracked 
|  35|0x0000000782300000, 0x0000000782300000, 0x0000000782400000|  0%| F|  |TAMS 0x0000000782300000, 0x0000000782300000| Untracked 
|  36|0x0000000782400000, 0x0000000782400000, 0x0000000782500000|  0%| F|  |TAMS 0x0000000782400000, 0x0000000782400000| Untracked 
|  37|0x0000000782500000, 0x0000000782500000, 0x0000000782600000|  0%| F|  |TAMS 0x0000000782500000, 0x0000000782500000| Untracked 
|  38|0x0000000782600000, 0x0000000782600000, 0x0000000782700000|  0%| F|  |TAMS 0x0000000782600000, 0x0000000782600000| Untracked 
|  39|0x0000000782700000, 0x0000000782700000, 0x0000000782800000|  0%| F|  |TAMS 0x0000000782700000, 0x0000000782700000| Untracked 
|  40|0x0000000782800000, 0x0000000782800000, 0x0000000782900000|  0%| F|  |TAMS 0x0000000782800000, 0x0000000782800000| Untracked 
|  41|0x0000000782900000, 0x0000000782900000, 0x0000000782a00000|  0%| F|  |TAMS 0x0000000782900000, 0x0000000782900000| Untracked 
|  42|0x0000000782a00000, 0x0000000782a00000, 0x0000000782b00000|  0%| F|  |TAMS 0x0000000782a00000, 0x0000000782a00000| Untracked 
|  43|0x0000000782b00000, 0x0000000782b00000, 0x0000000782c00000|  0%| F|  |TAMS 0x0000000782b00000, 0x0000000782b00000| Untracked 
|  44|0x0000000782c00000, 0x0000000782c00000, 0x0000000782d00000|  0%| F|  |TAMS 0x0000000782c00000, 0x0000000782c00000| Untracked 
|  45|0x0000000782d00000, 0x0000000782d00000, 0x0000000782e00000|  0%| F|  |TAMS 0x0000000782d00000, 0x0000000782d00000| Untracked 
|  46|0x0000000782e00000, 0x0000000782e00000, 0x0000000782f00000|  0%| F|  |TAMS 0x0000000782e00000, 0x0000000782e00000| Untracked 
|  47|0x0000000782f00000, 0x0000000782f00000, 0x0000000783000000|  0%| F|  |TAMS 0x0000000782f00000, 0x0000000782f00000| Untracked 
|  48|0x0000000783000000, 0x00000007830a11f8, 0x0000000783100000| 62%| E|  |TAMS 0x0000000783000000, 0x0000000783000000| Complete 
|  59|0x0000000783b00000, 0x0000000783c00000, 0x0000000783c00000|100%| E|CS|TAMS 0x0000000783b00000, 0x0000000783b00000| Complete 
|  60|0x0000000783c00000, 0x0000000783d00000, 0x0000000783d00000|100%| E|CS|TAMS 0x0000000783c00000, 0x0000000783c00000| Complete 
|  61|0x0000000783d00000, 0x0000000783e00000, 0x0000000783e00000|100%| E|CS|TAMS 0x0000000783d00000, 0x0000000783d00000| Complete 
|  62|0x0000000783e00000, 0x0000000783f00000, 0x0000000783f00000|100%| E|CS|TAMS 0x0000000783e00000, 0x0000000783e00000| Complete 
|  63|0x0000000783f00000, 0x0000000784000000, 0x0000000784000000|100%| E|CS|TAMS 0x0000000783f00000, 0x0000000783f00000| Complete 
|  64|0x0000000784000000, 0x0000000784100000, 0x0000000784100000|100%| E|CS|TAMS 0x0000000784000000, 0x0000000784000000| Complete 
|  65|0x0000000784100000, 0x0000000784200000, 0x0000000784200000|100%| E|CS|TAMS 0x0000000784100000, 0x0000000784100000| Complete 
|  66|0x0000000784200000, 0x0000000784298800, 0x0000000784300000| 59%| S|CS|TAMS 0x0000000784200000, 0x0000000784200000| Complete 
| 127|0x0000000787f00000, 0x0000000788000000, 0x0000000788000000|100%| E|CS|TAMS 0x0000000787f00000, 0x0000000787f00000| Complete 
|2046|0x00000007ffe00000, 0x00000007ffe76000, 0x00000007fff00000| 46%|OA|  |TAMS 0x00000007ffe76000, 0x00000007ffe00000| Untracked 
|2047|0x00000007fff00000, 0x00000007fff7f000, 0x0000000800000000| 49%|CA|  |TAMS 0x00000007fff7f000, 0x00000007fff00000| Untracked 

Card table byte_map: [0x0000000108b08000,0x0000000108f08000] _byte_map_base: 0x0000000104f08000

Marking Bits (Prev, Next): (CMBitMap*) 0x00007fd51f809c50, (CMBitMap*) 0x00007fd51f809c10
 Prev Bits: [0x00000001239a4000, 0x00000001259a4000)
 Next Bits: [0x000000010a4d2000, 0x000000010c4d2000)

Polling page: 0x0000000108456000

Metaspace:

Usage:
  Non-class:     28.50 MB used.
      Class:      4.84 MB used.
       Both:     33.34 MB used.

Virtual space:
  Non-class space:       32.00 MB reserved,      28.69 MB ( 90%) committed,  4 nodes.
      Class space:        1.00 GB reserved,       5.00 MB ( <1%) committed,  1 nodes.
             Both:        1.03 GB reserved,      33.69 MB (  3%) committed. 

Chunk freelists:
   Non-Class:  2.95 MB
       Class:  3.03 MB
        Both:  5.98 MB

MaxMetaspaceSize: unlimited
CompressedClassSpaceSize: 1.00 GB
Initial GC threshold: 21.00 MB
Current GC threshold: 35.44 MB
CDS: on
MetaspaceReclaimPolicy: balanced
 - commit_granule_bytes: 65536.
 - commit_granule_words: 8192.
 - virtual_space_node_default_size: 1048576.
 - enlarge_chunks_in_place: 1.
 - new_chunks_are_fully_committed: 0.
 - uncommit_free_chunks: 1.
 - use_allocation_guard: 0.
 - handle_deallocations: 1.


Internal statistics:

num_allocs_failed_limit: 3.
num_arena_births: 482.
num_arena_deaths: 0.
num_vsnodes_births: 5.
num_vsnodes_deaths: 0.
num_space_committed: 539.
num_space_uncommitted: 0.
num_chunks_returned_to_freelist: 3.
num_chunks_taken_from_freelist: 1578.
num_chunk_merges: 3.
num_chunk_splits: 1080.
num_chunks_enlarged: 824.
num_purges: 0.
num_inconsistent_stats: 0.

CodeHeap 'non-profiled nmethods': size=120032Kb used=1709Kb max_used=1709Kb free=118322Kb
 bounds [0x000000011c46c000, 0x000000011c6dc000, 0x00000001239a4000]
CodeHeap 'profiled nmethods': size=120028Kb used=7674Kb max_used=7674Kb free=112353Kb
 bounds [0x0000000114f35000, 0x00000001156b5000, 0x000000011c46c000]
CodeHeap 'non-nmethods': size=5700Kb used=1555Kb max_used=1603Kb free=4144Kb
 bounds [0x00000001149a4000, 0x0000000114c14000, 0x0000000114f35000]
 total_blobs=5041 nmethods=4078 adapters=875
 compilation: enabled
              stopped_count=0, restarted_count=0
 full_count=0

Compilation events (20 events):
Event: 23.921 Thread 0x00007fd51f80cc00 4155       3       sun.font.Font2D::canDoStyle (14 bytes)
Event: 23.921 Thread 0x00007fd51e074400 4156       4       java.lang.invoke.DelegatingMethodHandle$Holder::reinvoke_L (20 bytes)
Event: 23.921 Thread 0x00007fd51f80cc00 nmethod 4155 0x00000001156abb10 code [0x00000001156abca0, 0x00000001156abe10]
Event: 23.922 Thread 0x00007fd51f80cc00 4157       3       java.lang.invoke.LambdaForm$MH/0x0000000800c20400::invoke (148 bytes)
Event: 23.923 Thread 0x00007fd51e074400 nmethod 4156 0x000000011c616f90 code [0x000000011c617120, 0x000000011c617218]
Event: 23.923 Thread 0x00007fd51f80cc00 nmethod 4157 0x00000001156abe90 code [0x00000001156ac120, 0x00000001156ad2a0]
Event: 23.928 Thread 0x00007fd51f80cc00 4158       3       sun.font.CFont::createItalicVariant (66 bytes)
Event: 23.937 Thread 0x00007fd51f80cc00 nmethod 4158 0x00000001156ad710 code [0x00000001156adb20, 0x00000001156afb80]
Event: 23.937 Thread 0x00007fd51f80cc00 4159       3       sun.font.CFont::<init> (61 bytes)
Event: 23.947 Thread 0x00007fd51f80cc00 nmethod 4159 0x00000001156b0690 code [0x00000001156b0880, 0x00000001156b0f60]
Event: 24.243 Thread 0x00007fd51f80cc00 4160   !   3       javax.swing.UIManager::getLAFState (61 bytes)
Event: 24.244 Thread 0x00007fd51f80cc00 nmethod 4160 0x00000001156b1190 code [0x00000001156b13e0, 0x00000001156b1b40]
Event: 24.262 Thread 0x00007fd51f80cc00 4161       3       java.util.TimSort::binarySort (223 bytes)
Event: 24.263 Thread 0x00007fd51f80cc00 nmethod 4161 0x00000001156b1e90 code [0x00000001156b20c0, 0x00000001156b2bf0]
Event: 24.263 Thread 0x00007fd51f80cc00 4162       1       sun.java2d.loops.GraphicsPrimitive::getUniqueID (5 bytes)
Event: 24.263 Thread 0x00007fd51f80cc00 nmethod 4162 0x000000011c617390 code [0x000000011c617520, 0x000000011c6175f0]
Event: 24.263 Thread 0x00007fd51f80cc00 4163       3       sun.java2d.loops.GraphicsPrimitiveMgr$1::compare (13 bytes)
Event: 24.264 Thread 0x00007fd51f80cc00 nmethod 4163 0x00000001156b2f10 code [0x00000001156b30e0, 0x00000001156b3570]
Event: 24.264 Thread 0x00007fd51f80cc00 4164       3       sun.java2d.loops.GraphicsPrimitiveMgr$1::compare (33 bytes)
Event: 24.264 Thread 0x00007fd51f80cc00 nmethod 4164 0x00000001156b3690 code [0x00000001156b3840, 0x00000001156b3a70]

GC Heap History (10 events):
Event: 2.220 GC heap before
{Heap before GC invocations=0 (full 0):
 garbage-first heap   total 133120K, used 13268K [0x0000000780000000, 0x0000000800000000)
  region size 1024K, 13 young (13312K), 0 survivors (0K)
 Metaspace       used 3400K, committed 3520K, reserved 1056768K
  class space    used 374K, committed 448K, reserved 1048576K
}
Event: 2.226 GC heap after
{Heap after GC invocations=1 (full 0):
 garbage-first heap   total 133120K, used 3213K [0x0000000780000000, 0x0000000800000000)
  region size 1024K, 2 young (2048K), 2 survivors (2048K)
 Metaspace       used 3400K, committed 3520K, reserved 1056768K
  class space    used 374K, committed 448K, reserved 1048576K
}
Event: 3.423 GC heap before
{Heap before GC invocations=1 (full 0):
 garbage-first heap   total 133120K, used 23693K [0x0000000780000000, 0x0000000800000000)
  region size 1024K, 23 young (23552K), 2 survivors (2048K)
 Metaspace       used 8698K, committed 8896K, reserved 1064960K
  class space    used 1133K, committed 1216K, reserved 1048576K
}
Event: 3.434 GC heap after
{Heap after GC invocations=2 (full 0):
 garbage-first heap   total 133120K, used 6125K [0x0000000780000000, 0x0000000800000000)
  region size 1024K, 3 young (3072K), 3 survivors (3072K)
 Metaspace       used 8698K, committed 8896K, reserved 1064960K
  class space    used 1133K, committed 1216K, reserved 1048576K
}
Event: 13.183 GC heap before
{Heap before GC invocations=2 (full 0):
 garbage-first heap   total 133120K, used 68589K [0x0000000780000000, 0x0000000800000000)
  region size 1024K, 61 young (62464K), 3 survivors (3072K)
 Metaspace       used 21180K, committed 21504K, reserved 1073152K
  class space    used 3320K, committed 3456K, reserved 1048576K
}
Event: 13.220 GC heap after
{Heap after GC invocations=3 (full 0):
 garbage-first heap   total 133120K, used 14661K [0x0000000780000000, 0x0000000800000000)
  region size 1024K, 8 young (8192K), 8 survivors (8192K)
 Metaspace       used 21180K, committed 21504K, reserved 1073152K
  class space    used 3320K, committed 3456K, reserved 1048576K
}
Event: 16.041 GC heap before
{Heap before GC invocations=4 (full 0):
 garbage-first heap   total 61440K, used 43333K [0x0000000780000000, 0x0000000800000000)
  region size 1024K, 36 young (36864K), 8 survivors (8192K)
 Metaspace       used 28996K, committed 29312K, reserved 1081344K
  class space    used 4344K, committed 4480K, reserved 1048576K
}
Event: 16.061 GC heap after
{Heap after GC invocations=5 (full 0):
 garbage-first heap   total 61440K, used 17240K [0x0000000780000000, 0x0000000800000000)
  region size 1024K, 3 young (3072K), 3 survivors (3072K)
 Metaspace       used 28996K, committed 29312K, reserved 1081344K
  class space    used 4344K, committed 4480K, reserved 1048576K
}
Event: 16.149 GC heap before
{Heap before GC invocations=5 (full 0):
 garbage-first heap   total 61440K, used 18264K [0x0000000780000000, 0x0000000800000000)
  region size 1024K, 4 young (4096K), 3 survivors (3072K)
 Metaspace       used 29026K, committed 29376K, reserved 1081344K
  class space    used 4345K, committed 4480K, reserved 1048576K
}
Event: 16.166 GC heap after
{Heap after GC invocations=6 (full 0):
 garbage-first heap   total 61440K, used 17373K [0x0000000780000000, 0x0000000800000000)
  region size 1024K, 1 young (1024K), 1 survivors (1024K)
 Metaspace       used 29026K, committed 29376K, reserved 1081344K
  class space    used 4345K, committed 4480K, reserved 1048576K
}

Deoptimization events (20 events):
Event: 16.187 Thread 0x00007fd51e163a00 DEOPT PACKING pc=0x000000011c5c7310 sp=0x00007ff7b7bc6d10
Event: 16.187 Thread 0x00007fd51e163a00 DEOPT UNPACKING pc=0x00000001149f6099 sp=0x00007ff7b7bc6cc0 mode 2
Event: 17.049 Thread 0x00007fd51e163a00 Uncommon trap: trap_request=0xffffffc6 fr.pc=0x000000011c5eecdc relative=0x000000000000119c
Event: 17.049 Thread 0x00007fd51e163a00 Uncommon trap: reason=bimorphic_or_optimized_type_check action=maybe_recompile pc=0x000000011c5eecdc method=java.util.HashMap.putVal(ILjava/lang/Object;Ljava/lang/Object;ZZ)Ljava/lang/Object; @ 152 c2
Event: 17.049 Thread 0x00007fd51e163a00 DEOPT PACKING pc=0x000000011c5eecdc sp=0x00007ff7b7bc69a0
Event: 17.049 Thread 0x00007fd51e163a00 DEOPT UNPACKING pc=0x00000001149f6099 sp=0x00007ff7b7bc6930 mode 2
Event: 17.049 Thread 0x00007fd51e163a00 Uncommon trap: trap_request=0xffffffc6 fr.pc=0x000000011c5eecdc relative=0x000000000000119c
Event: 17.049 Thread 0x00007fd51e163a00 Uncommon trap: reason=bimorphic_or_optimized_type_check action=maybe_recompile pc=0x000000011c5eecdc method=java.util.HashMap.putVal(ILjava/lang/Object;Ljava/lang/Object;ZZ)Ljava/lang/Object; @ 152 c2
Event: 17.049 Thread 0x00007fd51e163a00 DEOPT PACKING pc=0x000000011c5eecdc sp=0x00007ff7b7bc69a0
Event: 17.049 Thread 0x00007fd51e163a00 DEOPT UNPACKING pc=0x00000001149f6099 sp=0x00007ff7b7bc6930 mode 2
Event: 17.084 Thread 0x00007fd51e163a00 DEOPT PACKING pc=0x00000001154b5ef4 sp=0x00007ff7b7bc6f80
Event: 17.084 Thread 0x00007fd51e163a00 DEOPT UNPACKING pc=0x00000001149f682f sp=0x00007ff7b7bc64b8 mode 0
Event: 17.084 Thread 0x00007fd51e163a00 Uncommon trap: trap_request=0xffffff45 fr.pc=0x000000011c5c6978 relative=0x00000000000003d8
Event: 17.084 Thread 0x00007fd51e163a00 Uncommon trap: reason=unstable_if action=reinterpret pc=0x000000011c5c6978 method=java.util.regex.Pattern$Slice.match(Ljava/util/regex/Matcher;ILjava/lang/CharSequence;)Z @ 18 c2
Event: 17.084 Thread 0x00007fd51e163a00 DEOPT PACKING pc=0x000000011c5c6978 sp=0x00007ff7b7bc6da0
Event: 17.084 Thread 0x00007fd51e163a00 DEOPT UNPACKING pc=0x00000001149f6099 sp=0x00007ff7b7bc6d50 mode 2
Event: 17.722 Thread 0x00007fd52005b000 Uncommon trap: trap_request=0xffffff45 fr.pc=0x000000011c4b3cec relative=0x000000000000034c
Event: 17.722 Thread 0x00007fd52005b000 Uncommon trap: reason=unstable_if action=reinterpret pc=0x000000011c4b3cec method=java.lang.StringUTF16.compress([CI[BII)I @ 20 c2
Event: 17.722 Thread 0x00007fd52005b000 DEOPT PACKING pc=0x000000011c4b3cec sp=0x0000700006240180
Event: 17.722 Thread 0x00007fd52005b000 DEOPT UNPACKING pc=0x00000001149f6099 sp=0x0000700006240120 mode 2

Classes unloaded (0 events):
No events

Classes redefined (0 events):
No events

Internal exceptions (20 events):
Event: 12.644 Thread 0x00007fd51e163a00 Exception <a 'java/lang/NoSuchMethodError'{0x0000000784d9b338}: 'int java.lang.invoke.DirectMethodHandle$Holder.invokeVirtual(java.lang.Object, java.lang.Object)'> (0x0000000784d9b338) 
thrown [open/src/hotspot/share/interpreter/linkResolver.cpp, line 766]
Event: 12.945 Thread 0x00007fd51e163a00 Exception <a 'java/lang/NoSuchMethodError'{0x00000007847786a0}: 'java.lang.Object java.lang.invoke.DirectMethodHandle$Holder.newInvokeSpecial(java.lang.Object, java.lang.Object, int, int, int, int, int, java.lang.Object)'> (0x00000007847786a0) 
thrown [open/src/hotspot/share/interpreter/linkResolver.cpp, line 766]
Event: 12.948 Thread 0x00007fd51e163a00 Exception <a 'java/lang/NoSuchMethodError'{0x000000078478b688}: 'java.lang.Object java.lang.invoke.DirectMethodHandle$Holder.newInvokeSpecial(java.lang.Object, java.lang.Object, java.lang.Object, int, int, int, int, int)'> (0x000000078478b688) 
thrown [open/src/hotspot/share/interpreter/linkResolver.cpp, line 766]
Event: 12.949 Thread 0x00007fd51e163a00 Exception <a 'java/lang/NoSuchMethodError'{0x0000000784792ee8}: 'java.lang.Object java.lang.invoke.Invokers$Holder.linkToTargetMethod(java.lang.Object, java.lang.Object, int, int, int, int, int, java.lang.Object)'> (0x0000000784792ee8) 
thrown [open/src/hotspot/share/interpreter/linkResolver.cpp, line 766]
Event: 14.604 Thread 0x00007fd51e163a00 Exception <a 'java/lang/NullPointerException'{0x00000007820b7c70}> (0x00000007820b7c70) 
thrown [open/src/hotspot/share/interpreter/linkResolver.cpp, line 1440]
Event: 16.421 Thread 0x00007fd51e163a00 Exception <a 'java/lang/ClassNotFoundException'{0x0000000783ff2198}: sun/awt/resources/spi/awtProvider> (0x0000000783ff2198) 
thrown [open/src/hotspot/share/classfile/systemDictionary.cpp, line 256]
Event: 16.436 Thread 0x00007fd51e163a00 Exception <a 'java/io/FileNotFoundException'{0x0000000783ff57d0}> (0x0000000783ff57d0) 
thrown [open/src/hotspot/share/prims/jni.cpp, line 516]
Event: 16.436 Thread 0x00007fd51e163a00 Exception <a 'java/io/FileNotFoundException'{0x0000000783ff71d0}> (0x0000000783ff71d0) 
thrown [open/src/hotspot/share/prims/jni.cpp, line 516]
Event: 16.543 Thread 0x00007fd51e163a00 Exception <a 'java/lang/ClassNotFoundException'{0x0000000783e0bd78}: sun/awt/resources/spi/awtosxProvider> (0x0000000783e0bd78) 
thrown [open/src/hotspot/share/classfile/systemDictionary.cpp, line 256]
Event: 16.944 Thread 0x00007fd51e163a00 Exception <a 'java/lang/NoSuchMethodError'{0x0000000783ec0d70}: 'java.lang.Object java.lang.invoke.DirectMethodHandle$Holder.invokeStatic(java.lang.Object, int, java.lang.Object, java.lang.Object, java.lang.Object, java.lang.Object)'> (0x0000000783ec0d70) 
thrown [open/src/hotspot/share/interpreter/linkResolver.cpp, line 766]
Event: 16.945 Thread 0x00007fd51e163a00 Exception <a 'java/lang/NoSuchMethodError'{0x0000000783ec89f8}: 'java.lang.Object java.lang.invoke.DirectMethodHandle$Holder.newInvokeSpecial(java.lang.Object, int, java.lang.Object, java.lang.Object, java.lang.Object)'> (0x0000000783ec89f8) 
thrown [open/src/hotspot/share/interpreter/linkResolver.cpp, line 766]
Event: 16.945 Thread 0x00007fd51e163a00 Exception <a 'java/lang/NoSuchMethodError'{0x0000000783ecd188}: 'java.lang.Object java.lang.invoke.DirectMethodHandle$Holder.invokeSpecial(java.lang.Object, java.lang.Object, int, java.lang.Object, java.lang.Object, java.lang.Object)'> (0x0000000783ecd188) 
thrown [open/src/hotspot/share/interpreter/linkResolver.cpp, line 766]
Event: 16.955 Thread 0x00007fd51e163a00 Exception <a 'java/lang/ClassNotFoundException'{0x0000000783d149b0}: com/apple/laf/resources/spi/aquaProvider> (0x0000000783d149b0) 
thrown [open/src/hotspot/share/classfile/systemDictionary.cpp, line 256]
Event: 17.050 Thread 0x00007fd51e163a00 Exception <a 'java/lang/ClassNotFoundException'{0x0000000783d84158}: com/sun/swing/internal/plaf/basic/resources/spi/basicProvider> (0x0000000783d84158) 
thrown [open/src/hotspot/share/classfile/systemDictionary.cpp, line 256]
Event: 17.368 Thread 0x00007fd51e163a00 Exception <a 'java/lang/NoSuchMethodError'{0x0000000783de57a8}: 'java.lang.Object java.lang.invoke.Invokers$Holder.linkToTargetMethod(int, int, int, int, java.lang.Object)'> (0x0000000783de57a8) 
thrown [open/src/hotspot/share/interpreter/linkResolver.cpp, line 766]
Event: 17.372 Thread 0x00007fd51e163a00 Exception <a 'java/lang/NoSuchMethodError'{0x0000000783de95f0}: 'void java.lang.invoke.DirectMethodHandle$Holder.invokeStatic(java.lang.Object, java.lang.Object, long)'> (0x0000000783de95f0) 
thrown [open/src/hotspot/share/interpreter/linkResolver.cpp, line 766]
Event: 17.401 Thread 0x00007fd51e163a00 Exception <a 'java/lang/NoSuchMethodError'{0x0000000783c25df8}: 'void java.lang.invoke.DirectMethodHandle$Holder.invokeSpecial(java.lang.Object, java.lang.Object, long)'> (0x0000000783c25df8) 
thrown [open/src/hotspot/share/interpreter/linkResolver.cpp, line 766]
Event: 17.403 Thread 0x00007fd51e163a00 Exception <a 'java/lang/NoSuchMethodError'{0x0000000783c2c228}: 'void java.lang.invoke.DirectMethodHandle$Holder.invokeStatic(java.lang.Object, long, long)'> (0x0000000783c2c228) 
thrown [open/src/hotspot/share/interpreter/linkResolver.cpp, line 766]
Event: 17.403 Thread 0x00007fd51e163a00 Exception <a 'java/lang/NoSuchMethodError'{0x0000000783c31da0}: 'java.lang.Object java.lang.invoke.DirectMethodHandle$Holder.newInvokeSpecial(java.lang.Object, long)'> (0x0000000783c31da0) 
thrown [open/src/hotspot/share/interpreter/linkResolver.cpp, line 766]
Event: 17.876 Thread 0x00007fd51e163a00 Exception <a 'java/lang/NoSuchMethodError'{0x0000000783c7bcf0}: 'void java.lang.invoke.DirectMethodHandle$Holder.invokeStatic(java.lang.Object, long)'> (0x0000000783c7bcf0) 
thrown [open/src/hotspot/share/interpreter/linkResolver.cpp, line 766]

VM Operations (20 events):
Event: 16.237 Executing VM operation: ICBufferFull
Event: 16.237 Executing VM operation: ICBufferFull done
Event: 16.246 Executing VM operation: ICBufferFull
Event: 16.246 Executing VM operation: ICBufferFull done
Event: 16.254 Executing VM operation: ICBufferFull
Event: 16.264 Executing VM operation: ICBufferFull done
Event: 16.736 Executing VM operation: HandshakeAllThreads
Event: 16.738 Executing VM operation: HandshakeAllThreads done
Event: 17.084 Executing VM operation: HandshakeAllThreads
Event: 17.084 Executing VM operation: HandshakeAllThreads done
Event: 18.087 Executing VM operation: Cleanup
Event: 18.087 Executing VM operation: Cleanup done
Event: 19.166 Executing VM operation: Cleanup
Event: 19.171 Executing VM operation: Cleanup done
Event: 20.195 Executing VM operation: Cleanup
Event: 20.302 Executing VM operation: Cleanup done
Event: 22.310 Executing VM operation: Cleanup
Event: 22.320 Executing VM operation: Cleanup done
Event: 23.418 Executing VM operation: Cleanup
Event: 23.419 Executing VM operation: Cleanup done

Events (20 events):
Event: 24.226 loading class sun/font/StrikeCache$DisposableStrike done
Event: 24.226 loading class sun/font/StrikeCache$SoftDisposerRef done
Event: 24.226 loading class sun/font/FontDesignMetrics$KeyReference
Event: 24.226 loading class sun/font/FontDesignMetrics$KeyReference done
Event: 24.227 loading class sun/font/CCharToGlyphMapper
Event: 24.227 loading class sun/font/CCharToGlyphMapper done
Event: 24.227 loading class sun/font/CCharToGlyphMapper$Cache
Event: 24.227 loading class sun/font/CCharToGlyphMapper$Cache done
Event: 24.239 loading class java/awt/print/PrinterGraphics
Event: 24.239 loading class java/awt/print/PrinterGraphics done
Event: 24.239 loading class java/awt/PrintGraphics
Event: 24.239 loading class java/awt/PrintGraphics done
Event: 24.239 loading class sun/java2d/loops/FontInfo
Event: 24.239 loading class sun/java2d/loops/FontInfo done
Event: 24.260 loading class sun/awt/image/ToolkitImage
Event: 24.261 loading class sun/awt/image/ToolkitImage done
Event: 24.261 loading class sun/java2d/opengl/OGLSurfaceDataProxy
Event: 24.261 loading class sun/java2d/opengl/OGLSurfaceDataProxy done
Event: 24.262 loading class sun/java2d/loops/GraphicsPrimitiveMgr$PrimitiveSpec
Event: 24.262 loading class sun/java2d/loops/GraphicsPrimitiveMgr$PrimitiveSpec done


Dynamic libraries:
0x0000000108458000 	/Library/Java/JavaVirtualMachines/jdk-17.0.1.jdk/Contents/Home/lib/libjli.dylib
0x00007ff820849000 	/usr/lib/libz.1.dylib
0x00007ff820929000 	/usr/lib/libSystem.B.dylib
0x00007ff820924000 	/usr/lib/system/libcache.dylib
0x00007ff8208e0000 	/usr/lib/system/libcommonCrypto.dylib
0x00007ff820909000 	/usr/lib/system/libcompiler_rt.dylib
0x00007ff8208ff000 	/usr/lib/system/libcopyfile.dylib
0x00007ff815945000 	/usr/lib/system/libcorecrypto.dylib
0x00007ff815a04000 	/usr/lib/system/libdispatch.dylib
0x00007ff815bc3000 	/usr/lib/system/libdyld.dylib
0x00007ff82091b000 	/usr/lib/system/libkeymgr.dylib
0x00007ff8208be000 	/usr/lib/system/libmacho.dylib
0x00007ff81ff4e000 	/usr/lib/system/libquarantine.dylib
0x00007ff820919000 	/usr/lib/system/libremovefile.dylib
0x00007ff81ab27000 	/usr/lib/system/libsystem_asl.dylib
0x00007ff8158f3000 	/usr/lib/system/libsystem_blocks.dylib
0x00007ff815a88000 	/usr/lib/system/libsystem_c.dylib
0x00007ff820911000 	/usr/lib/system/libsystem_collections.dylib
0x00007ff81f1f6000 	/usr/lib/system/libsystem_configuration.dylib
0x00007ff81e4b7000 	/usr/lib/system/libsystem_containermanager.dylib
0x00007ff8205fb000 	/usr/lib/system/libsystem_coreservices.dylib
0x00007ff8181ed000 	/usr/lib/system/libsystem_darwin.dylib
0x00007ff82091c000 	/usr/lib/system/libsystem_dnssd.dylib
0x00007ff815a85000 	/usr/lib/system/libsystem_featureflags.dylib
0x00007ff815bd9000 	/usr/lib/system/libsystem_info.dylib
0x00007ff82085c000 	/usr/lib/system/libsystem_m.dylib
0x00007ff8159d8000 	/usr/lib/system/libsystem_malloc.dylib
0x00007ff81aac4000 	/usr/lib/system/libsystem_networkextension.dylib
0x00007ff818615000 	/usr/lib/system/libsystem_notify.dylib
0x00007ff826a98000 	/usr/lib/system/libsystem_product_info_filter.dylib
0x00007ff81f1fa000 	/usr/lib/system/libsystem_sandbox.dylib
0x00007ff820916000 	/usr/lib/system/libsystem_secinit.dylib
0x00007ff815b80000 	/usr/lib/system/libsystem_kernel.dylib
0x00007ff815bcf000 	/usr/lib/system/libsystem_platform.dylib
0x00007ff815bb7000 	/usr/lib/system/libsystem_pthread.dylib
0x00007ff81c37c000 	/usr/lib/system/libsystem_symptoms.dylib
0x00007ff81592c000 	/usr/lib/system/libsystem_trace.dylib
0x00007ff8208ec000 	/usr/lib/system/libunwind.dylib
0x00007ff8158f5000 	/usr/lib/system/libxpc.dylib
0x00007ff815b6a000 	/usr/lib/libc++abi.dylib
0x00007ff815a4b000 	/usr/lib/libobjc.A.dylib
0x00007ff8208f7000 	/usr/lib/liboah.dylib
0x00007ff815b11000 	/usr/lib/libc++.1.dylib
0x00007ff82c7ee000 	/System/Library/Frameworks/Cocoa.framework/Versions/A/Cocoa
0x00007ff818673000 	/System/Library/Frameworks/AppKit.framework/Versions/C/AppKit
0x00007ff81bb69000 	/System/Library/Frameworks/CoreData.framework/Versions/A/CoreData
0x00007ff816a8a000 	/System/Library/Frameworks/Foundation.framework/Versions/C/Foundation
0x00007ff819502000 	/System/Library/PrivateFrameworks/UIFoundation.framework/Versions/A/UIFoundation
0x00007ff82679f000 	/System/Library/PrivateFrameworks/RemoteViewServices.framework/Versions/A/RemoteViewServices
0x00007ff81eb8f000 	/System/Library/PrivateFrameworks/XCTTargetBootstrap.framework/Versions/A/XCTTargetBootstrap
0x00007ff822739000 	/System/Library/PrivateFrameworks/InternationalSupport.framework/Versions/A/InternationalSupport
0x00007ff8227c3000 	/System/Library/PrivateFrameworks/UserActivity.framework/Versions/A/UserActivity
0x00007ff821b19000 	/usr/lib/libspindump.dylib
0x00007ff819790000 	/System/Library/Frameworks/UniformTypeIdentifiers.framework/Versions/A/UniformTypeIdentifiers
0x00007ff81d2cc000 	/usr/lib/libapp_launch_measurement.dylib
0x00007ff81c535000 	/System/Library/PrivateFrameworks/CoreAnalytics.framework/Versions/A/CoreAnalytics
0x00007ff81d2cf000 	/System/Library/PrivateFrameworks/CoreAutoLayout.framework/Versions/A/CoreAutoLayout
0x00007ff81e4ef000 	/System/Library/Frameworks/Metal.framework/Versions/A/Metal
0x00007ff81f205000 	/usr/lib/liblangid.dylib
0x00007ff81eb93000 	/System/Library/PrivateFrameworks/CoreSVG.framework/Versions/A/CoreSVG
0x00007ff81ab57000 	/System/Library/PrivateFrameworks/SkyLight.framework/Versions/A/SkyLight
0x00007ff81aeea000 	/System/Library/Frameworks/CoreGraphics.framework/Versions/A/CoreGraphics
0x00007ff826e0e000 	/System/Library/Frameworks/Accelerate.framework/Versions/A/Accelerate
0x00007ff821594000 	/System/Library/PrivateFrameworks/IconServices.framework/Versions/A/IconServices
0x00007ff81e4d4000 	/System/Library/Frameworks/IOSurface.framework/Versions/A/IOSurface
0x00007ff81c563000 	/usr/lib/libDiagnosticMessagesClient.dylib
0x00007ff82a47d000 	/System/Library/Frameworks/ApplicationServices.framework/Versions/A/ApplicationServices
0x00007ff81eb7b000 	/System/Library/PrivateFrameworks/DFRFoundation.framework/Versions/A/DFRFoundation
0x00007ff817f64000 	/usr/lib/libicucore.A.dylib
0x00007ff82345e000 	/System/Library/Frameworks/AudioToolbox.framework/Versions/A/AudioToolbox
0x00007ff822745000 	/System/Library/PrivateFrameworks/DataDetectorsCore.framework/Versions/A/DataDetectorsCore
0x00007ff91e0a4000 	/System/Library/PrivateFrameworks/TextInput.framework/Versions/A/TextInput
0x00007ff81aadb000 	/usr/lib/libMobileGestalt.dylib
0x00007ff81e883000 	/System/Library/Frameworks/Carbon.framework/Versions/A/Frameworks/HIToolbox.framework/Versions/A/HIToolbox
0x00007ff81ccf9000 	/System/Library/Frameworks/QuartzCore.framework/Versions/A/QuartzCore
0x00007ff817c04000 	/System/Library/Frameworks/Security.framework/Versions/A/Security
0x00007ff8267d7000 	/System/Library/Frameworks/Carbon.framework/Versions/A/Frameworks/SpeechRecognition.framework/Versions/A/SpeechRecognition
0x00007ff81d02c000 	/System/Library/PrivateFrameworks/CoreUI.framework/Versions/A/CoreUI
0x00007ff8174dc000 	/System/Library/Frameworks/CoreAudio.framework/Versions/A/CoreAudio
0x00007ff81c651000 	/System/Library/Frameworks/DiskArbitration.framework/Versions/A/DiskArbitration
0x00007ff821f00000 	/System/Library/PrivateFrameworks/MultitouchSupport.framework/Versions/A/MultitouchSupport
0x00007ff81aada000 	/usr/lib/libenergytrace.dylib
0x00007ff81855f000 	/System/Library/Frameworks/IOKit.framework/Versions/A/IOKit
0x00007ff826bc3000 	/System/Library/Frameworks/CoreServices.framework/Versions/A/CoreServices
0x00007ff81d266000 	/System/Library/PrivateFrameworks/PerformanceAnalysis.framework/Versions/A/PerformanceAnalysis
0x00007ffa2d86f000 	/System/Library/Frameworks/OpenGL.framework/Versions/A/OpenGL
0x00007ff81fe7a000 	/System/Library/PrivateFrameworks/MobileKeyBag.framework/Versions/A/MobileKeyBag
0x00007ff81b5b6000 	/System/Library/Frameworks/ColorSync.framework/Versions/A/ColorSync
0x00007ff815c04000 	/System/Library/Frameworks/CoreFoundation.framework/Versions/A/CoreFoundation
0x00007ff81ee0c000 	/System/Library/Frameworks/CoreImage.framework/Versions/A/CoreImage
0x00007ff8172f2000 	/System/Library/Frameworks/CoreText.framework/Versions/A/CoreText
0x00007ff81ebc2000 	/System/Library/Frameworks/ImageIO.framework/Versions/A/ImageIO
0x00007ff82092f000 	/System/Library/PrivateFrameworks/SoftLinking.framework/Versions/A/SoftLinking
0x00007ff81d317000 	/usr/lib/libxml2.2.dylib
0x00007ff820bb3000 	/usr/lib/libcompression.dylib
0x00007ff82266f000 	/System/Library/PrivateFrameworks/TextureIO.framework/Versions/A/TextureIO
0x00007ff8212a6000 	/usr/lib/libate.dylib
0x00007ff821084000 	/usr/lib/liblzma.5.dylib
0x00007ff81679b000 	/System/Library/Frameworks/SystemConfiguration.framework/Versions/A/SystemConfiguration
0x00007ff82092b000 	/usr/lib/libfakelink.dylib
0x00007ff81a62d000 	/System/Library/Frameworks/CFNetwork.framework/Versions/A/CFNetwork
0x00007ff820a6a000 	/usr/lib/libarchive.2.dylib
0x00007ff81f201000 	/System/Library/PrivateFrameworks/AppleSystemInfo.framework/Versions/A/AppleSystemInfo
0x00007ff81ff75000 	/usr/lib/libbsm.0.dylib
0x00007ff819c63000 	/usr/lib/libnetwork.dylib
0x00007ff8208c4000 	/usr/lib/system/libkxld.dylib
0x00007ff81fba3000 	/System/Library/PrivateFrameworks/IOMobileFramebuffer.framework/Versions/A/IOMobileFramebuffer
0x00007ffb2b61d000 	/usr/lib/libCoreEntitlements.dylib
0x00007ff8205dd000 	/System/Library/PrivateFrameworks/AppleFSCompression.framework/Versions/A/AppleFSCompression
0x00007ff81ff5d000 	/usr/lib/libcoretls.dylib
0x00007ff82109e000 	/usr/lib/libcoretls_cfhelpers.dylib
0x00007ff820bae000 	/usr/lib/libpam.2.dylib
0x00007ff81bf9e000 	/usr/lib/libsqlite3.dylib
0x00007ff82110d000 	/usr/lib/libxar.1.dylib
0x00007ff8205ed000 	/usr/lib/libbz2.1.0.dylib
0x00007ff820930000 	/usr/lib/libpcap.A.dylib
0x00007ff81c373000 	/usr/lib/libdns_services.dylib
0x00007ff820b7d000 	/usr/lib/libapple_nghttp2.dylib
0x00007ff820967000 	/usr/lib/libiconv.2.dylib
0x00007ff8208bd000 	/usr/lib/libcharset.1.dylib
0x00007ff81d29a000 	/System/Library/Frameworks/CoreServices.framework/Versions/A/Frameworks/FSEvents.framework/Versions/A/FSEvents
0x00007ff8181f7000 	/System/Library/Frameworks/CoreServices.framework/Versions/A/Frameworks/CarbonCore.framework/Versions/A/CarbonCore
0x00007ff81c5b6000 	/System/Library/Frameworks/CoreServices.framework/Versions/A/Frameworks/Metadata.framework/Versions/A/Metadata
0x00007ff820600000 	/System/Library/Frameworks/CoreServices.framework/Versions/A/Frameworks/OSServices.framework/Versions/A/OSServices
0x00007ff820af1000 	/System/Library/Frameworks/CoreServices.framework/Versions/A/Frameworks/SearchKit.framework/Versions/A/SearchKit
0x00007ff81c305000 	/System/Library/Frameworks/CoreServices.framework/Versions/A/Frameworks/AE.framework/Versions/A/AE
0x00007ff816107000 	/System/Library/Frameworks/CoreServices.framework/Versions/A/Frameworks/LaunchServices.framework/Versions/A/LaunchServices
0x00007ff821035000 	/System/Library/Frameworks/CoreServices.framework/Versions/A/Frameworks/DictionaryServices.framework/Versions/A/DictionaryServices
0x00007ff81d2a7000 	/System/Library/Frameworks/CoreServices.framework/Versions/A/Frameworks/SharedFileList.framework/Versions/A/SharedFileList
0x00007ff81ff51000 	/usr/lib/libCheckFix.dylib
0x00007ff81ab3e000 	/System/Library/PrivateFrameworks/TCC.framework/Versions/A/TCC
0x00007ff81f207000 	/System/Library/PrivateFrameworks/CoreNLP.framework/Versions/A/CoreNLP
0x00007ff81c566000 	/System/Library/PrivateFrameworks/MetadataUtilities.framework/Versions/A/MetadataUtilities
0x00007ff81684b000 	/usr/lib/libmecabra.dylib
0x00007ff81ff85000 	/usr/lib/libmecab.dylib
0x00007ff816816000 	/usr/lib/libCRFSuite.dylib
0x00007ff81ffe2000 	/usr/lib/libgermantok.dylib
0x00007ff820b58000 	/usr/lib/libThaiTokenizer.dylib
0x00007ff81c658000 	/System/Library/Frameworks/Accelerate.framework/Versions/A/Frameworks/vImage.framework/Versions/A/vImage
0x00007ff826b9a000 	/System/Library/Frameworks/Accelerate.framework/Versions/A/Frameworks/vecLib.framework/Versions/A/vecLib
0x00007ff82114e000 	/System/Library/Frameworks/Accelerate.framework/Versions/A/Frameworks/vecLib.framework/Versions/A/libvMisc.dylib
0x00007ff81f9c1000 	/System/Library/Frameworks/Accelerate.framework/Versions/A/Frameworks/vecLib.framework/Versions/A/libvDSP.dylib
0x00007ff81647f000 	/System/Library/Frameworks/Accelerate.framework/Versions/A/Frameworks/vecLib.framework/Versions/A/libBLAS.dylib
0x00007ff820c8f000 	/System/Library/Frameworks/Accelerate.framework/Versions/A/Frameworks/vecLib.framework/Versions/A/libLAPACK.dylib
0x00007ff81ffe5000 	/System/Library/Frameworks/Accelerate.framework/Versions/A/Frameworks/vecLib.framework/Versions/A/libLinearAlgebra.dylib
0x00007ff820b96000 	/System/Library/Frameworks/Accelerate.framework/Versions/A/Frameworks/vecLib.framework/Versions/A/libSparseBLAS.dylib
0x00007ff820c89000 	/System/Library/Frameworks/Accelerate.framework/Versions/A/Frameworks/vecLib.framework/Versions/A/libQuadrature.dylib
0x00007ff81f2f1000 	/System/Library/Frameworks/Accelerate.framework/Versions/A/Frameworks/vecLib.framework/Versions/A/libBNNS.dylib
0x00007ff81672c000 	/System/Library/Frameworks/Accelerate.framework/Versions/A/Frameworks/vecLib.framework/Versions/A/libSparse.dylib
0x00007ff81f2ea000 	/System/Library/PrivateFrameworks/LinguisticData.framework/Versions/A/LinguisticData
0x00007ff8166e1000 	/System/Library/PrivateFrameworks/Lexicon.framework/Versions/A/Lexicon
0x00007ff821147000 	/usr/lib/libChineseTokenizer.dylib
0x00007ff816e45000 	/System/Library/PrivateFrameworks/LanguageModeling.framework/Versions/A/LanguageModeling
0x00007ff820b5a000 	/System/Library/PrivateFrameworks/AppleSauce.framework/Versions/A/AppleSauce
0x00007ff81fb91000 	/System/Library/PrivateFrameworks/CoreEmoji.framework/Versions/A/CoreEmoji
0x00007ff820a59000 	/usr/lib/libcmph.dylib
0x00007ff81d27e000 	/System/Library/Frameworks/OpenDirectory.framework/Versions/A/Frameworks/CFOpenDirectory.framework/Versions/A/CFOpenDirectory
0x00007ff81d272000 	/System/Library/Frameworks/OpenDirectory.framework/Versions/A/OpenDirectory
0x00007ff8210a0000 	/System/Library/PrivateFrameworks/APFS.framework/Versions/A/APFS
0x00007ff81feb2000 	/System/Library/Frameworks/SecurityFoundation.framework/Versions/A/SecurityFoundation
0x00007ff82111b000 	/usr/lib/libutil.dylib
0x00007ff818522000 	/System/Library/PrivateFrameworks/CoreServicesStore.framework/Versions/A/CoreServicesStore
0x00007ff82111f000 	/usr/lib/libxslt.1.dylib
0x00007ff81ff3f000 	/System/Library/PrivateFrameworks/BackgroundTaskManagement.framework/Versions/A/BackgroundTaskManagement
0x00007ff82258f000 	/System/Library/Frameworks/ImageIO.framework/Versions/A/Resources/libRadiance.dylib
0x00007ff822598000 	/System/Library/Frameworks/ImageIO.framework/Versions/A/Resources/libJPEG.dylib
0x00007ff8224e8000 	/System/Library/Frameworks/ImageIO.framework/Versions/A/Resources/libPng.dylib
0x00007ff822509000 	/System/Library/Frameworks/ImageIO.framework/Versions/A/Resources/libTIFF.dylib
0x00007ff8225f8000 	/System/Library/Frameworks/ImageIO.framework/Versions/A/Resources/libGIF.dylib
0x00007ff821e19000 	/System/Library/Frameworks/ImageIO.framework/Versions/A/Resources/libJP2.dylib
0x00007ff82155b000 	/usr/lib/libexpat.1.dylib
0x00007ff821dce000 	/System/Library/PrivateFrameworks/AppleJPEG.framework/Versions/A/AppleJPEG
0x00007ff81e74a000 	/System/Library/PrivateFrameworks/FontServices.framework/libFontParser.dylib
0x00007ff81c2af000 	/System/Library/PrivateFrameworks/RunningBoardServices.framework/Versions/A/RunningBoardServices
0x00007ff82cd68000 	/System/Library/PrivateFrameworks/IOSurfaceAccelerator.framework/Versions/A/IOSurfaceAccelerator
0x00007ff821efc000 	/System/Library/PrivateFrameworks/WatchdogClient.framework/Versions/A/WatchdogClient
0x00007ff816f34000 	/System/Library/Frameworks/CoreDisplay.framework/Versions/A/CoreDisplay
0x00007ff81e649000 	/System/Library/Frameworks/CoreMedia.framework/Versions/A/CoreMedia
0x00007ff81e4e6000 	/System/Library/PrivateFrameworks/IOAccelerator.framework/Versions/A/IOAccelerator
0x00007ff81d3fa000 	/System/Library/Frameworks/CoreVideo.framework/Versions/A/CoreVideo
0x00007ff820bac000 	/System/Library/Frameworks/MetalPerformanceShaders.framework/Versions/A/MetalPerformanceShaders
0x00007ff821f37000 	/System/Library/Frameworks/VideoToolbox.framework/Versions/A/VideoToolbox
0x00007ff81c1f7000 	/System/Library/PrivateFrameworks/BaseBoard.framework/Versions/A/BaseBoard
0x00007ff81bf84000 	/System/Library/PrivateFrameworks/ProtocolBuffer.framework/Versions/A/ProtocolBuffer
0x00007ff822588000 	/System/Library/PrivateFrameworks/GPUWrangler.framework/Versions/A/GPUWrangler
0x00007ff82256b000 	/System/Library/PrivateFrameworks/IOPresentment.framework/Versions/A/IOPresentment
0x00007ff822592000 	/System/Library/PrivateFrameworks/DSExternalDisplay.framework/Versions/A/DSExternalDisplay
0x00007ffa2d863000 	/System/Library/Frameworks/OpenGL.framework/Versions/A/Libraries/libCoreFSCache.dylib
0x00007ffb19907000 	/System/Library/PrivateFrameworks/GPUCompiler.framework/Versions/31001/Libraries/libGPUCompilerUtils.dylib
0x00007ff8225fd000 	/System/Library/PrivateFrameworks/CMCaptureCore.framework/Versions/A/CMCaptureCore
0x00007ff821b07000 	/System/Library/PrivateFrameworks/AppServerSupport.framework/Versions/A/AppServerSupport
0x00007ff823ce4000 	/System/Library/PrivateFrameworks/perfdata.framework/Versions/A/perfdata
0x00007ff817060000 	/System/Library/PrivateFrameworks/AudioToolboxCore.framework/Versions/A/AudioToolboxCore
0x00007ff81e626000 	/System/Library/PrivateFrameworks/caulk.framework/Versions/A/caulk
0x00007ff823608000 	/usr/lib/libAudioStatistics.dylib
0x00007ff91a935000 	/System/Library/PrivateFrameworks/SystemPolicy.framework/Versions/A/SystemPolicy
0x00007ff82385d000 	/usr/lib/libSMC.dylib
0x00007ff82c6a1000 	/System/Library/Frameworks/CoreMIDI.framework/Versions/A/CoreMIDI
0x00007ff8224b8000 	/usr/lib/libAudioToolboxUtility.dylib
0x00007ff916d47000 	/System/Library/PrivateFrameworks/OSAServicesClient.framework/Versions/A/OSAServicesClient
0x00007ff823cf1000 	/usr/lib/libperfcheck.dylib
0x00007ff91b3c7000 	/usr/lib/libmis.dylib
0x00007ffa2d8bf000 	/System/Library/Frameworks/OpenGL.framework/Versions/A/Libraries/libGLU.dylib
0x00007ffa2d882000 	/System/Library/Frameworks/OpenGL.framework/Versions/A/Libraries/libGFXShared.dylib
0x00007ffa2da90000 	/System/Library/Frameworks/OpenGL.framework/Versions/A/Libraries/libGL.dylib
0x00007ffa2d88b000 	/System/Library/Frameworks/OpenGL.framework/Versions/A/Libraries/libGLImage.dylib
0x00007ffa2d87f000 	/System/Library/Frameworks/OpenGL.framework/Versions/A/Libraries/libCVMSPluginSupport.dylib
0x00007ffa2d86a000 	/System/Library/Frameworks/OpenGL.framework/Versions/A/Libraries/libCoreVMClient.dylib
0x00007ff81f185000 	/System/Library/Frameworks/MetalPerformanceShaders.framework/Versions/A/Frameworks/MPSCore.framework/Versions/A/MPSCore
0x00007ff820548000 	/System/Library/Frameworks/MetalPerformanceShaders.framework/Versions/A/Frameworks/MPSImage.framework/Versions/A/MPSImage
0x00007ff81fffb000 	/System/Library/Frameworks/MetalPerformanceShaders.framework/Versions/A/Frameworks/MPSNeuralNetwork.framework/Versions/A/MPSNeuralNetwork
0x00007ff820470000 	/System/Library/Frameworks/MetalPerformanceShaders.framework/Versions/A/Frameworks/MPSMatrix.framework/Versions/A/MPSMatrix
0x00007ff82022c000 	/System/Library/Frameworks/MetalPerformanceShaders.framework/Versions/A/Frameworks/MPSRayIntersector.framework/Versions/A/MPSRayIntersector
0x00007ff8204a9000 	/System/Library/Frameworks/MetalPerformanceShaders.framework/Versions/A/Frameworks/MPSNDArray.framework/Versions/A/MPSNDArray
0x00007ffa32481000 	/System/Library/Frameworks/MetalPerformanceShaders.framework/Versions/A/Frameworks/MPSFunctions.framework/Versions/A/MPSFunctions
0x00007ff816362000 	/System/Library/PrivateFrameworks/MetalTools.framework/Versions/A/MetalTools
0x00007ff81f1ff000 	/System/Library/PrivateFrameworks/AggregateDictionary.framework/Versions/A/AggregateDictionary
0x00007ff82133d000 	/usr/lib/libIOReport.dylib
0x00007ffa2ee9f000 	/System/Library/Frameworks/OpenCL.framework/Versions/A/OpenCL
0x00007ff8216a1000 	/System/Library/PrivateFrameworks/FaceCore.framework/Versions/A/FaceCore
0x00007ff821692000 	/System/Library/PrivateFrameworks/GraphVisualizer.framework/Versions/A/GraphVisualizer
0x00007ffb19812000 	/System/Library/PrivateFrameworks/FontServices.framework/Versions/A/FontServices
0x00007ff821abe000 	/System/Library/PrivateFrameworks/OTSVG.framework/Versions/A/OTSVG
0x00007ff81cfe2000 	/System/Library/Frameworks/ApplicationServices.framework/Versions/A/Frameworks/ATS.framework/Versions/A/Resources/libFontRegistry.dylib
0x00007ff821b0f000 	/System/Library/PrivateFrameworks/FontServices.framework/libhvf.dylib
0x00007ffb19813000 	/System/Library/PrivateFrameworks/FontServices.framework/libXTFontStaticRegistryData.dylib
0x00007ff82150b000 	/System/Library/PrivateFrameworks/AppleVA.framework/Versions/A/AppleVA
0x00007ff82362c000 	/System/Library/Frameworks/ApplicationServices.framework/Versions/A/Frameworks/ATS.framework/Versions/A/ATS
0x00007ff81b6b2000 	/System/Library/Frameworks/ApplicationServices.framework/Versions/A/Frameworks/HIServices.framework/Versions/A/HIServices
0x00007ff822607000 	/System/Library/Frameworks/ApplicationServices.framework/Versions/A/Frameworks/PrintCore.framework/Versions/A/PrintCore
0x00007ff8239b0000 	/System/Library/Frameworks/ApplicationServices.framework/Versions/A/Frameworks/QD.framework/Versions/A/QD
0x00007ff8239a8000 	/System/Library/Frameworks/ApplicationServices.framework/Versions/A/Frameworks/ColorSyncLegacy.framework/Versions/A/ColorSyncLegacy
0x00007ff82361c000 	/System/Library/Frameworks/ApplicationServices.framework/Versions/A/Frameworks/SpeechSynthesis.framework/Versions/A/SpeechSynthesis
0x00007ff8225c8000 	/System/Library/Frameworks/ApplicationServices.framework/Versions/A/Frameworks/ATSUI.framework/Versions/A/ATSUI
0x00007ff82393d000 	/usr/lib/libcups.2.dylib
0x00007ff823d00000 	/System/Library/Frameworks/Kerberos.framework/Versions/A/Kerberos
0x00007ff823d0f000 	/System/Library/Frameworks/GSS.framework/Versions/A/GSS
0x00007ff823698000 	/usr/lib/libresolv.9.dylib
0x00007ff821b1e000 	/System/Library/PrivateFrameworks/Heimdal.framework/Versions/A/Heimdal
0x00007ff82a7f8000 	/System/Library/Frameworks/Kerberos.framework/Versions/A/Libraries/libHeimdalProxy.dylib
0x00007ff81c384000 	/System/Library/Frameworks/Network.framework/Versions/A/Network
0x00007ff821575000 	/usr/lib/libheimdal-asn1.dylib
0x00007ff823d5b000 	/System/Library/PrivateFrameworks/CommonAuth.framework/Versions/A/CommonAuth
0x00007ff823599000 	/System/Library/PrivateFrameworks/AudioSession.framework/Versions/A/AudioSession
0x00007ff821605000 	/System/Library/PrivateFrameworks/MediaExperience.framework/Versions/A/MediaExperience
0x00007ff82342d000 	/System/Library/PrivateFrameworks/AudioSession.framework/libSessionUtility.dylib
0x00007ff8239bc000 	/System/Library/PrivateFrameworks/AudioResourceArbitration.framework/Versions/A/AudioResourceArbitration
0x00007ff8279ad000 	/System/Library/PrivateFrameworks/PowerLog.framework/Versions/A/PowerLog
0x00007ff82157e000 	/System/Library/PrivateFrameworks/IconFoundation.framework/Versions/A/IconFoundation
0x00007ff8267c7000 	/System/Library/PrivateFrameworks/SpeechRecognitionCore.framework/Versions/A/SpeechRecognitionCore
0x000000010947d000 	/Library/Java/JavaVirtualMachines/jdk-17.0.1.jdk/Contents/Home/lib/server/libjvm.dylib
0x0000000108487000 	/Library/Java/JavaVirtualMachines/jdk-17.0.1.jdk/Contents/Home/lib/libjimage.dylib
0x0000000108504000 	/Library/Java/JavaVirtualMachines/jdk-17.0.1.jdk/Contents/Home/lib/libjava.dylib
0x0000000109368000 	/Library/Java/JavaVirtualMachines/jdk-17.0.1.jdk/Contents/Home/lib/libnio.dylib
0x00000001093a1000 	/Library/Java/JavaVirtualMachines/jdk-17.0.1.jdk/Contents/Home/lib/libnet.dylib
0x0000000109383000 	/Library/Java/JavaVirtualMachines/jdk-17.0.1.jdk/Contents/Home/lib/libzip.dylib
0x00000001093bf000 	/Users/parthsharma/.openjfx/cache/17.0.1/libprism_es2.dylib
0x00007ff8184e3000 	/System/Library/PrivateFrameworks/CoreServicesInternal.framework/Versions/A/CoreServicesInternal
0x00007ffa2da9b000 	/System/Library/Frameworks/OpenGL.framework/Versions/A/Resources/GLEngine.bundle/GLEngine
0x00007ffa2d8fd000 	/System/Library/Frameworks/OpenGL.framework/Versions/A/Libraries/libGLProgrammability.dylib
0x00007ffa255d1000 	/System/Library/Extensions/AppleIntelBDWGraphicsGLDriver.bundle/Contents/MacOS/AppleIntelBDWGraphicsGLDriver
0x00007ff925290000 	/System/Library/PrivateFrameworks/GPUSupport.framework/Versions/A/Libraries/libGPUSupportMercury.dylib
0x00007ffa2dc2a000 	/System/Library/Frameworks/OpenGL.framework/Versions/A/Resources/GLRendererFloat.bundle/GLRendererFloat
0x000000010d121000 	/Users/parthsharma/.openjfx/cache/17.0.1/libglass.dylib
0x00007ff827f9e000 	/System/Library/Frameworks/FileProvider.framework/Versions/A/FileProvider
0x00007ff81c163000 	/System/Library/Frameworks/Accounts.framework/Versions/A/Accounts
0x00007ff828115000 	/System/Library/PrivateFrameworks/GenerationalStorage.framework/Versions/A/GenerationalStorage
0x00007ff828c27000 	/System/Library/PrivateFrameworks/CoreSymbolication.framework/Versions/A/CoreSymbolication
0x00007ff8279a2000 	/System/Library/PrivateFrameworks/SymptomDiagnosticReporter.framework/Versions/A/SymptomDiagnosticReporter
0x00007ff8197a4000 	/System/Library/PrivateFrameworks/DesktopServicesPriv.framework/Versions/A/DesktopServicesPriv
0x00007ff818624000 	/usr/lib/libsandbox.1.dylib
0x00007ff81d479000 	/System/Library/PrivateFrameworks/UserManagement.framework/Versions/A/UserManagement
0x00007ff828bec000 	/System/Library/PrivateFrameworks/DebugSymbols.framework/Versions/A/DebugSymbols
0x00007ff82399d000 	/System/Library/PrivateFrameworks/NetAuth.framework/Versions/A/NetAuth
0x00007ff82488b000 	/System/Library/PrivateFrameworks/Sharing.framework/Versions/A/Sharing
0x00007ff81d44c000 	/System/Library/PrivateFrameworks/login.framework/Versions/A/Frameworks/loginsupport.framework/Versions/A/loginsupport
0x00007ff829d2c000 	/System/Library/PrivateFrameworks/Apple80211.framework/Versions/A/Apple80211
0x00007ff82062d000 	/System/Library/PrivateFrameworks/AuthKit.framework/Versions/A/AuthKit
0x00007ff81fc87000 	/System/Library/PrivateFrameworks/CoreUtils.framework/Versions/A/CoreUtils
0x00007ff81fbae000 	/System/Library/Frameworks/CoreWLAN.framework/Versions/A/CoreWLAN
0x00007ff8249e6000 	/System/Library/Frameworks/IOBluetooth.framework/Versions/A/IOBluetooth
0x00007ff829d94000 	/System/Library/PrivateFrameworks/CoreWiFi.framework/Versions/A/CoreWiFi
0x00007ff8287c1000 	/System/Library/PrivateFrameworks/FrontBoardServices.framework/Versions/A/FrontBoardServices
0x00007ff828853000 	/System/Library/PrivateFrameworks/BoardServices.framework/Versions/A/BoardServices
0x00007ff81fea1000 	/System/Library/PrivateFrameworks/AssertionServices.framework/Versions/A/AssertionServices
0x00007ff829f18000 	/System/Library/PrivateFrameworks/BackBoardServices.framework/Versions/A/BackBoardServices
0x00007ff823dea000 	/System/Library/PrivateFrameworks/CorePhoneNumbers.framework/Versions/A/CorePhoneNumbers
0x00007ff827abf000 	/System/Library/PrivateFrameworks/DiskManagement.framework/Versions/A/DiskManagement
0x00007ff8279d3000 	/System/Library/PrivateFrameworks/AppleIDAuthSupport.framework/Versions/A/AppleIDAuthSupport
0x00007ffa34417000 	/System/Library/PrivateFrameworks/AAAFoundation.framework/Versions/A/AAAFoundation
0x00007ff823dcb000 	/System/Library/PrivateFrameworks/KeychainCircle.framework/Versions/A/KeychainCircle
0x00007ff827a8b000 	/System/Library/PrivateFrameworks/MediaKit.framework/Versions/A/MediaKit
0x00007ff8279df000 	/System/Library/Frameworks/DiscRecording.framework/Versions/A/DiscRecording
0x00007ff821483000 	/usr/lib/libCoreStorage.dylib
0x00007ff82a207000 	/usr/lib/libcsfde.dylib
0x00007ff824ab3000 	/System/Library/PrivateFrameworks/ProtectedCloudStorage.framework/Versions/A/ProtectedCloudStorage
0x00007ff82a203000 	/System/Library/PrivateFrameworks/EFILogin.framework/Versions/A/EFILogin
0x00007ff82813b000 	/System/Library/PrivateFrameworks/OctagonTrust.framework/Versions/A/OctagonTrust
0x00007ffb18b34000 	/System/Library/PrivateFrameworks/CoreUtilsExtras.framework/Versions/A/CoreUtilsExtras
0x00007ff827915000 	/System/Library/Frameworks/CoreBluetooth.framework/Versions/A/CoreBluetooth
0x00007ff82a87d000 	/System/Library/Frameworks/AudioUnit.framework/Versions/A/AudioUnit
0x00007ff82147b000 	/usr/lib/libMatch.1.dylib
0x00007ff91f816000 	/System/Library/Frameworks/Accelerate.framework/Versions/A/Frameworks/vImage.framework/Versions/A/Libraries/libCGInterfaces.dylib
0x000000012acdf000 	/usr/lib/libobjc-trampolines.dylib
0x00007ff81d172000 	/System/Library/PrivateFrameworks/ViewBridge.framework/Versions/A/ViewBridge
0x000000012df64000 	/Users/parthsharma/.openjfx/cache/17.0.1/libjavafx_font.dylib
0x00007ff821bd8000 	/System/Library/PrivateFrameworks/login.framework/Versions/A/login
0x000000013303a000 	/Users/parthsharma/.openjfx/cache/17.0.1/libjavafx_iio.dylib
0x000000012dfda000 	/Library/Java/JavaVirtualMachines/jdk-17.0.1.jdk/Contents/Home/lib/libprefs.dylib
0x00007ffb2b72b000 	/usr/lib/libRosetta.dylib
0x00007ff826e92000 	/System/Library/PrivateFrameworks/SystemAdministration.framework/Versions/A/SystemAdministration
0x00007ff82282f000 	/System/Library/Frameworks/MediaToolbox.framework/Versions/A/MediaToolbox
0x00007ff826793000 	/System/Library/Frameworks/DirectoryService.framework/Versions/A/DirectoryService
0x00007ff82a0a5000 	/System/Library/PrivateFrameworks/DiskImages.framework/Versions/A/DiskImages
0x00007ff81ff49000 	/System/Library/Frameworks/ServiceManagement.framework/Versions/A/ServiceManagement
0x00007ff82a27f000 	/System/Library/PrivateFrameworks/LoginUIKit.framework/Versions/A/Frameworks/LoginUICore.framework/Versions/A/LoginUICore
0x00007ff821d86000 	/usr/lib/libodfde.dylib
0x00007ff827f6e000 	/System/Library/PrivateFrameworks/CoreAVCHD.framework/Versions/A/CoreAVCHD
0x00007ff826e56000 	/System/Library/Frameworks/MediaAccessibility.framework/Versions/A/MediaAccessibility
0x00007ff827f6a000 	/System/Library/PrivateFrameworks/Mangrove.framework/Versions/A/Mangrove
0x00007ff826e61000 	/System/Library/PrivateFrameworks/AlgosScoreFramework.framework/Versions/A/AlgosScoreFramework
0x00007ffb15f80000 	/System/Library/PrivateFrameworks/CMPhoto.framework/Versions/A/CMPhoto
0x00007ff828ac2000 	/System/Library/PrivateFrameworks/AppleVPA.framework/Versions/A/AppleVPA
0x00007ff827baf000 	/System/Library/PrivateFrameworks/CoreAUC.framework/Versions/A/CoreAUC
0x00007ff82a213000 	/usr/lib/libcurl.4.dylib
0x00007ff829f70000 	/usr/lib/libcrypto.44.dylib
0x00007ff82a078000 	/usr/lib/libssl.46.dylib
0x00007ff829f36000 	/System/Library/Frameworks/LDAP.framework/Versions/A/LDAP
0x00007ff829f6e000 	/System/Library/PrivateFrameworks/TrustEvaluationAgent.framework/Versions/A/TrustEvaluationAgent
0x00007ff8236b1000 	/usr/lib/libsasl2.2.dylib
0x00007ff826e86000 	/System/Library/PrivateFrameworks/CoreDaemon.framework/Versions/B/CoreDaemon
0x00007ff826e81000 	/System/Library/PrivateFrameworks/AppleSRP.framework/Versions/A/AppleSRP
0x00007ff921f65000 	/System/Library/CoreServices/RawCamera.bundle/Contents/MacOS/RawCamera
0x00007ff823d6b000 	/System/Library/PrivateFrameworks/MobileAsset.framework/Versions/A/MobileAsset
0x00007ff82a8a4000 	/System/Library/PrivateFrameworks/StreamingZip.framework/Versions/A/StreamingZip
0x00000001334b8000 	/Library/Java/JavaVirtualMachines/jdk-17.0.1.jdk/Contents/Home/lib/libverify.dylib
0x00000001334ce000 	/Library/Java/JavaVirtualMachines/jdk-17.0.1.jdk/Contents/Home/lib/libextnet.dylib
0x00000001376a5000 	/Library/Java/JavaVirtualMachines/jdk-17.0.1.jdk/Contents/Home/lib/libawt.dylib
0x0000000137764000 	/Library/Java/JavaVirtualMachines/jdk-17.0.1.jdk/Contents/Home/lib/libmlib_image.dylib
0x00007ffa323ef000 	/System/Library/Frameworks/JavaRuntimeSupport.framework/Versions/A/JavaRuntimeSupport
0x00007ff91a47e000 	/System/Library/Frameworks/Carbon.framework/Versions/A/Carbon
0x00007ff82e0bf000 	/System/Library/Frameworks/Carbon.framework/Versions/A/Frameworks/CommonPanels.framework/Versions/A/CommonPanels
0x00007ff82a1ff000 	/System/Library/Frameworks/Carbon.framework/Versions/A/Frameworks/Help.framework/Versions/A/Help
0x00007ff82e0c3000 	/System/Library/Frameworks/Carbon.framework/Versions/A/Frameworks/ImageCapture.framework/Versions/A/ImageCapture
0x00007ff82e093000 	/System/Library/Frameworks/Carbon.framework/Versions/A/Frameworks/OpenScripting.framework/Versions/A/OpenScripting
0x00007ff82e0bb000 	/System/Library/Frameworks/Carbon.framework/Versions/A/Frameworks/Ink.framework/Versions/A/Ink
0x00007ff91a47a000 	/System/Library/Frameworks/Carbon.framework/Versions/A/Frameworks/Print.framework/Versions/A/Print
0x00007ff82e0b7000 	/System/Library/Frameworks/Carbon.framework/Versions/A/Frameworks/SecurityHI.framework/Versions/A/SecurityHI
0x0000000138111000 	/Library/Java/JavaVirtualMachines/jdk-17.0.1.jdk/Contents/Home/lib/libawt_lwawt.dylib
0x0000000137606000 	/Library/Java/JavaVirtualMachines/jdk-17.0.1.jdk/Contents/Home/lib/libosxapp.dylib
0x00007ff9198bb000 	/System/Library/Frameworks/ExceptionHandling.framework/Versions/A/ExceptionHandling
0x00000001383b4000 	/Library/Java/JavaVirtualMachines/jdk-17.0.1.jdk/Contents/Home/lib/libfontmanager.dylib
0x0000000138226000 	/Library/Java/JavaVirtualMachines/jdk-17.0.1.jdk/Contents/Home/lib/libfreetype.dylib
0x000000013838d000 	/Library/Java/JavaVirtualMachines/jdk-17.0.1.jdk/Contents/Home/lib/libosxui.dylib


VM Arguments:
jvm_args: --add-modules=javafx.controls,javafx.fxml --module-path=/Users/parthsharma/.gradle/caches/modules-2/files-2.1/org.openjfx/javafx-fxml/17.0.1/4ec9abf3948b347b5ce0e09813add3f25a6dbc0b/javafx-fxml-17.0.1-mac.jar:/Users/parthsharma/.gradle/caches/modules-2/files-2.1/org.openjfx/javafx-controls/17.0.1/9c4e3c7ee4fe3f2d71cb94811910695f43040dc5/javafx-controls-17.0.1-mac.jar:/Users/parthsharma/.gradle/caches/modules-2/files-2.1/org.openjfx/javafx-graphics/17.0.1/60505369f7528056d4d8c5ea080df5447bdb0264/javafx-graphics-17.0.1-mac.jar:/Users/parthsharma/.gradle/caches/modules-2/files-2.1/org.openjfx/javafx-base/17.0.1/75cfa6f780ea3b3fd4ae336161e9e136ebb91ef2/javafx-base-17.0.1-mac.jar -Dfile.encoding=UTF-8 -Duser.country=CA -Duser.language=en -Duser.variant -ea 
java_command: GUI.MainApp
java_class_path (initial): /Users/parthsharma/git/TAB2XML/build/classes/java/main:/Users/parthsharma/git/TAB2XML/build/resources/main:/Users/parthsharma/.gradle/caches/modules-2/files-2.1/org.fxmisc.richtext/richtextfx/0.10.5/df9f31a099aa066c63b231f4bbb3826cd892b35c/richtextfx-0.10.5.jar:/Users/parthsharma/.gradle/caches/modules-2/files-2.1/org.apache.commons/commons-csv/1.8/37ca9a9aa2d4be2599e55506a6d3170dd7a3df4/commons-csv-1.8.jar:/Users/parthsharma/.gradle/caches/modules-2/files-2.1/com.fasterxml.jackson.module/jackson-module-jaxb-annotations/2.12.5/2b389d7206327e54ae31f709ab75a4a3f33e148/jackson-module-jaxb-annotations-2.12.5.jar:/Users/parthsharma/.gradle/caches/modules-2/files-2.1/com.fasterxml.jackson.core/jackson-databind/2.12.5/b064cf057f23d3d35390328c5030847efeffedde/jackson-databind-2.12.5.jar:/Users/parthsharma/.gradle/caches/modules-2/files-2.1/com.fasterxml.jackson.core/jackson-core/2.12.5/725e364cc71b80e60fa450bd06d75cdea7fb2d59/jackson-core-2.12.5.jar:/Users/parthsharma/.gradle/caches/modules-2/files-2.1/com.fasterxml.jackson.core/jackson-annotations/2.12.5/52d929d5bb21d0186fe24c09624cc3ee4bafc3b3/jackson-annotations-2.12.5.jar:/Users/parthsharma/.gradle/caches/modules-2/files-2.1/com.fasterxml.jackson.dataformat/jackson-dataformat-xml/2.12.5/4b872e5a9f7e6644c2dd8d7358ed9fad714d7c90/jackson-dataformat-xml-2.12.5.jar:/Users/parthsharma/.gradle/caches/modules-2/files-2.1/com.github.JensPiegsa/jfugue/5.0.9/54f26f3865c8c45368e6728f0ad840f829f17d94/jfugue-5.0.9.jar:/Users/parthsharma/.gradle/caches/modules-2/files-2.1/com.sun.xml.bind/jaxb-core/2.3.0.1/23574ca124d0a694721ce3ef13cd720095f18fdd/jaxb-core-2.3.0.1.jar:/Users/parthsharma/.gradle/caches/modules-2/files-2.1/javax.xml.bind/jaxb-api/2.3.1/8531ad5ac454cc2deb9d4d32c40c4d7451939b5d/jaxb-api-2.3.1.jar:/Users/parthsharma/.gradle/caches/modules-2/files-2.1/com.sun.xml.bind/jaxb-impl/2.3.1/a1a12b85ba1435b4189e065f7dafcc3fb9410d38/jaxb-impl-2.3.1.jar:/Users/parthsharma/.gradle/caches/modules-2/files-2.
Launcher Type: SUN_STANDARD

[Global flags]
     intx CICompilerCount                          = 3                                         {product} {ergonomic}
     uint ConcGCThreads                            = 1                                         {product} {ergonomic}
     uint G1ConcRefinementThreads                  = 4                                         {product} {ergonomic}
   size_t G1HeapRegionSize                         = 1048576                                   {product} {ergonomic}
    uintx GCDrainStackTargetSize                   = 64                                        {product} {ergonomic}
   size_t InitialHeapSize                          = 134217728                                 {product} {ergonomic}
   size_t MarkStackSize                            = 4194304                                   {product} {ergonomic}
   size_t MaxHeapSize                              = 2147483648                                {product} {ergonomic}
   size_t MaxNewSize                               = 1287651328                                {product} {ergonomic}
   size_t MinHeapDeltaBytes                        = 1048576                                   {product} {ergonomic}
   size_t MinHeapSize                              = 8388608                                   {product} {ergonomic}
    uintx NonNMethodCodeHeapSize                   = 5832780                                {pd product} {ergonomic}
    uintx NonProfiledCodeHeapSize                  = 122912730                              {pd product} {ergonomic}
    uintx ProfiledCodeHeapSize                     = 122912730                              {pd product} {ergonomic}
    uintx ReservedCodeCacheSize                    = 251658240                              {pd product} {ergonomic}
     bool SegmentedCodeCache                       = true                                      {product} {ergonomic}
   size_t SoftMaxHeapSize                          = 2147483648                             {manageable} {ergonomic}
     bool UseCompressedClassPointers               = true                           {product lp64_product} {ergonomic}
     bool UseCompressedOops                        = true                           {product lp64_product} {ergonomic}
     bool UseG1GC                                  = true                                      {product} {ergonomic}
     bool UseNUMA                                  = false                                     {product} {ergonomic}
     bool UseNUMAInterleaving                      = false                                     {product} {ergonomic}

Logging:
Log output configuration:
 #0: stdout all=warning uptime,level,tags
 #1: stderr all=off uptime,level,tags

Environment Variables:
PATH=/usr/bin:/bin:/usr/sbin:/sbin
SHELL=/bin/bash

Signal Handlers:
   SIGSEGV: _ZL13crash_handleriP9__siginfoPv in libjvm.dylib, mask=11100110000111110111111111111111, flags=SA_RESTART|SA_SIGINFO
    SIGBUS: _ZL13crash_handleriP9__siginfoPv in libjvm.dylib, mask=11100110000111110111111111111111, flags=SA_RESTART|SA_SIGINFO
    SIGFPE: _ZL13crash_handleriP9__siginfoPv in libjvm.dylib, mask=11100110000111110111111111111111, flags=SA_RESTART|SA_SIGINFO
   SIGPIPE: _ZL17javaSignalHandleriP9__siginfoPv in libjvm.dylib, mask=11100110000111110111111111111111, flags=SA_RESTART|SA_SIGINFO
   SIGXFSZ: _ZL17javaSignalHandleriP9__siginfoPv in libjvm.dylib, mask=11100110000111110111111111111111, flags=SA_RESTART|SA_SIGINFO
    SIGILL: _ZL13crash_handleriP9__siginfoPv in libjvm.dylib, mask=11100110000111110111111111111111, flags=SA_RESTART|SA_SIGINFO
   SIGUSR2: _ZL10SR_handleriP9__siginfoP17__darwin_ucontext in libjvm.dylib, mask=00100000000000000000000000000000, flags=SA_RESTART|SA_SIGINFO
    SIGHUP: _ZL11UserHandleriPvS_ in libjvm.dylib, mask=11100110000111110111111111111111, flags=SA_RESTART|SA_SIGINFO
    SIGINT: _ZL11UserHandleriPvS_ in libjvm.dylib, mask=11100110000111110111111111111111, flags=SA_RESTART|SA_SIGINFO
   SIGTERM: _ZL11UserHandleriPvS_ in libjvm.dylib, mask=11100110000111110111111111111111, flags=SA_RESTART|SA_SIGINFO
   SIGQUIT: _ZL11UserHandleriPvS_ in libjvm.dylib, mask=11100110000111110111111111111111, flags=SA_RESTART|SA_SIGINFO
   SIGTRAP: _ZL13crash_handleriP9__siginfoPv in libjvm.dylib, mask=11100110000111110111111111111111, flags=SA_RESTART|SA_SIGINFO


---------------  S Y S T E M  ---------------

OS:
uname: Darwin 21.2.0 Darwin Kernel Version 21.2.0: Sun Nov 28 20:28:54 PST 2021; root:xnu-8019.61.5~1/RELEASE_X86_64 x86_64
OS uptime: 2 days 0:00 hours
rlimit (soft/hard): STACK 8192k/65532k , CORE 0k/infinity , NPROC 1392/2088 , NOFILE 10240/infinity , AS infinity/infinity , CPU infinity/infinity , DATA infinity/infinity , FSIZE infinity/infinity , MEMLOCK infinity/infinity , RSS infinity/infinity
load average: 45.77 31.23 24.35

CPU: total 4 (initial active 4) (2 cores per cpu, 2 threads per core) family 6 model 61 stepping 4 microcode 0x2f, cx8, cmov, fxsr, ht, mmx, 3dnowpref, sse, sse2, sse3, ssse3, sse4.1, sse4.2, popcnt, lzcnt, tsc, tscinvbit, avx, avx2, aes, erms, clmul, bmi1, bmi2, rtm, adx, fma, vzeroupper, clflush

Memory: 4k page, physical 8388608k(324036k free), swap 4194304k(842496k free)

vm_info: Java HotSpot(TM) 64-Bit Server VM (17.0.1+12-LTS-39) for bsd-amd64 JRE (17.0.1+12-LTS-39), built on Sep 27 2021 17:40:18 by "mach5one" with clang Apple LLVM 12.0.0 (clang-1200.0.32.29)

END.
