#
# A fatal error has been detected by the Java Runtime Environment:
#
#  SIGSEGV (0xb) at pc=0x000000010b266a80, pid=15994, tid=259
#
# JRE version: Java(TM) SE Runtime Environment (17.0.1+12) (build 17.0.1+12-LTS-39)
# Java VM: Java HotSpot(TM) 64-Bit Server VM (17.0.1+12-LTS-39, mixed mode, sharing, tiered, compressed oops, compressed class ptrs, g1 gc, bsd-amd64)
# Problematic frame:
# V  [libjvm.dylib+0x9aaa80]  _ZN16SystemDictionary30resolve_instance_class_or_nullEP6Symbol6HandleS2_P10JavaThread+0x170
#
# No core dump will be written. Core dumps have been disabled. To enable core dumping, try "ulimit -c unlimited" before starting Java again
#
# If you would like to submit a bug report, please visit:
#   https://bugreport.java.com/bugreport/crash.jsp
#

---------------  S U M M A R Y ------------

Command Line: --add-modules=javafx.controls,javafx.fxml --module-path=/Users/parthsharma/.gradle/caches/modules-2/files-2.1/org.openjfx/javafx-fxml/17.0.1/4ec9abf3948b347b5ce0e09813add3f25a6dbc0b/javafx-fxml-17.0.1-mac.jar:/Users/parthsharma/.gradle/caches/modules-2/files-2.1/org.openjfx/javafx-controls/17.0.1/9c4e3c7ee4fe3f2d71cb94811910695f43040dc5/javafx-controls-17.0.1-mac.jar:/Users/parthsharma/.gradle/caches/modules-2/files-2.1/org.openjfx/javafx-graphics/17.0.1/60505369f7528056d4d8c5ea080df5447bdb0264/javafx-graphics-17.0.1-mac.jar:/Users/parthsharma/.gradle/caches/modules-2/files-2.1/org.openjfx/javafx-base/17.0.1/75cfa6f780ea3b3fd4ae336161e9e136ebb91ef2/javafx-base-17.0.1-mac.jar -Dfile.encoding=UTF-8 -Duser.country=CA -Duser.language=en -Duser.variant -ea GUI.MainApp

Host: "MacBookAir7,2" x86_64 1800 MHz, 4 cores, 8G, Darwin 21.2.0, macOS 12.1 (21C52)
Time: Wed Mar  2 01:07:53 2022 EST elapsed time: 1.811457 seconds (0d 0h 0m 1s)

---------------  T H R E A D  ---------------

Current thread (0x00007fa8248f4c00):  JavaThread "Thread-1" [_thread_in_vm, id=259, stack(0x00007ff7b657a000,0x00007ff7b6d7a000)]

Stack: [0x00007ff7b657a000,0x00007ff7b6d7a000],  sp=0x00007ff7b6d753c0,  free space=8172k
Native frames: (J=compiled Java code, j=interpreted, Vv=VM code, C=native code)
V  [libjvm.dylib+0x9aaa80]  _ZN16SystemDictionary30resolve_instance_class_or_nullEP6Symbol6HandleS2_P10JavaThread+0x170
V  [libjvm.dylib+0x9aa3e4]  _ZN16SystemDictionary15resolve_or_failEP6Symbol6HandleS2_bP10JavaThread+0x64
V  [libjvm.dylib+0x59b801]  JVM_FindClassFromCaller+0x231
C  [libjava.dylib+0x28c6]  Java_java_lang_Class_forName0+0x136
j  java.lang.Class.forName0(Ljava/lang/String;ZLjava/lang/ClassLoader;Ljava/lang/Class;)Ljava/lang/Class;+0 java.base@17.0.1
j  java.lang.Class.forName(Ljava/lang/String;ZLjava/lang/ClassLoader;)Ljava/lang/Class;+43 java.base@17.0.1
v  ~StubRoutines::call_stub
V  [libjvm.dylib+0x502a21]  _ZN9JavaCalls11call_helperEP9JavaValueRK12methodHandleP17JavaCallArgumentsP10JavaThread+0x2a1
V  [libjvm.dylib+0x564412]  _ZL17jni_invoke_staticP7JNIEnv_P9JavaValueP8_jobject11JNICallTypeP10_jmethodIDP18JNI_ArgumentPusherP10JavaThread+0x152
V  [libjvm.dylib+0x564d23]  jni_CallStaticObjectMethod+0x183
C  [libglass.dylib+0x27052]  +[GlassHelper ClassForName:withEnv:]+0xf2
C  [libglass.dylib+0x9651]  -[GlassApplication application:openFiles:]+0x121
C  [AppKit+0x46727f]  -[NSApplication _doOpenFile:ok:tryTemp:]+0x10b
C  [AppKit+0x2ff24]  -[NSApplication finishLaunching]+0x81b
C  [AppKit+0x2f459]  -[NSApplication run]+0xfa
C  [libglass.dylib+0xa2a5]  -[GlassApplication runLoop:]+0x795
C  [Foundation+0x80af3]  __NSThreadPerformPerform+0xb3
C  [CoreFoundation+0x808fd]  __CFRUNLOOP_IS_CALLING_OUT_TO_A_SOURCE0_PERFORM_FUNCTION__+0x11
C  [CoreFoundation+0x80865]  __CFRunLoopDoSource0+0xb4
C  [CoreFoundation+0x805e4]  __CFRunLoopDoSources0+0xf2
C  [CoreFoundation+0x7f01b]  __CFRunLoopRun+0x37d
C  [CoreFoundation+0x7e5dd]  CFRunLoopRunSpecific+0x233
C  [libjli.dylib+0x70b2]  CreateExecutionEnvironment+0x182
C  [libjli.dylib+0x2c15]  JLI_Launch+0x585
C  [java+0x3c09]  main+0x189
C  0x00000001098044fe

Java frames: (J=compiled Java code, j=interpreted, Vv=VM code)
j  java.lang.Class.forName0(Ljava/lang/String;ZLjava/lang/ClassLoader;Ljava/lang/Class;)Ljava/lang/Class;+0 java.base@17.0.1
j  java.lang.Class.forName(Ljava/lang/String;ZLjava/lang/ClassLoader;)Ljava/lang/Class;+43 java.base@17.0.1
v  ~StubRoutines::call_stub

siginfo: si_signo: 11 (SIGSEGV), si_code: 1 (SEGV_MAPERR), si_addr: 0x0000000000000056

Register to memory mapping:

RAX=0xfffffffffffffffe is an unknown value
RBX=0x00006000017bb380 points into unknown readable memory: 0x0000000000000002 | 02 00 00 00 00 00 00 00
RCX=0x000000010b4ff806: _ZN16LogTagSetMappingILN6LogTag4typeE43ELS1_46ELS1_39ELS1_0ELS1_0ELS1_0EE7_tagsetE+0x4e in /Library/Java/JavaVirtualMachines/jdk-17.0.1.jdk/Contents/Home/lib/server/libjvm.dylib at 0x000000010a8bc000
RDX=0x0000000800000000 is pointing into metadata
RSP=0x00007ff7b6d753c0 is pointing into the stack for thread: 0x00007fa8248f4c00
RBP=0x00007ff7b6d754c0 is pointing into the stack for thread: 0x00007fa8248f4c00
RSI=0x00000008000808f8 is a pointer to class: 
jdk.internal.loader.ClassLoaders$AppClassLoader {0x00000008000808f8}
 - instance size:     13
 - klass size:        104
 - access:            synchronized 
 - state:             fully_initialized
 - name:              'jdk/internal/loader/ClassLoaders$AppClassLoader'
 - super:             'jdk/internal/loader/BuiltinClassLoader'
 - sub:               
 - arrays:            NULL
 - methods:           Array<T>(0x0000000800659cc8)
 - method ordering:   Array<T>(0x0000000800659e18)
 - default_methods:   Array<T>(0x0000000000000000)
 - local interfaces:  Array<T>(0x00000008005c3850)
 - trans. interfaces: Array<T>(0x00000008005c3850)
 - constants:         constant pool [119] {0x00000008006574c8} for 'jdk/internal/loader/ClassLoaders$AppClassLoader' cache=0x0000000800080d10
 - class loader data:  loader data: 0x00006000033880a0 of 'bootstrap'
 - source file:       'ClassLoaders.java'
 - class annotations:       Array<T>(0x0000000000000000)
 - class type annotations:  Array<T>(0x0000000000000000)
 - field annotations:       Array<T>(0x0000000000000000)
 - field type annotations:  Array<T>(0x0000000000000000)
 - inner classes:     Array<T>(0x0000000800659cb0)
 - nest members:     Array<T>(0x00000008005c37e0)
 - permitted subclasses:     Array<T>(0x00000008005c37e0)
 - java mirror:       a 'java/lang/Class'{0x00000007ffe03e38} = 'jdk/internal/loader/ClassLoaders$AppClassLoader'
 - vtable length      43  (start addr: 0x0000000800080ac8)
 - itable length      2 (start addr: 0x0000000800080c20)
 - ---- static fields (0 words):
 - ---- non-static fields (23 words):
 - private 'defaultAssertionStatus' 'Z' @12 
 - private final 'parent' 'Ljava/lang/ClassLoader;' @24 
 - private final 'name' 'Ljava/lang/String;' @28 
 - private final 'unnamedModule' 'Ljava/lang/Module;' @32 
 - private final 'nameAndId' 'Ljava/lang/String;' @36 
 - private final 'parallelLockMap' 'Ljava/util/concurrent/ConcurrentHashMap;' @40 
 - private final 'package2certs' 'Ljava/util/concurrent/ConcurrentHashMap;' @44 
 - private final 'classes' 'Ljava/util/ArrayList;' @48 
 - private final 'defaultDomain' 'Ljava/security/ProtectionDomain;' @52 
 - private final 'packages' 'Ljava/util/concurrent/ConcurrentHashMap;' @56 
 - private final 'libraries' 'Ljdk/internal/loader/NativeLibraries;' @60 
 - final 'assertionLock' 'Ljava/lang/Object;' @64 
 - private 'packageAssertionStatus' 'Ljava/util/Map;' @68 
 - 'classAssertionStatus' 'Ljava/util/Map;' @72 
 - private volatile 'classLoaderValueMap' 'Ljava/util/concurrent/ConcurrentHashMap;' @76 
 - private final 'pdcache' 'Ljava/util/Map;' @80 
 - private final 'parent' 'Ljdk/internal/loader/BuiltinClassLoader;' @84 
 - private synchronized 'ucp' 'Ljdk/internal/loader/URLClassPath;' @88 
 - private final 'nameToModule' 'Ljava/util/Map;' @92 
 - private final 'moduleToReader' 'Ljava/util/Map;' @96 
 - private volatile 'resourceCache' 'Ljava/lang/ref/SoftReference;' @100 
 - non-static oop maps: 24-100 
RDI=0x0000000020011003 is an unknown value
R8 =0x0000000780000000 points into unknown readable memory: 0x0000000000000000 | 00 00 00 00 00 00 00 00
R9 =0x0000000000003000 is an unknown value
R10=0x000000000000006e is an unknown value
R11=0x0 is NULL
R12=0x0000600003d89698 points into unknown readable memory: 0x0000000787f1e608 | 08 e6 f1 87 07 00 00 00
R13=0x0 is NULL
R14=0x0000000787f1e608 is an oop: jdk.internal.loader.ClassLoaders$AppClassLoader 
{0x0000000787f1e608} - klass: 'jdk/internal/loader/ClassLoaders$AppClassLoader'
 - ---- fields (total size 13 words):
 - private 'defaultAssertionStatus' 'Z' @12  true (a)
 - private final 'parent' 'Ljava/lang/ClassLoader;' @24  a 'java/lang/Class'{0x0000000787785538} = 'com/sun/glass/ui/Screen' (f0ef0aa7)
 - private final 'name' 'Ljava/lang/String;' @28  "app"{0x00000007fff0bb20} (fffe1764)
 - private final 'unnamedModule' 'Ljava/lang/Module;' @32  a 'java/lang/Module'{0x0000000787f1e798} (f0fe3cf3)
 - private final 'nameAndId' 'Ljava/lang/String;' @36  a 'java/lang/invoke/ResolvedMethodName'{0x00000007876d6d60} (f0edadac)
 - private final 'parallelLockMap' 'Ljava/util/concurrent/ConcurrentHashMap;' @40  a 'java/util/concurrent/ConcurrentHashMap'{0x0000000787f1e7d0} (f0fe3cfa)
 - private final 'package2certs' 'Ljava/util/concurrent/ConcurrentHashMap;' @44  a 'java/util/concurrent/ConcurrentHashMap'{0x0000000787f1e820} (f0fe3d04)
 - private final 'classes' 'Ljava/util/ArrayList;' @48  a 'java/util/ArrayList'{0x0000000787f1e670} (f0fe3cce)
 - private final 'defaultDomain' 'Ljava/security/ProtectionDomain;' @52  a 'java/security/ProtectionDomain'{0x0000000787f1e688} (f0fe3cd1)
 - private final 'packages' 'Ljava/util/concurrent/ConcurrentHashMap;' @56  a 'java/util/concurrent/ConcurrentHashMap'{0x0000000787f1e6f8} (f0fe3cdf)
 - private final 'libraries' 'Ljdk/internal/loader/NativeLibraries;' @60  a 'jdk/internal/loader/NativeLibraries'{0x0000000787f1e738} (f0fe3ce7)
 - final 'assertionLock' 'Ljava/lang/Object;' @64  a 'java/lang/Object'{0x0000000787f1e810} (f0fe3d02)
 - private 'packageAssertionStatus' 'Ljava/util/Map;' @68  NULL (0)
 - 'classAssertionStatus' 'Ljava/util/Map;' @72  NULL (0)
 - private volatile 'classLoaderValueMap' 'Ljava/util/concurrent/ConcurrentHashMap;' @76  a 'java/util/concurrent/ConcurrentHashMap'{0x0000000787f1ec08} (f0fe3d81)
 - private final 'pdcache' 'Ljava/util/Map;' @80  a 'java/util/concurrent/ConcurrentHashMap'{0x0000000787f1e8c8} (f0fe3d19)
 - private final 'parent' 'Ljdk/internal/loader/BuiltinClassLoader;' @84  a 'jdk/internal/loader/ClassLoaders$PlatformClassLoader'{0x0000000787f196c8} (f0fe32d9)
 - private synchronized 'ucp' 'Ljdk/internal/loader/URLClassPath;' @88  a 'jdk/internal/loader/URLClassPath'{0x0000000787f19d20} (f0fe33a4)
 - private final 'nameToModule' 'Ljava/util/Map;' @92  a 'java/util/concurrent/ConcurrentHashMap'{0x0000000787f1e908} (f0fe3d21)
 - private final 'moduleToReader' 'Ljava/util/Map;' @96  a 'java/util/concurrent/ConcurrentHashMap'{0x0000000787f1e948} (f0fe3d29)
 - private volatile 'resourceCache' 'Ljava/lang/ref/SoftReference;' @100  NULL (0)
R15=0x00000008004400c8 is pointing into metadata


Registers:
RAX=0xfffffffffffffffe, RBX=0x00006000017bb380, RCX=0x000000010b4ff806, RDX=0x0000000800000000
RSP=0x00007ff7b6d753c0, RBP=0x00007ff7b6d754c0, RSI=0x00000008000808f8, RDI=0x0000000020011003
R8 =0x0000000780000000, R9 =0x0000000000003000, R10=0x000000000000006e, R11=0x0000000000000000
R12=0x0000600003d89698, R13=0x0000000000000000, R14=0x0000000787f1e608, R15=0x00000008004400c8
RIP=0x000000010b266a80, EFLAGS=0x0000000000010206, ERR=0x0000000000000004
  TRAPNO=0x000000000000000e

Top of Stack: (sp=0x00007ff7b6d753c0)
0x00007ff7b6d753c0:   0000000000000002 00007fa8248f4c00
0x00007ff7b6d753d0:   00006000017bb380 0000600003d89680
0x00007ff7b6d753e0:   0000600003d89698 0000600003d89768
0x00007ff7b6d753f0:   00000000000000d8 00007ff7b6d757f0
0x00007ff7b6d75400:   00007ff816d7f8b0 0000000000000000
0x00007ff7b6d75410:   00007ff85726f8c0 00007ff8159f5b8f
0x00007ff7b6d75420:   0000000000000000 0000000000000000
0x00007ff7b6d75430:   0000000000000000 000060000268e760
0x00007ff7b6d75440:   0000000000000000 0000000000000000
0x00007ff7b6d75450:   0000000000000000 00007ff815a51bdb
0x00007ff7b6d75460:   000000010a8194c0 0000000000000001
0x00007ff7b6d75470:   00000000000000ff 00007fa8248f4c00
0x00007ff7b6d75480:   00007ff700000000 0000600003d89698
0x00007ff7b6d75490:   0000000000000010 0000600003d89690
0x00007ff7b6d754a0:   00000008004400c8 0000000000000000
0x00007ff7b6d754b0:   0000000000000000 00007fa8248f4c00
0x00007ff7b6d754c0:   00007ff7b6d75500 000000010b2663e4
0x00007ff7b6d754d0:   0000600003d89698 0000000787f1e608
0x00007ff7b6d754e0:   00007fa8248f4c00 0000000000000000
0x00007ff7b6d754f0:   00000008004400c8 0000600003d89690
0x00007ff7b6d75500:   00007ff7b6d75550 000000010ae57801
0x00007ff7b6d75510:   0000000000000000 0000000100000010
0x00007ff7b6d75520:   0000000000000000 0000000000000010
0x00007ff7b6d75530:   0000000000000010 00007fa8248f4ea8
0x00007ff7b6d75540:   00007ff7b6d75580 00007ff7b6d756e0
0x00007ff7b6d75550:   00007ff7b6d75630 000000010935a8c6
0x00007ff7b6d75560:   00006000002cef00 0000000000000000
0x00007ff7b6d75570:   00007ff7b6d756d0 0000000100c9f870
0x00007ff7b6d75580:   6e616c2f6176616a 676e697274532f67
0x00007ff7b6d75590:   bb53e0cbef2b0000 00007ff7b6d75638
0x00007ff7b6d755a0:   0000000000000001 00007ff7b6d75620
0x00007ff7b6d755b0:   0000000000000000 0000000000000000 

Instructions: (pc=0x000000010b266a80)
0x000000010b266980:   bc 41 b6 ff 48 85 c0 4c 89 65 b8 75 19 e9 c7 00
0x000000010b266990:   00 00 31 ff e8 a7 41 b6 ff 48 85 c0 4c 89 65 b8
0x000000010b2669a0:   0f 84 b3 00 00 00 49 89 c6 49 8b 9c 24 38 02 00
0x000000010b2669b0:   00 4c 8b 63 18 49 83 fc f8 72 18 48 8d 15 3d 1d
0x000000010b2669c0:   13 00 be 08 00 00 00 48 89 df e8 41 cd 7a ff 4c
0x000000010b2669d0:   8b 63 18 49 8d 44 24 08 48 3b 43 20 76 6e be 08
0x000000010b2669e0:   00 00 00 48 89 df 31 d2 e8 53 cd 7a ff 49 89 c4
0x000000010b2669f0:   4d 89 34 24 4d 85 e4 74 60 4c 89 f7 31 f6 e8 2d
0x000000010b266a00:   61 ec ff 84 c0 75 26 48 8d 3d 2e 25 19 00 48 8d
0x000000010b266a10:   15 68 25 19 00 48 8d 0d a1 25 19 00 be 23 00 00
0x000000010b266a20:   00 31 c0 e8 68 20 9a ff e8 b3 5b ed ff 49 8b 3c
0x000000010b266a30:   24 e8 9a 3d b6 ff 48 85 c0 4c 89 65 c8 0f 84 ef
0x000000010b266a40:   01 00 00 c7 45 c0 00 00 00 00 eb 22 48 89 43 18
0x000000010b266a50:   4d 89 34 24 4d 85 e4 75 a0 48 8d 05 40 fe 2c 00
0x000000010b266a60:   48 8b 00 b1 01 89 4d c0 31 c9 48 89 4d c8 48 8d
0x000000010b266a70:   0d 87 8e 29 00 8a 09 80 c1 03 4c 89 ff 48 d3 ef
0x000000010b266a80:   4c 8b 68 58 41 8b 0f 49 89 c4 41 8b 57 04 c1 e2
0x000000010b266a90:   08 41 0f b6 77 06 c1 e6 08 45 0f b6 77 07 41 09
0x000000010b266aa0:   f6 41 31 d6 41 31 fe 41 0f a4 ce 10 4c 89 ef 44
0x000000010b266ab0:   89 f6 4c 89 fa 48 8b 4d 90 e8 b2 09 a1 ff 48 89
0x000000010b266ac0:   c3 48 85 c0 0f 85 88 03 00 00 4c 89 6d a8 4c 89
0x000000010b266ad0:   65 b0 80 7d c0 00 74 04 31 f6 eb 20 48 8d 05 23
0x000000010b266ae0:   87 2d 00 80 38 00 4c 8b 65 c8 75 0d 49 8b 3c 24
0x000000010b266af0:   e8 5b 3f b6 ff 84 c0 75 df 4c 89 e6 48 8b 5d b8
0x000000010b266b00:   4d 89 fc 48 8d bd 40 ff ff ff 48 89 b5 58 ff ff
0x000000010b266b10:   ff 48 89 da e8 a7 cb ff ff 48 8d 05 60 a8 2e 00
0x000000010b266b20:   4c 8b 28 4d 85 ed 74 0b 4c 89 ef 48 89 de e8 1d
0x000000010b266b30:   49 ea ff 48 8b 7d a8 44 89 f6 4c 89 e2 e8 ee 09
0x000000010b266b40:   a1 ff 48 85 c0 48 89 45 c0 0f 84 f9 00 00 00 48
0x000000010b266b50:   89 c2 31 f6 45 31 ff 4d 85 ed 74 12 4c 89 ef 48
0x000000010b266b60:   89 f3 e8 79 4a ea ff 48 89 de 48 8b 55 c0 45 84
0x000000010b266b70:   ff 4c 8b 6d b8 4d 89 e7 74 28 4c 89 ff 48 8b 55 


Stack slot to memory mapping:
stack at sp + 0 slots: 0x0000000000000002 is an unknown value
stack at sp + 1 slots: 0x00007fa8248f4c00 is a thread
stack at sp + 2 slots: 0x00006000017bb380 points into unknown readable memory: 0x0000000000000002 | 02 00 00 00 00 00 00 00
stack at sp + 3 slots: 0x0000600003d89680 points into unknown readable memory: 0x0000000000000000 | 00 00 00 00 00 00 00 00
stack at sp + 4 slots: 0x0000600003d89698 points into unknown readable memory: 0x0000000787f1e608 | 08 e6 f1 87 07 00 00 00
stack at sp + 5 slots: 0x0000600003d89768 points into unknown readable memory: 0x0000000000000000 | 00 00 00 00 00 00 00 00
stack at sp + 6 slots: 0x00000000000000d8 is an unknown value
stack at sp + 7 slots: 0x00007ff7b6d757f0 is pointing into the stack for thread: 0x00007fa8248f4c00


---------------  P R O C E S S  ---------------

Threads class SMR info:
_java_thread_list=0x00006000002d8b80, length=14, elements={
0x00007fa825808200, 0x00007fa823808a00, 0x00007fa82507a000, 0x00007fa825078400,
0x00007fa82480ce00, 0x00007fa82480d400, 0x00007fa82380aa00, 0x00007fa82380b000,
0x00007fa824808600, 0x00007fa82507c600, 0x00007fa824814a00, 0x00007fa824815600,
0x00007fa824a1fa00, 0x00007fa8248f4c00
}

Java Threads: ( => current thread )
  0x00007fa825808200 JavaThread "main" [_thread_blocked, id=5891, stack(0x0000700008ef6000,0x0000700008ff6000)]
  0x00007fa823808a00 JavaThread "Reference Handler" daemon [_thread_blocked, id=15875, stack(0x000070000960b000,0x000070000970b000)]
  0x00007fa82507a000 JavaThread "Finalizer" daemon [_thread_blocked, id=17155, stack(0x000070000970e000,0x000070000980e000)]
  0x00007fa825078400 JavaThread "Signal Dispatcher" daemon [_thread_blocked, id=42499, stack(0x0000700009917000,0x0000700009a17000)]
  0x00007fa82480ce00 JavaThread "Service Thread" daemon [_thread_blocked, id=23043, stack(0x0000700009a1a000,0x0000700009b1a000)]
  0x00007fa82480d400 JavaThread "Monitor Deflation Thread" daemon [_thread_blocked, id=23299, stack(0x0000700009b1d000,0x0000700009c1d000)]
  0x00007fa82380aa00 JavaThread "C2 CompilerThread0" daemon [_thread_blocked, id=41731, stack(0x0000700009c20000,0x0000700009d20000)]
  0x00007fa82380b000 JavaThread "C1 CompilerThread0" daemon [_thread_blocked, id=24067, stack(0x0000700009d23000,0x0000700009e23000)]
  0x00007fa824808600 JavaThread "Sweeper thread" daemon [_thread_blocked, id=24323, stack(0x0000700009e26000,0x0000700009f26000)]
  0x00007fa82507c600 JavaThread "Common-Cleaner" daemon [_thread_blocked, id=24579, stack(0x0000700009f29000,0x000070000a029000)]
  0x00007fa824814a00 JavaThread "Notification Thread" daemon [_thread_blocked, id=40707, stack(0x000070000a02c000,0x000070000a12c000)]
  0x00007fa824815600 JavaThread "QuantumRenderer-0" daemon [_thread_blocked, id=39939, stack(0x000070000a232000,0x000070000a332000)]
  0x00007fa824a1fa00 JavaThread "InvokeLaterDispatcher" daemon [_thread_blocked, id=36107, stack(0x000070000a335000,0x000070000a435000)]
=>0x00007fa8248f4c00 JavaThread "Thread-1" [_thread_in_vm, id=259, stack(0x00007ff7b657a000,0x00007ff7b6d7a000)]

Other Threads:
  0x00007fa823705ba0 VMThread "VM Thread" [stack: 0x0000700009508000,0x0000700009608000] [id=15107]
  0x00007fa82371d520 WatcherThread [stack: 0x000070000a12f000,0x000070000a22f000] [id=24835]
  0x00007fa8243063b0 GCTaskThread "GC Thread#0" [stack: 0x0000700008ff9000,0x00007000090f9000] [id=12547]
  0x00007fa824005780 ConcurrentGCThread "G1 Main Marker" [stack: 0x00007000090fc000,0x00007000091fc000] [id=13059]
  0x00007fa824104ff0 ConcurrentGCThread "G1 Conc#0" [stack: 0x00007000091ff000,0x00007000092ff000] [id=19715]
  0x00007fa824006000 ConcurrentGCThread "G1 Refine#0" [stack: 0x0000700009302000,0x0000700009402000] [id=18947]
  0x00007fa824006890 ConcurrentGCThread "G1 Service" [stack: 0x0000700009405000,0x0000700009505000] [id=18435]

Threads with active compile tasks:

VM state: not at safepoint (normal execution)

VM Mutex/Monitor currently owned by a thread: None

Heap address: 0x0000000780000000, size: 2048 MB, Compressed Oops mode: Zero based, Oop shift amount: 3

CDS archive(s) mapped at: [0x0000000800000000-0x0000000800bd4000-0x0000000800bd4000), size 12402688, SharedBaseAddress: 0x0000000800000000, ArchiveRelocationMode: 0.
Compressed class space mapped at: 0x0000000800c00000-0x0000000840c00000, reserved size: 1073741824
Narrow klass base: 0x0000000800000000, Narrow klass shift: 0, Narrow klass range: 0x100000000

GC Precious Log:
 CPUs: 4 total, 4 available
 Memory: 8192M
 Large Page Support: Disabled
 NUMA Support: Disabled
 Compressed Oops: Enabled (Zero based)
 Heap Region Size: 1M
 Heap Min Capacity: 8M
 Heap Initial Capacity: 128M
 Heap Max Capacity: 2G
 Pre-touch: Disabled
 Parallel Workers: 4
 Concurrent Workers: 1
 Concurrent Refinement Workers: 4
 Periodic GC: Disabled

Heap:
 garbage-first heap   total 133120K, used 10196K [0x0000000780000000, 0x0000000800000000)
  region size 1024K, 11 young (11264K), 0 survivors (0K)
 Metaspace       used 2708K, committed 2880K, reserved 1056768K
  class space    used 296K, committed 384K, reserved 1048576K

Heap Regions: E=young(eden), S=young(survivor), O=old, HS=humongous(starts), HC=humongous(continues), CS=collection set, F=free, OA=open archive, CA=closed archive, TAMS=top-at-mark-start (previous, next)
|   0|0x0000000780000000, 0x0000000780000000, 0x0000000780100000|  0%| F|  |TAMS 0x0000000780000000, 0x0000000780000000| Untracked 
|   1|0x0000000780100000, 0x0000000780100000, 0x0000000780200000|  0%| F|  |TAMS 0x0000000780100000, 0x0000000780100000| Untracked 
|   2|0x0000000780200000, 0x0000000780200000, 0x0000000780300000|  0%| F|  |TAMS 0x0000000780200000, 0x0000000780200000| Untracked 
|   3|0x0000000780300000, 0x0000000780300000, 0x0000000780400000|  0%| F|  |TAMS 0x0000000780300000, 0x0000000780300000| Untracked 
|   4|0x0000000780400000, 0x0000000780400000, 0x0000000780500000|  0%| F|  |TAMS 0x0000000780400000, 0x0000000780400000| Untracked 
|   5|0x0000000780500000, 0x0000000780500000, 0x0000000780600000|  0%| F|  |TAMS 0x0000000780500000, 0x0000000780500000| Untracked 
|   6|0x0000000780600000, 0x0000000780600000, 0x0000000780700000|  0%| F|  |TAMS 0x0000000780600000, 0x0000000780600000| Untracked 
|   7|0x0000000780700000, 0x0000000780700000, 0x0000000780800000|  0%| F|  |TAMS 0x0000000780700000, 0x0000000780700000| Untracked 
|   8|0x0000000780800000, 0x0000000780800000, 0x0000000780900000|  0%| F|  |TAMS 0x0000000780800000, 0x0000000780800000| Untracked 
|   9|0x0000000780900000, 0x0000000780900000, 0x0000000780a00000|  0%| F|  |TAMS 0x0000000780900000, 0x0000000780900000| Untracked 
|  10|0x0000000780a00000, 0x0000000780a00000, 0x0000000780b00000|  0%| F|  |TAMS 0x0000000780a00000, 0x0000000780a00000| Untracked 
|  11|0x0000000780b00000, 0x0000000780b00000, 0x0000000780c00000|  0%| F|  |TAMS 0x0000000780b00000, 0x0000000780b00000| Untracked 
|  12|0x0000000780c00000, 0x0000000780c00000, 0x0000000780d00000|  0%| F|  |TAMS 0x0000000780c00000, 0x0000000780c00000| Untracked 
|  13|0x0000000780d00000, 0x0000000780d00000, 0x0000000780e00000|  0%| F|  |TAMS 0x0000000780d00000, 0x0000000780d00000| Untracked 
|  14|0x0000000780e00000, 0x0000000780e00000, 0x0000000780f00000|  0%| F|  |TAMS 0x0000000780e00000, 0x0000000780e00000| Untracked 
|  15|0x0000000780f00000, 0x0000000780f00000, 0x0000000781000000|  0%| F|  |TAMS 0x0000000780f00000, 0x0000000780f00000| Untracked 
|  16|0x0000000781000000, 0x0000000781000000, 0x0000000781100000|  0%| F|  |TAMS 0x0000000781000000, 0x0000000781000000| Untracked 
|  17|0x0000000781100000, 0x0000000781100000, 0x0000000781200000|  0%| F|  |TAMS 0x0000000781100000, 0x0000000781100000| Untracked 
|  18|0x0000000781200000, 0x0000000781200000, 0x0000000781300000|  0%| F|  |TAMS 0x0000000781200000, 0x0000000781200000| Untracked 
|  19|0x0000000781300000, 0x0000000781300000, 0x0000000781400000|  0%| F|  |TAMS 0x0000000781300000, 0x0000000781300000| Untracked 
|  20|0x0000000781400000, 0x0000000781400000, 0x0000000781500000|  0%| F|  |TAMS 0x0000000781400000, 0x0000000781400000| Untracked 
|  21|0x0000000781500000, 0x0000000781500000, 0x0000000781600000|  0%| F|  |TAMS 0x0000000781500000, 0x0000000781500000| Untracked 
|  22|0x0000000781600000, 0x0000000781600000, 0x0000000781700000|  0%| F|  |TAMS 0x0000000781600000, 0x0000000781600000| Untracked 
|  23|0x0000000781700000, 0x0000000781700000, 0x0000000781800000|  0%| F|  |TAMS 0x0000000781700000, 0x0000000781700000| Untracked 
|  24|0x0000000781800000, 0x0000000781800000, 0x0000000781900000|  0%| F|  |TAMS 0x0000000781800000, 0x0000000781800000| Untracked 
|  25|0x0000000781900000, 0x0000000781900000, 0x0000000781a00000|  0%| F|  |TAMS 0x0000000781900000, 0x0000000781900000| Untracked 
|  26|0x0000000781a00000, 0x0000000781a00000, 0x0000000781b00000|  0%| F|  |TAMS 0x0000000781a00000, 0x0000000781a00000| Untracked 
|  27|0x0000000781b00000, 0x0000000781b00000, 0x0000000781c00000|  0%| F|  |TAMS 0x0000000781b00000, 0x0000000781b00000| Untracked 
|  28|0x0000000781c00000, 0x0000000781c00000, 0x0000000781d00000|  0%| F|  |TAMS 0x0000000781c00000, 0x0000000781c00000| Untracked 
|  29|0x0000000781d00000, 0x0000000781d00000, 0x0000000781e00000|  0%| F|  |TAMS 0x0000000781d00000, 0x0000000781d00000| Untracked 
|  30|0x0000000781e00000, 0x0000000781e00000, 0x0000000781f00000|  0%| F|  |TAMS 0x0000000781e00000, 0x0000000781e00000| Untracked 
|  31|0x0000000781f00000, 0x0000000781f00000, 0x0000000782000000|  0%| F|  |TAMS 0x0000000781f00000, 0x0000000781f00000| Untracked 
|  32|0x0000000782000000, 0x0000000782000000, 0x0000000782100000|  0%| F|  |TAMS 0x0000000782000000, 0x0000000782000000| Untracked 
|  33|0x0000000782100000, 0x0000000782100000, 0x0000000782200000|  0%| F|  |TAMS 0x0000000782100000, 0x0000000782100000| Untracked 
|  34|0x0000000782200000, 0x0000000782200000, 0x0000000782300000|  0%| F|  |TAMS 0x0000000782200000, 0x0000000782200000| Untracked 
|  35|0x0000000782300000, 0x0000000782300000, 0x0000000782400000|  0%| F|  |TAMS 0x0000000782300000, 0x0000000782300000| Untracked 
|  36|0x0000000782400000, 0x0000000782400000, 0x0000000782500000|  0%| F|  |TAMS 0x0000000782400000, 0x0000000782400000| Untracked 
|  37|0x0000000782500000, 0x0000000782500000, 0x0000000782600000|  0%| F|  |TAMS 0x0000000782500000, 0x0000000782500000| Untracked 
|  38|0x0000000782600000, 0x0000000782600000, 0x0000000782700000|  0%| F|  |TAMS 0x0000000782600000, 0x0000000782600000| Untracked 
|  39|0x0000000782700000, 0x0000000782700000, 0x0000000782800000|  0%| F|  |TAMS 0x0000000782700000, 0x0000000782700000| Untracked 
|  40|0x0000000782800000, 0x0000000782800000, 0x0000000782900000|  0%| F|  |TAMS 0x0000000782800000, 0x0000000782800000| Untracked 
|  41|0x0000000782900000, 0x0000000782900000, 0x0000000782a00000|  0%| F|  |TAMS 0x0000000782900000, 0x0000000782900000| Untracked 
|  42|0x0000000782a00000, 0x0000000782a00000, 0x0000000782b00000|  0%| F|  |TAMS 0x0000000782a00000, 0x0000000782a00000| Untracked 
|  43|0x0000000782b00000, 0x0000000782b00000, 0x0000000782c00000|  0%| F|  |TAMS 0x0000000782b00000, 0x0000000782b00000| Untracked 
|  44|0x0000000782c00000, 0x0000000782c00000, 0x0000000782d00000|  0%| F|  |TAMS 0x0000000782c00000, 0x0000000782c00000| Untracked 
|  45|0x0000000782d00000, 0x0000000782d00000, 0x0000000782e00000|  0%| F|  |TAMS 0x0000000782d00000, 0x0000000782d00000| Untracked 
|  46|0x0000000782e00000, 0x0000000782e00000, 0x0000000782f00000|  0%| F|  |TAMS 0x0000000782e00000, 0x0000000782e00000| Untracked 
|  47|0x0000000782f00000, 0x0000000782f00000, 0x0000000783000000|  0%| F|  |TAMS 0x0000000782f00000, 0x0000000782f00000| Untracked 
|  48|0x0000000783000000, 0x0000000783000000, 0x0000000783100000|  0%| F|  |TAMS 0x0000000783000000, 0x0000000783000000| Untracked 
|  49|0x0000000783100000, 0x0000000783100000, 0x0000000783200000|  0%| F|  |TAMS 0x0000000783100000, 0x0000000783100000| Untracked 
|  50|0x0000000783200000, 0x0000000783200000, 0x0000000783300000|  0%| F|  |TAMS 0x0000000783200000, 0x0000000783200000| Untracked 
|  51|0x0000000783300000, 0x0000000783300000, 0x0000000783400000|  0%| F|  |TAMS 0x0000000783300000, 0x0000000783300000| Untracked 
|  52|0x0000000783400000, 0x0000000783400000, 0x0000000783500000|  0%| F|  |TAMS 0x0000000783400000, 0x0000000783400000| Untracked 
|  53|0x0000000783500000, 0x0000000783500000, 0x0000000783600000|  0%| F|  |TAMS 0x0000000783500000, 0x0000000783500000| Untracked 
|  54|0x0000000783600000, 0x0000000783600000, 0x0000000783700000|  0%| F|  |TAMS 0x0000000783600000, 0x0000000783600000| Untracked 
|  55|0x0000000783700000, 0x0000000783700000, 0x0000000783800000|  0%| F|  |TAMS 0x0000000783700000, 0x0000000783700000| Untracked 
|  56|0x0000000783800000, 0x0000000783800000, 0x0000000783900000|  0%| F|  |TAMS 0x0000000783800000, 0x0000000783800000| Untracked 
|  57|0x0000000783900000, 0x0000000783900000, 0x0000000783a00000|  0%| F|  |TAMS 0x0000000783900000, 0x0000000783900000| Untracked 
|  58|0x0000000783a00000, 0x0000000783a00000, 0x0000000783b00000|  0%| F|  |TAMS 0x0000000783a00000, 0x0000000783a00000| Untracked 
|  59|0x0000000783b00000, 0x0000000783b00000, 0x0000000783c00000|  0%| F|  |TAMS 0x0000000783b00000, 0x0000000783b00000| Untracked 
|  60|0x0000000783c00000, 0x0000000783c00000, 0x0000000783d00000|  0%| F|  |TAMS 0x0000000783c00000, 0x0000000783c00000| Untracked 
|  61|0x0000000783d00000, 0x0000000783d00000, 0x0000000783e00000|  0%| F|  |TAMS 0x0000000783d00000, 0x0000000783d00000| Untracked 
|  62|0x0000000783e00000, 0x0000000783e00000, 0x0000000783f00000|  0%| F|  |TAMS 0x0000000783e00000, 0x0000000783e00000| Untracked 
|  63|0x0000000783f00000, 0x0000000783f00000, 0x0000000784000000|  0%| F|  |TAMS 0x0000000783f00000, 0x0000000783f00000| Untracked 
|  64|0x0000000784000000, 0x0000000784000000, 0x0000000784100000|  0%| F|  |TAMS 0x0000000784000000, 0x0000000784000000| Untracked 
|  65|0x0000000784100000, 0x0000000784100000, 0x0000000784200000|  0%| F|  |TAMS 0x0000000784100000, 0x0000000784100000| Untracked 
|  66|0x0000000784200000, 0x0000000784200000, 0x0000000784300000|  0%| F|  |TAMS 0x0000000784200000, 0x0000000784200000| Untracked 
|  67|0x0000000784300000, 0x0000000784300000, 0x0000000784400000|  0%| F|  |TAMS 0x0000000784300000, 0x0000000784300000| Untracked 
|  68|0x0000000784400000, 0x0000000784400000, 0x0000000784500000|  0%| F|  |TAMS 0x0000000784400000, 0x0000000784400000| Untracked 
|  69|0x0000000784500000, 0x0000000784500000, 0x0000000784600000|  0%| F|  |TAMS 0x0000000784500000, 0x0000000784500000| Untracked 
|  70|0x0000000784600000, 0x0000000784600000, 0x0000000784700000|  0%| F|  |TAMS 0x0000000784600000, 0x0000000784600000| Untracked 
|  71|0x0000000784700000, 0x0000000784700000, 0x0000000784800000|  0%| F|  |TAMS 0x0000000784700000, 0x0000000784700000| Untracked 
|  72|0x0000000784800000, 0x0000000784800000, 0x0000000784900000|  0%| F|  |TAMS 0x0000000784800000, 0x0000000784800000| Untracked 
|  73|0x0000000784900000, 0x0000000784900000, 0x0000000784a00000|  0%| F|  |TAMS 0x0000000784900000, 0x0000000784900000| Untracked 
|  74|0x0000000784a00000, 0x0000000784a00000, 0x0000000784b00000|  0%| F|  |TAMS 0x0000000784a00000, 0x0000000784a00000| Untracked 
|  75|0x0000000784b00000, 0x0000000784b00000, 0x0000000784c00000|  0%| F|  |TAMS 0x0000000784b00000, 0x0000000784b00000| Untracked 
|  76|0x0000000784c00000, 0x0000000784c00000, 0x0000000784d00000|  0%| F|  |TAMS 0x0000000784c00000, 0x0000000784c00000| Untracked 
|  77|0x0000000784d00000, 0x0000000784d00000, 0x0000000784e00000|  0%| F|  |TAMS 0x0000000784d00000, 0x0000000784d00000| Untracked 
|  78|0x0000000784e00000, 0x0000000784e00000, 0x0000000784f00000|  0%| F|  |TAMS 0x0000000784e00000, 0x0000000784e00000| Untracked 
|  79|0x0000000784f00000, 0x0000000784f00000, 0x0000000785000000|  0%| F|  |TAMS 0x0000000784f00000, 0x0000000784f00000| Untracked 
|  80|0x0000000785000000, 0x0000000785000000, 0x0000000785100000|  0%| F|  |TAMS 0x0000000785000000, 0x0000000785000000| Untracked 
|  81|0x0000000785100000, 0x0000000785100000, 0x0000000785200000|  0%| F|  |TAMS 0x0000000785100000, 0x0000000785100000| Untracked 
|  82|0x0000000785200000, 0x0000000785200000, 0x0000000785300000|  0%| F|  |TAMS 0x0000000785200000, 0x0000000785200000| Untracked 
|  83|0x0000000785300000, 0x0000000785300000, 0x0000000785400000|  0%| F|  |TAMS 0x0000000785300000, 0x0000000785300000| Untracked 
|  84|0x0000000785400000, 0x0000000785400000, 0x0000000785500000|  0%| F|  |TAMS 0x0000000785400000, 0x0000000785400000| Untracked 
|  85|0x0000000785500000, 0x0000000785500000, 0x0000000785600000|  0%| F|  |TAMS 0x0000000785500000, 0x0000000785500000| Untracked 
|  86|0x0000000785600000, 0x0000000785600000, 0x0000000785700000|  0%| F|  |TAMS 0x0000000785600000, 0x0000000785600000| Untracked 
|  87|0x0000000785700000, 0x0000000785700000, 0x0000000785800000|  0%| F|  |TAMS 0x0000000785700000, 0x0000000785700000| Untracked 
|  88|0x0000000785800000, 0x0000000785800000, 0x0000000785900000|  0%| F|  |TAMS 0x0000000785800000, 0x0000000785800000| Untracked 
|  89|0x0000000785900000, 0x0000000785900000, 0x0000000785a00000|  0%| F|  |TAMS 0x0000000785900000, 0x0000000785900000| Untracked 
|  90|0x0000000785a00000, 0x0000000785a00000, 0x0000000785b00000|  0%| F|  |TAMS 0x0000000785a00000, 0x0000000785a00000| Untracked 
|  91|0x0000000785b00000, 0x0000000785b00000, 0x0000000785c00000|  0%| F|  |TAMS 0x0000000785b00000, 0x0000000785b00000| Untracked 
|  92|0x0000000785c00000, 0x0000000785c00000, 0x0000000785d00000|  0%| F|  |TAMS 0x0000000785c00000, 0x0000000785c00000| Untracked 
|  93|0x0000000785d00000, 0x0000000785d00000, 0x0000000785e00000|  0%| F|  |TAMS 0x0000000785d00000, 0x0000000785d00000| Untracked 
|  94|0x0000000785e00000, 0x0000000785e00000, 0x0000000785f00000|  0%| F|  |TAMS 0x0000000785e00000, 0x0000000785e00000| Untracked 
|  95|0x0000000785f00000, 0x0000000785f00000, 0x0000000786000000|  0%| F|  |TAMS 0x0000000785f00000, 0x0000000785f00000| Untracked 
|  96|0x0000000786000000, 0x0000000786000000, 0x0000000786100000|  0%| F|  |TAMS 0x0000000786000000, 0x0000000786000000| Untracked 
|  97|0x0000000786100000, 0x0000000786100000, 0x0000000786200000|  0%| F|  |TAMS 0x0000000786100000, 0x0000000786100000| Untracked 
|  98|0x0000000786200000, 0x0000000786200000, 0x0000000786300000|  0%| F|  |TAMS 0x0000000786200000, 0x0000000786200000| Untracked 
|  99|0x0000000786300000, 0x0000000786300000, 0x0000000786400000|  0%| F|  |TAMS 0x0000000786300000, 0x0000000786300000| Untracked 
| 100|0x0000000786400000, 0x0000000786400000, 0x0000000786500000|  0%| F|  |TAMS 0x0000000786400000, 0x0000000786400000| Untracked 
| 101|0x0000000786500000, 0x0000000786500000, 0x0000000786600000|  0%| F|  |TAMS 0x0000000786500000, 0x0000000786500000| Untracked 
| 102|0x0000000786600000, 0x0000000786600000, 0x0000000786700000|  0%| F|  |TAMS 0x0000000786600000, 0x0000000786600000| Untracked 
| 103|0x0000000786700000, 0x0000000786700000, 0x0000000786800000|  0%| F|  |TAMS 0x0000000786700000, 0x0000000786700000| Untracked 
| 104|0x0000000786800000, 0x0000000786800000, 0x0000000786900000|  0%| F|  |TAMS 0x0000000786800000, 0x0000000786800000| Untracked 
| 105|0x0000000786900000, 0x0000000786900000, 0x0000000786a00000|  0%| F|  |TAMS 0x0000000786900000, 0x0000000786900000| Untracked 
| 106|0x0000000786a00000, 0x0000000786a00000, 0x0000000786b00000|  0%| F|  |TAMS 0x0000000786a00000, 0x0000000786a00000| Untracked 
| 107|0x0000000786b00000, 0x0000000786b00000, 0x0000000786c00000|  0%| F|  |TAMS 0x0000000786b00000, 0x0000000786b00000| Untracked 
| 108|0x0000000786c00000, 0x0000000786c00000, 0x0000000786d00000|  0%| F|  |TAMS 0x0000000786c00000, 0x0000000786c00000| Untracked 
| 109|0x0000000786d00000, 0x0000000786d00000, 0x0000000786e00000|  0%| F|  |TAMS 0x0000000786d00000, 0x0000000786d00000| Untracked 
| 110|0x0000000786e00000, 0x0000000786e00000, 0x0000000786f00000|  0%| F|  |TAMS 0x0000000786e00000, 0x0000000786e00000| Untracked 
| 111|0x0000000786f00000, 0x0000000786f00000, 0x0000000787000000|  0%| F|  |TAMS 0x0000000786f00000, 0x0000000786f00000| Untracked 
| 112|0x0000000787000000, 0x0000000787000000, 0x0000000787100000|  0%| F|  |TAMS 0x0000000787000000, 0x0000000787000000| Untracked 
| 113|0x0000000787100000, 0x0000000787100000, 0x0000000787200000|  0%| F|  |TAMS 0x0000000787100000, 0x0000000787100000| Untracked 
| 114|0x0000000787200000, 0x0000000787200000, 0x0000000787300000|  0%| F|  |TAMS 0x0000000787200000, 0x0000000787200000| Untracked 
| 115|0x0000000787300000, 0x0000000787300000, 0x0000000787400000|  0%| F|  |TAMS 0x0000000787300000, 0x0000000787300000| Untracked 
| 116|0x0000000787400000, 0x0000000787400000, 0x0000000787500000|  0%| F|  |TAMS 0x0000000787400000, 0x0000000787400000| Untracked 
| 117|0x0000000787500000, 0x0000000787543130, 0x0000000787600000| 26%| E|  |TAMS 0x0000000787500000, 0x0000000787500000| Complete 
| 118|0x0000000787600000, 0x0000000787700000, 0x0000000787700000|100%| E|CS|TAMS 0x0000000787600000, 0x0000000787600000| Complete 
| 119|0x0000000787700000, 0x0000000787800000, 0x0000000787800000|100%| E|CS|TAMS 0x0000000787700000, 0x0000000787700000| Complete 
| 120|0x0000000787800000, 0x0000000787900000, 0x0000000787900000|100%| E|CS|TAMS 0x0000000787800000, 0x0000000787800000| Complete 
| 121|0x0000000787900000, 0x0000000787a00000, 0x0000000787a00000|100%| E|CS|TAMS 0x0000000787900000, 0x0000000787900000| Complete 
| 122|0x0000000787a00000, 0x0000000787b00000, 0x0000000787b00000|100%| E|CS|TAMS 0x0000000787a00000, 0x0000000787a00000| Complete 
| 123|0x0000000787b00000, 0x0000000787c00000, 0x0000000787c00000|100%| E|CS|TAMS 0x0000000787b00000, 0x0000000787b00000| Complete 
| 124|0x0000000787c00000, 0x0000000787d00000, 0x0000000787d00000|100%| E|  |TAMS 0x0000000787c00000, 0x0000000787c00000| Complete 
| 125|0x0000000787d00000, 0x0000000787e00000, 0x0000000787e00000|100%| E|CS|TAMS 0x0000000787d00000, 0x0000000787d00000| Complete 
| 126|0x0000000787e00000, 0x0000000787f00000, 0x0000000787f00000|100%| E|CS|TAMS 0x0000000787e00000, 0x0000000787e00000| Complete 
| 127|0x0000000787f00000, 0x0000000788000000, 0x0000000788000000|100%| E|CS|TAMS 0x0000000787f00000, 0x0000000787f00000| Complete 
|2046|0x00000007ffe00000, 0x00000007ffe76000, 0x00000007fff00000| 46%|OA|  |TAMS 0x00000007ffe00000, 0x00000007ffe00000| Untracked 
|2047|0x00000007fff00000, 0x00000007fff7f000, 0x0000000800000000| 49%|CA|  |TAMS 0x00000007fff00000, 0x00000007fff00000| Untracked 

Card table byte_map: [0x0000000109cb7000,0x000000010a0b7000] _byte_map_base: 0x00000001060b7000

Marking Bits (Prev, Next): (CMBitMap*) 0x00007fa82500d010, (CMBitMap*) 0x00007fa82500d050
 Prev Bits: [0x0000000122014000, 0x0000000124014000)
 Next Bits: [0x0000000124014000, 0x0000000126014000)

Polling page: 0x00000001092aa000

Metaspace:

Usage:
  Non-class:      2.36 MB used.
      Class:    296.83 KB used.
       Both:      2.65 MB used.

Virtual space:
  Non-class space:        8.00 MB reserved,       2.44 MB ( 30%) committed,  1 nodes.
      Class space:        1.00 GB reserved,     384.00 KB ( <1%) committed,  1 nodes.
             Both:        1.01 GB reserved,       2.81 MB ( <1%) committed. 

Chunk freelists:
   Non-Class:  2.89 MB
       Class:  3.55 MB
        Both:  6.44 MB

MaxMetaspaceSize: unlimited
CompressedClassSpaceSize: 1.00 GB
Initial GC threshold: 21.00 MB
Current GC threshold: 21.00 MB
CDS: on
MetaspaceReclaimPolicy: balanced
 - commit_granule_bytes: 65536.
 - commit_granule_words: 8192.
 - virtual_space_node_default_size: 1048576.
 - enlarge_chunks_in_place: 1.
 - new_chunks_are_fully_committed: 0.
 - uncommit_free_chunks: 1.
 - use_allocation_guard: 0.
 - handle_deallocations: 1.


Internal statistics:

num_allocs_failed_limit: 0.
num_arena_births: 70.
num_arena_deaths: 0.
num_vsnodes_births: 2.
num_vsnodes_deaths: 0.
num_space_committed: 45.
num_space_uncommitted: 0.
num_chunks_returned_to_freelist: 0.
num_chunks_taken_from_freelist: 151.
num_chunk_merges: 0.
num_chunk_splits: 89.
num_chunks_enlarged: 54.
num_purges: 0.
num_inconsistent_stats: 0.

CodeHeap 'non-profiled nmethods': size=120032Kb used=211Kb max_used=211Kb free=119820Kb
 bounds [0x000000011aadc000, 0x000000011ad4c000, 0x0000000122014000]
CodeHeap 'profiled nmethods': size=120028Kb used=960Kb max_used=960Kb free=119067Kb
 bounds [0x00000001135a5000, 0x0000000113815000, 0x000000011aadc000]
CodeHeap 'non-nmethods': size=5700Kb used=1166Kb max_used=1178Kb free=4533Kb
 bounds [0x0000000113014000, 0x0000000113284000, 0x00000001135a5000]
 total_blobs=1122 nmethods=656 adapters=380
 compilation: enabled
              stopped_count=0, restarted_count=0
 full_count=0

Compilation events (20 events):
Event: 1.304 Thread 0x00007fa82380b000  648       3       java.lang.invoke.MethodTypeForm::cachedLambdaForm (23 bytes)
Event: 1.310 Thread 0x00007fa82380b000 nmethod 648 0x0000000113690a90 code [0x0000000113690c60, 0x0000000113690fc0]
Event: 1.310 Thread 0x00007fa82380b000  649       3       java.lang.invoke.MethodHandles$Lookup::isClassAccessible (53 bytes)
Event: 1.311 Thread 0x00007fa82380b000 nmethod 649 0x0000000113691110 code [0x0000000113691320, 0x00000001136918f0]
Event: 1.312 Thread 0x00007fa82380b000  650       3       java.lang.invoke.MethodHandles$Lookup::checkAccess (232 bytes)
Event: 1.316 Thread 0x00007fa82380b000 nmethod 650 0x0000000113691b10 code [0x0000000113691e00, 0x0000000113692ed0]
Event: 1.556 Thread 0x00007fa82380b000  653       3       jdk.internal.org.objectweb.asm.SymbolTable::hash (15 bytes)
Event: 1.556 Thread 0x00007fa82380b000 nmethod 653 0x0000000113693310 code [0x00000001136934c0, 0x0000000113693650]
Event: 1.557 Thread 0x00007fa82380b000  654       3       jdk.internal.org.objectweb.asm.SymbolTable$Entry::<init> (18 bytes)
Event: 1.557 Thread 0x00007fa82380b000 nmethod 654 0x0000000113693790 code [0x0000000113693940, 0x0000000113693ac0]
Event: 1.557 Thread 0x00007fa82380b000  651       3       java.lang.invoke.MemberName::getType (19 bytes)
Event: 1.558 Thread 0x00007fa82380b000 nmethod 651 0x0000000113693b90 code [0x0000000113693d80, 0x0000000113694130]
Event: 1.558 Thread 0x00007fa82380b000  652       1       java.lang.invoke.InfoFromMemberName::getReferenceKind (5 bytes)
Event: 1.558 Thread 0x00007fa82380b000 nmethod 652 0x000000011ab10a90 code [0x000000011ab10c20, 0x000000011ab10cf0]
Event: 1.798 Thread 0x00007fa82380b000  655       3       java.lang.invoke.MethodHandles$Lookup::<init> (84 bytes)
Event: 1.798 Thread 0x00007fa82380b000 nmethod 655 0x0000000113694290 code [0x0000000113694440, 0x0000000113694690]
Event: 1.803 Thread 0x00007fa82380b000  656       3       java.util.Collections$UnmodifiableCollection$1::hasNext (10 bytes)
Event: 1.804 Thread 0x00007fa82380b000 nmethod 656 0x0000000113694790 code [0x0000000113694940, 0x0000000113694b20]
Event: 1.804 Thread 0x00007fa82380b000  657       3       java.util.Collections$UnmodifiableCollection$1::next (10 bytes)
Event: 1.804 Thread 0x00007fa82380b000 nmethod 657 0x0000000113694c10 code [0x0000000113694dc0, 0x0000000113694fa0]

GC Heap History (0 events):
No events

Deoptimization events (20 events):
Event: 0.447 Thread 0x00007fa825808200 Uncommon trap: trap_request=0xffffff45 fr.pc=0x000000011aaef270 relative=0x00000000000003d0
Event: 0.447 Thread 0x00007fa825808200 Uncommon trap: reason=unstable_if action=reinterpret pc=0x000000011aaef270 method=java.lang.StringLatin1.newString([BII)Ljava/lang/String; @ 1 c2
Event: 0.447 Thread 0x00007fa825808200 DEOPT PACKING pc=0x000000011aaef270 sp=0x0000700008ff5290
Event: 0.447 Thread 0x00007fa825808200 DEOPT UNPACKING pc=0x0000000113066099 sp=0x0000700008ff5270 mode 2
Event: 0.477 Thread 0x00007fa825808200 Uncommon trap: trap_request=0xffffff45 fr.pc=0x000000011aaec164 relative=0x00000000000004a4
Event: 0.477 Thread 0x00007fa825808200 Uncommon trap: reason=unstable_if action=reinterpret pc=0x000000011aaec164 method=java.lang.StringLatin1.replace([BCC)Ljava/lang/String; @ 19 c2
Event: 0.477 Thread 0x00007fa825808200 DEOPT PACKING pc=0x000000011aaec164 sp=0x0000700008ff59a0
Event: 0.477 Thread 0x00007fa825808200 DEOPT UNPACKING pc=0x0000000113066099 sp=0x0000700008ff5930 mode 2
Event: 0.509 Thread 0x00007fa825808200 Uncommon trap: trap_request=0xfffffff4 fr.pc=0x000000011aae8f48 relative=0x00000000000001a8
Event: 0.509 Thread 0x00007fa825808200 Uncommon trap: reason=null_check action=make_not_entrant pc=0x000000011aae8f48 method=java.lang.String.equals(Ljava/lang/Object;)Z @ 8 c2
Event: 0.509 Thread 0x00007fa825808200 DEOPT PACKING pc=0x000000011aae8f48 sp=0x0000700008ff58d0
Event: 0.509 Thread 0x00007fa825808200 DEOPT UNPACKING pc=0x0000000113066099 sp=0x0000700008ff5898 mode 2
Event: 0.775 Thread 0x00007fa824815600 DEOPT PACKING pc=0x000000011361315a sp=0x000070000a330450
Event: 0.775 Thread 0x00007fa824815600 DEOPT UNPACKING pc=0x000000011306682f sp=0x000070000a32f890 mode 0
Event: 0.847 Thread 0x00007fa824815600 DEOPT PACKING pc=0x00000001135a774e sp=0x000070000a32f9c0
Event: 0.847 Thread 0x00007fa824815600 DEOPT UNPACKING pc=0x000000011306682f sp=0x000070000a32ee58 mode 0
Event: 0.857 Thread 0x00007fa824815600 Uncommon trap: trap_request=0xffffff45 fr.pc=0x000000011aaeac28 relative=0x0000000000000668
Event: 0.857 Thread 0x00007fa824815600 Uncommon trap: reason=unstable_if action=reinterpret pc=0x000000011aaeac28 method=jdk.internal.module.Checks.isJavaIdentifier(Ljava/lang/String;)Z @ 4 c2
Event: 0.857 Thread 0x00007fa824815600 DEOPT PACKING pc=0x000000011aaeac28 sp=0x000070000a330da0
Event: 0.857 Thread 0x00007fa824815600 DEOPT UNPACKING pc=0x0000000113066099 sp=0x000070000a330d60 mode 2

Classes unloaded (0 events):
No events

Classes redefined (0 events):
No events

Internal exceptions (9 events):
Event: 0.509 Thread 0x00007fa825808200 Implicit null exception at 0x000000011aae8dd5 to 0x000000011aae8f38
Event: 0.510 Thread 0x00007fa825808200 Exception <a 'java/lang/NoSuchMethodError'{0x0000000787cedfe0}: 'java.lang.Object java.lang.invoke.DirectMethodHandle$Holder.invokeStaticInit(java.lang.Object)'> (0x0000000787cedfe0) 
thrown [open/src/hotspot/share/interpreter/linkResolver.cpp, line 766]
Event: 0.517 Thread 0x00007fa825808200 Exception <a 'java/lang/NoSuchMethodError'{0x0000000787cf5700}: 'void java.lang.invoke.DirectMethodHandle$Holder.invokeStatic(java.lang.Object, java.lang.Object)'> (0x0000000787cf5700) 
thrown [open/src/hotspot/share/interpreter/linkResolver.cpp, line 766]
Event: 0.729 Thread 0x00007fa825808200 Exception <a 'java/lang/NoSuchMethodError'{0x00000007879da1c8}: 'void java.lang.invoke.DirectMethodHandle$Holder.invokeSpecial(java.lang.Object, java.lang.Object, java.lang.Object)'> (0x00000007879da1c8) 
thrown [open/src/hotspot/share/interpreter/linkResolver.cpp, line 766]
Event: 0.760 Thread 0x00007fa825808200 Exception <a 'java/lang/NoSuchMethodError'{0x0000000787817b30}: 'void java.lang.invoke.DirectMethodHandle$Holder.invokeStatic(java.lang.Object, java.lang.Object, java.lang.Object)'> (0x0000000787817b30) 
thrown [open/src/hotspot/share/interpreter/linkResolver.cpp, line 766]
Event: 1.201 Thread 0x00007fa825808200 Exception <a 'java/lang/NoSuchMethodError'{0x00000007878349c8}: 'int java.lang.invoke.DirectMethodHandle$Holder.invokeStaticInit(java.lang.Object, java.lang.Object, java.lang.Object)'> (0x00000007878349c8) 
thrown [open/src/hotspot/share/interpreter/linkResolver.cpp, line 766]
Event: 1.800 Thread 0x00007fa8248f4c00 Exception <a 'java/lang/ClassCastException'{0x00000007876d6f00}> (0x00000007876d6f00) 
thrown [open/src/hotspot/share/runtime/sharedRuntime.cpp, line 628]
Event: 1.800 Thread 0x00007fa8248f4c00 Exception <a 'java/lang/BootstrapMethodError'{0x00000007876d71d0}> (0x00000007876d71d0) 
thrown [open/src/hotspot/share/utilities/exceptions.cpp, line 452]
Event: 1.801 Thread 0x00007fa8248f4c00 Exception <a 'java/lang/BootstrapMethodError'{0x00000007876d71d0}> (0x00000007876d71d0) 
thrown [open/src/hotspot/share/oops/instanceKlass.cpp, line 1163]

VM Operations (6 events):
Event: 0.404 Executing VM operation: HandshakeAllThreads
Event: 0.404 Executing VM operation: HandshakeAllThreads done
Event: 0.404 Executing VM operation: HandshakeAllThreads
Event: 0.404 Executing VM operation: HandshakeAllThreads done
Event: 1.407 Executing VM operation: Cleanup
Event: 1.408 Executing VM operation: Cleanup done

Events (20 events):
Event: 1.293 loading class java/util/concurrent/BlockingDeque
Event: 1.299 loading class java/util/concurrent/BlockingDeque done
Event: 1.299 loading class java/util/concurrent/LinkedBlockingDeque
Event: 1.303 loading class java/util/concurrent/LinkedBlockingDeque done
Event: 1.304 Thread 0x00007fa824a1fa00 Thread added: 0x00007fa824a1fa00
Event: 1.304 Protecting memory [0x000070000a335000,0x000070000a339000] with protection modes 0
Event: 1.313 Protecting memory [0x00007ff7b657a000,0x00007ff7b657e000] with protection modes 0
Event: 1.313 Thread 0x00007fa8248f4c00 Thread added: 0x00007fa8248f4c00
Event: 1.554 Thread 0x00007fa824a3b400 Thread added: 0x00007fa824a3b400
Event: 1.555 Protecting memory [0x000070000a4bb000,0x000070000a4bf000] with protection modes 0
Event: 1.799 loading class java/util/concurrent/LinkedBlockingDeque$Node
Event: 1.799 loading class java/util/concurrent/LinkedBlockingDeque$Node done
Event: 1.799 Protecting memory [0x000070000a4bb000,0x000070000a4bf000] with protection modes 3
Event: 1.799 Thread 0x00007fa824a3b400 Thread exited: 0x00007fa824a3b400
Event: 1.801 loading class java/lang/Throwable$WrappedPrintStream
Event: 1.801 loading class java/lang/Throwable$PrintStreamOrWriter
Event: 1.801 loading class java/lang/Throwable$PrintStreamOrWriter done
Event: 1.801 loading class java/lang/Throwable$WrappedPrintStream done
Event: 1.802 loading class java/lang/StackTraceElement$HashedModules
Event: 1.802 loading class java/lang/StackTraceElement$HashedModules done


Dynamic libraries:
0x00000001092ac000 	/Library/Java/JavaVirtualMachines/jdk-17.0.1.jdk/Contents/Home/lib/libjli.dylib
0x00007ff820849000 	/usr/lib/libz.1.dylib
0x00007ff820929000 	/usr/lib/libSystem.B.dylib
0x00007ff820924000 	/usr/lib/system/libcache.dylib
0x00007ff8208e0000 	/usr/lib/system/libcommonCrypto.dylib
0x00007ff820909000 	/usr/lib/system/libcompiler_rt.dylib
0x00007ff8208ff000 	/usr/lib/system/libcopyfile.dylib
0x00007ff815945000 	/usr/lib/system/libcorecrypto.dylib
0x00007ff815a04000 	/usr/lib/system/libdispatch.dylib
0x00007ff815bc3000 	/usr/lib/system/libdyld.dylib
0x00007ff82091b000 	/usr/lib/system/libkeymgr.dylib
0x00007ff8208be000 	/usr/lib/system/libmacho.dylib
0x00007ff81ff4e000 	/usr/lib/system/libquarantine.dylib
0x00007ff820919000 	/usr/lib/system/libremovefile.dylib
0x00007ff81ab27000 	/usr/lib/system/libsystem_asl.dylib
0x00007ff8158f3000 	/usr/lib/system/libsystem_blocks.dylib
0x00007ff815a88000 	/usr/lib/system/libsystem_c.dylib
0x00007ff820911000 	/usr/lib/system/libsystem_collections.dylib
0x00007ff81f1f6000 	/usr/lib/system/libsystem_configuration.dylib
0x00007ff81e4b7000 	/usr/lib/system/libsystem_containermanager.dylib
0x00007ff8205fb000 	/usr/lib/system/libsystem_coreservices.dylib
0x00007ff8181ed000 	/usr/lib/system/libsystem_darwin.dylib
0x00007ff82091c000 	/usr/lib/system/libsystem_dnssd.dylib
0x00007ff815a85000 	/usr/lib/system/libsystem_featureflags.dylib
0x00007ff815bd9000 	/usr/lib/system/libsystem_info.dylib
0x00007ff82085c000 	/usr/lib/system/libsystem_m.dylib
0x00007ff8159d8000 	/usr/lib/system/libsystem_malloc.dylib
0x00007ff81aac4000 	/usr/lib/system/libsystem_networkextension.dylib
0x00007ff818615000 	/usr/lib/system/libsystem_notify.dylib
0x00007ff826a98000 	/usr/lib/system/libsystem_product_info_filter.dylib
0x00007ff81f1fa000 	/usr/lib/system/libsystem_sandbox.dylib
0x00007ff820916000 	/usr/lib/system/libsystem_secinit.dylib
0x00007ff815b80000 	/usr/lib/system/libsystem_kernel.dylib
0x00007ff815bcf000 	/usr/lib/system/libsystem_platform.dylib
0x00007ff815bb7000 	/usr/lib/system/libsystem_pthread.dylib
0x00007ff81c37c000 	/usr/lib/system/libsystem_symptoms.dylib
0x00007ff81592c000 	/usr/lib/system/libsystem_trace.dylib
0x00007ff8208ec000 	/usr/lib/system/libunwind.dylib
0x00007ff8158f5000 	/usr/lib/system/libxpc.dylib
0x00007ff815b6a000 	/usr/lib/libc++abi.dylib
0x00007ff815a4b000 	/usr/lib/libobjc.A.dylib
0x00007ff8208f7000 	/usr/lib/liboah.dylib
0x00007ff815b11000 	/usr/lib/libc++.1.dylib
0x00007ff82c7ee000 	/System/Library/Frameworks/Cocoa.framework/Versions/A/Cocoa
0x00007ff818673000 	/System/Library/Frameworks/AppKit.framework/Versions/C/AppKit
0x00007ff81bb69000 	/System/Library/Frameworks/CoreData.framework/Versions/A/CoreData
0x00007ff816a8a000 	/System/Library/Frameworks/Foundation.framework/Versions/C/Foundation
0x00007ff819502000 	/System/Library/PrivateFrameworks/UIFoundation.framework/Versions/A/UIFoundation
0x00007ff82679f000 	/System/Library/PrivateFrameworks/RemoteViewServices.framework/Versions/A/RemoteViewServices
0x00007ff81eb8f000 	/System/Library/PrivateFrameworks/XCTTargetBootstrap.framework/Versions/A/XCTTargetBootstrap
0x00007ff822739000 	/System/Library/PrivateFrameworks/InternationalSupport.framework/Versions/A/InternationalSupport
0x00007ff8227c3000 	/System/Library/PrivateFrameworks/UserActivity.framework/Versions/A/UserActivity
0x00007ff821b19000 	/usr/lib/libspindump.dylib
0x00007ff819790000 	/System/Library/Frameworks/UniformTypeIdentifiers.framework/Versions/A/UniformTypeIdentifiers
0x00007ff81d2cc000 	/usr/lib/libapp_launch_measurement.dylib
0x00007ff81c535000 	/System/Library/PrivateFrameworks/CoreAnalytics.framework/Versions/A/CoreAnalytics
0x00007ff81d2cf000 	/System/Library/PrivateFrameworks/CoreAutoLayout.framework/Versions/A/CoreAutoLayout
0x00007ff81e4ef000 	/System/Library/Frameworks/Metal.framework/Versions/A/Metal
0x00007ff81f205000 	/usr/lib/liblangid.dylib
0x00007ff81eb93000 	/System/Library/PrivateFrameworks/CoreSVG.framework/Versions/A/CoreSVG
0x00007ff81ab57000 	/System/Library/PrivateFrameworks/SkyLight.framework/Versions/A/SkyLight
0x00007ff81aeea000 	/System/Library/Frameworks/CoreGraphics.framework/Versions/A/CoreGraphics
0x00007ff826e0e000 	/System/Library/Frameworks/Accelerate.framework/Versions/A/Accelerate
0x00007ff821594000 	/System/Library/PrivateFrameworks/IconServices.framework/Versions/A/IconServices
0x00007ff81e4d4000 	/System/Library/Frameworks/IOSurface.framework/Versions/A/IOSurface
0x00007ff81c563000 	/usr/lib/libDiagnosticMessagesClient.dylib
0x00007ff82a47d000 	/System/Library/Frameworks/ApplicationServices.framework/Versions/A/ApplicationServices
0x00007ff81eb7b000 	/System/Library/PrivateFrameworks/DFRFoundation.framework/Versions/A/DFRFoundation
0x00007ff817f64000 	/usr/lib/libicucore.A.dylib
0x00007ff82345e000 	/System/Library/Frameworks/AudioToolbox.framework/Versions/A/AudioToolbox
0x00007ff822745000 	/System/Library/PrivateFrameworks/DataDetectorsCore.framework/Versions/A/DataDetectorsCore
0x00007ff91e0a4000 	/System/Library/PrivateFrameworks/TextInput.framework/Versions/A/TextInput
0x00007ff81aadb000 	/usr/lib/libMobileGestalt.dylib
0x00007ff81e883000 	/System/Library/Frameworks/Carbon.framework/Versions/A/Frameworks/HIToolbox.framework/Versions/A/HIToolbox
0x00007ff81ccf9000 	/System/Library/Frameworks/QuartzCore.framework/Versions/A/QuartzCore
0x00007ff817c04000 	/System/Library/Frameworks/Security.framework/Versions/A/Security
0x00007ff8267d7000 	/System/Library/Frameworks/Carbon.framework/Versions/A/Frameworks/SpeechRecognition.framework/Versions/A/SpeechRecognition
0x00007ff81d02c000 	/System/Library/PrivateFrameworks/CoreUI.framework/Versions/A/CoreUI
0x00007ff8174dc000 	/System/Library/Frameworks/CoreAudio.framework/Versions/A/CoreAudio
0x00007ff81c651000 	/System/Library/Frameworks/DiskArbitration.framework/Versions/A/DiskArbitration
0x00007ff821f00000 	/System/Library/PrivateFrameworks/MultitouchSupport.framework/Versions/A/MultitouchSupport
0x00007ff81aada000 	/usr/lib/libenergytrace.dylib
0x00007ff81855f000 	/System/Library/Frameworks/IOKit.framework/Versions/A/IOKit
0x00007ff826bc3000 	/System/Library/Frameworks/CoreServices.framework/Versions/A/CoreServices
0x00007ff81d266000 	/System/Library/PrivateFrameworks/PerformanceAnalysis.framework/Versions/A/PerformanceAnalysis
0x00007ffa2d86f000 	/System/Library/Frameworks/OpenGL.framework/Versions/A/OpenGL
0x00007ff81fe7a000 	/System/Library/PrivateFrameworks/MobileKeyBag.framework/Versions/A/MobileKeyBag
0x00007ff81b5b6000 	/System/Library/Frameworks/ColorSync.framework/Versions/A/ColorSync
0x00007ff815c04000 	/System/Library/Frameworks/CoreFoundation.framework/Versions/A/CoreFoundation
0x00007ff81ee0c000 	/System/Library/Frameworks/CoreImage.framework/Versions/A/CoreImage
0x00007ff8172f2000 	/System/Library/Frameworks/CoreText.framework/Versions/A/CoreText
0x00007ff81ebc2000 	/System/Library/Frameworks/ImageIO.framework/Versions/A/ImageIO
0x00007ff82092f000 	/System/Library/PrivateFrameworks/SoftLinking.framework/Versions/A/SoftLinking
0x00007ff81d317000 	/usr/lib/libxml2.2.dylib
0x00007ff820bb3000 	/usr/lib/libcompression.dylib
0x00007ff82266f000 	/System/Library/PrivateFrameworks/TextureIO.framework/Versions/A/TextureIO
0x00007ff8212a6000 	/usr/lib/libate.dylib
0x00007ff821084000 	/usr/lib/liblzma.5.dylib
0x00007ff81679b000 	/System/Library/Frameworks/SystemConfiguration.framework/Versions/A/SystemConfiguration
0x00007ff82092b000 	/usr/lib/libfakelink.dylib
0x00007ff81a62d000 	/System/Library/Frameworks/CFNetwork.framework/Versions/A/CFNetwork
0x00007ff820a6a000 	/usr/lib/libarchive.2.dylib
0x00007ff81f201000 	/System/Library/PrivateFrameworks/AppleSystemInfo.framework/Versions/A/AppleSystemInfo
0x00007ff81ff75000 	/usr/lib/libbsm.0.dylib
0x00007ff819c63000 	/usr/lib/libnetwork.dylib
0x00007ff8208c4000 	/usr/lib/system/libkxld.dylib
0x00007ff81fba3000 	/System/Library/PrivateFrameworks/IOMobileFramebuffer.framework/Versions/A/IOMobileFramebuffer
0x00007ffb2b61d000 	/usr/lib/libCoreEntitlements.dylib
0x00007ff8205dd000 	/System/Library/PrivateFrameworks/AppleFSCompression.framework/Versions/A/AppleFSCompression
0x00007ff81ff5d000 	/usr/lib/libcoretls.dylib
0x00007ff82109e000 	/usr/lib/libcoretls_cfhelpers.dylib
0x00007ff820bae000 	/usr/lib/libpam.2.dylib
0x00007ff81bf9e000 	/usr/lib/libsqlite3.dylib
0x00007ff82110d000 	/usr/lib/libxar.1.dylib
0x00007ff8205ed000 	/usr/lib/libbz2.1.0.dylib
0x00007ff820930000 	/usr/lib/libpcap.A.dylib
0x00007ff81c373000 	/usr/lib/libdns_services.dylib
0x00007ff820b7d000 	/usr/lib/libapple_nghttp2.dylib
0x00007ff820967000 	/usr/lib/libiconv.2.dylib
0x00007ff8208bd000 	/usr/lib/libcharset.1.dylib
0x00007ff81d29a000 	/System/Library/Frameworks/CoreServices.framework/Versions/A/Frameworks/FSEvents.framework/Versions/A/FSEvents
0x00007ff8181f7000 	/System/Library/Frameworks/CoreServices.framework/Versions/A/Frameworks/CarbonCore.framework/Versions/A/CarbonCore
0x00007ff81c5b6000 	/System/Library/Frameworks/CoreServices.framework/Versions/A/Frameworks/Metadata.framework/Versions/A/Metadata
0x00007ff820600000 	/System/Library/Frameworks/CoreServices.framework/Versions/A/Frameworks/OSServices.framework/Versions/A/OSServices
0x00007ff820af1000 	/System/Library/Frameworks/CoreServices.framework/Versions/A/Frameworks/SearchKit.framework/Versions/A/SearchKit
0x00007ff81c305000 	/System/Library/Frameworks/CoreServices.framework/Versions/A/Frameworks/AE.framework/Versions/A/AE
0x00007ff816107000 	/System/Library/Frameworks/CoreServices.framework/Versions/A/Frameworks/LaunchServices.framework/Versions/A/LaunchServices
0x00007ff821035000 	/System/Library/Frameworks/CoreServices.framework/Versions/A/Frameworks/DictionaryServices.framework/Versions/A/DictionaryServices
0x00007ff81d2a7000 	/System/Library/Frameworks/CoreServices.framework/Versions/A/Frameworks/SharedFileList.framework/Versions/A/SharedFileList
0x00007ff81ff51000 	/usr/lib/libCheckFix.dylib
0x00007ff81ab3e000 	/System/Library/PrivateFrameworks/TCC.framework/Versions/A/TCC
0x00007ff81f207000 	/System/Library/PrivateFrameworks/CoreNLP.framework/Versions/A/CoreNLP
0x00007ff81c566000 	/System/Library/PrivateFrameworks/MetadataUtilities.framework/Versions/A/MetadataUtilities
0x00007ff81684b000 	/usr/lib/libmecabra.dylib
0x00007ff81ff85000 	/usr/lib/libmecab.dylib
0x00007ff816816000 	/usr/lib/libCRFSuite.dylib
0x00007ff81ffe2000 	/usr/lib/libgermantok.dylib
0x00007ff820b58000 	/usr/lib/libThaiTokenizer.dylib
0x00007ff81c658000 	/System/Library/Frameworks/Accelerate.framework/Versions/A/Frameworks/vImage.framework/Versions/A/vImage
0x00007ff826b9a000 	/System/Library/Frameworks/Accelerate.framework/Versions/A/Frameworks/vecLib.framework/Versions/A/vecLib
0x00007ff82114e000 	/System/Library/Frameworks/Accelerate.framework/Versions/A/Frameworks/vecLib.framework/Versions/A/libvMisc.dylib
0x00007ff81f9c1000 	/System/Library/Frameworks/Accelerate.framework/Versions/A/Frameworks/vecLib.framework/Versions/A/libvDSP.dylib
0x00007ff81647f000 	/System/Library/Frameworks/Accelerate.framework/Versions/A/Frameworks/vecLib.framework/Versions/A/libBLAS.dylib
0x00007ff820c8f000 	/System/Library/Frameworks/Accelerate.framework/Versions/A/Frameworks/vecLib.framework/Versions/A/libLAPACK.dylib
0x00007ff81ffe5000 	/System/Library/Frameworks/Accelerate.framework/Versions/A/Frameworks/vecLib.framework/Versions/A/libLinearAlgebra.dylib
0x00007ff820b96000 	/System/Library/Frameworks/Accelerate.framework/Versions/A/Frameworks/vecLib.framework/Versions/A/libSparseBLAS.dylib
0x00007ff820c89000 	/System/Library/Frameworks/Accelerate.framework/Versions/A/Frameworks/vecLib.framework/Versions/A/libQuadrature.dylib
0x00007ff81f2f1000 	/System/Library/Frameworks/Accelerate.framework/Versions/A/Frameworks/vecLib.framework/Versions/A/libBNNS.dylib
0x00007ff81672c000 	/System/Library/Frameworks/Accelerate.framework/Versions/A/Frameworks/vecLib.framework/Versions/A/libSparse.dylib
0x00007ff81f2ea000 	/System/Library/PrivateFrameworks/LinguisticData.framework/Versions/A/LinguisticData
0x00007ff8166e1000 	/System/Library/PrivateFrameworks/Lexicon.framework/Versions/A/Lexicon
0x00007ff821147000 	/usr/lib/libChineseTokenizer.dylib
0x00007ff816e45000 	/System/Library/PrivateFrameworks/LanguageModeling.framework/Versions/A/LanguageModeling
0x00007ff820b5a000 	/System/Library/PrivateFrameworks/AppleSauce.framework/Versions/A/AppleSauce
0x00007ff81fb91000 	/System/Library/PrivateFrameworks/CoreEmoji.framework/Versions/A/CoreEmoji
0x00007ff820a59000 	/usr/lib/libcmph.dylib
0x00007ff81d27e000 	/System/Library/Frameworks/OpenDirectory.framework/Versions/A/Frameworks/CFOpenDirectory.framework/Versions/A/CFOpenDirectory
0x00007ff81d272000 	/System/Library/Frameworks/OpenDirectory.framework/Versions/A/OpenDirectory
0x00007ff8210a0000 	/System/Library/PrivateFrameworks/APFS.framework/Versions/A/APFS
0x00007ff81feb2000 	/System/Library/Frameworks/SecurityFoundation.framework/Versions/A/SecurityFoundation
0x00007ff82111b000 	/usr/lib/libutil.dylib
0x00007ff818522000 	/System/Library/PrivateFrameworks/CoreServicesStore.framework/Versions/A/CoreServicesStore
0x00007ff82111f000 	/usr/lib/libxslt.1.dylib
0x00007ff81ff3f000 	/System/Library/PrivateFrameworks/BackgroundTaskManagement.framework/Versions/A/BackgroundTaskManagement
0x00007ff82258f000 	/System/Library/Frameworks/ImageIO.framework/Versions/A/Resources/libRadiance.dylib
0x00007ff822598000 	/System/Library/Frameworks/ImageIO.framework/Versions/A/Resources/libJPEG.dylib
0x00007ff8224e8000 	/System/Library/Frameworks/ImageIO.framework/Versions/A/Resources/libPng.dylib
0x00007ff822509000 	/System/Library/Frameworks/ImageIO.framework/Versions/A/Resources/libTIFF.dylib
0x00007ff8225f8000 	/System/Library/Frameworks/ImageIO.framework/Versions/A/Resources/libGIF.dylib
0x00007ff821e19000 	/System/Library/Frameworks/ImageIO.framework/Versions/A/Resources/libJP2.dylib
0x00007ff82155b000 	/usr/lib/libexpat.1.dylib
0x00007ff821dce000 	/System/Library/PrivateFrameworks/AppleJPEG.framework/Versions/A/AppleJPEG
0x00007ff81e74a000 	/System/Library/PrivateFrameworks/FontServices.framework/libFontParser.dylib
0x00007ff81c2af000 	/System/Library/PrivateFrameworks/RunningBoardServices.framework/Versions/A/RunningBoardServices
0x00007ff82cd68000 	/System/Library/PrivateFrameworks/IOSurfaceAccelerator.framework/Versions/A/IOSurfaceAccelerator
0x00007ff821efc000 	/System/Library/PrivateFrameworks/WatchdogClient.framework/Versions/A/WatchdogClient
0x00007ff816f34000 	/System/Library/Frameworks/CoreDisplay.framework/Versions/A/CoreDisplay
0x00007ff81e649000 	/System/Library/Frameworks/CoreMedia.framework/Versions/A/CoreMedia
0x00007ff81e4e6000 	/System/Library/PrivateFrameworks/IOAccelerator.framework/Versions/A/IOAccelerator
0x00007ff81d3fa000 	/System/Library/Frameworks/CoreVideo.framework/Versions/A/CoreVideo
0x00007ff820bac000 	/System/Library/Frameworks/MetalPerformanceShaders.framework/Versions/A/MetalPerformanceShaders
0x00007ff821f37000 	/System/Library/Frameworks/VideoToolbox.framework/Versions/A/VideoToolbox
0x00007ff81c1f7000 	/System/Library/PrivateFrameworks/BaseBoard.framework/Versions/A/BaseBoard
0x00007ff81bf84000 	/System/Library/PrivateFrameworks/ProtocolBuffer.framework/Versions/A/ProtocolBuffer
0x00007ff822588000 	/System/Library/PrivateFrameworks/GPUWrangler.framework/Versions/A/GPUWrangler
0x00007ff82256b000 	/System/Library/PrivateFrameworks/IOPresentment.framework/Versions/A/IOPresentment
0x00007ff822592000 	/System/Library/PrivateFrameworks/DSExternalDisplay.framework/Versions/A/DSExternalDisplay
0x00007ffa2d863000 	/System/Library/Frameworks/OpenGL.framework/Versions/A/Libraries/libCoreFSCache.dylib
0x00007ffb19907000 	/System/Library/PrivateFrameworks/GPUCompiler.framework/Versions/31001/Libraries/libGPUCompilerUtils.dylib
0x00007ff8225fd000 	/System/Library/PrivateFrameworks/CMCaptureCore.framework/Versions/A/CMCaptureCore
0x00007ff821b07000 	/System/Library/PrivateFrameworks/AppServerSupport.framework/Versions/A/AppServerSupport
0x00007ff823ce4000 	/System/Library/PrivateFrameworks/perfdata.framework/Versions/A/perfdata
0x00007ff817060000 	/System/Library/PrivateFrameworks/AudioToolboxCore.framework/Versions/A/AudioToolboxCore
0x00007ff81e626000 	/System/Library/PrivateFrameworks/caulk.framework/Versions/A/caulk
0x00007ff823608000 	/usr/lib/libAudioStatistics.dylib
0x00007ff91a935000 	/System/Library/PrivateFrameworks/SystemPolicy.framework/Versions/A/SystemPolicy
0x00007ff82385d000 	/usr/lib/libSMC.dylib
0x00007ff82c6a1000 	/System/Library/Frameworks/CoreMIDI.framework/Versions/A/CoreMIDI
0x00007ff8224b8000 	/usr/lib/libAudioToolboxUtility.dylib
0x00007ff916d47000 	/System/Library/PrivateFrameworks/OSAServicesClient.framework/Versions/A/OSAServicesClient
0x00007ff823cf1000 	/usr/lib/libperfcheck.dylib
0x00007ff91b3c7000 	/usr/lib/libmis.dylib
0x00007ffa2d8bf000 	/System/Library/Frameworks/OpenGL.framework/Versions/A/Libraries/libGLU.dylib
0x00007ffa2d882000 	/System/Library/Frameworks/OpenGL.framework/Versions/A/Libraries/libGFXShared.dylib
0x00007ffa2da90000 	/System/Library/Frameworks/OpenGL.framework/Versions/A/Libraries/libGL.dylib
0x00007ffa2d88b000 	/System/Library/Frameworks/OpenGL.framework/Versions/A/Libraries/libGLImage.dylib
0x00007ffa2d87f000 	/System/Library/Frameworks/OpenGL.framework/Versions/A/Libraries/libCVMSPluginSupport.dylib
0x00007ffa2d86a000 	/System/Library/Frameworks/OpenGL.framework/Versions/A/Libraries/libCoreVMClient.dylib
0x00007ff81f185000 	/System/Library/Frameworks/MetalPerformanceShaders.framework/Versions/A/Frameworks/MPSCore.framework/Versions/A/MPSCore
0x00007ff820548000 	/System/Library/Frameworks/MetalPerformanceShaders.framework/Versions/A/Frameworks/MPSImage.framework/Versions/A/MPSImage
0x00007ff81fffb000 	/System/Library/Frameworks/MetalPerformanceShaders.framework/Versions/A/Frameworks/MPSNeuralNetwork.framework/Versions/A/MPSNeuralNetwork
0x00007ff820470000 	/System/Library/Frameworks/MetalPerformanceShaders.framework/Versions/A/Frameworks/MPSMatrix.framework/Versions/A/MPSMatrix
0x00007ff82022c000 	/System/Library/Frameworks/MetalPerformanceShaders.framework/Versions/A/Frameworks/MPSRayIntersector.framework/Versions/A/MPSRayIntersector
0x00007ff8204a9000 	/System/Library/Frameworks/MetalPerformanceShaders.framework/Versions/A/Frameworks/MPSNDArray.framework/Versions/A/MPSNDArray
0x00007ffa32481000 	/System/Library/Frameworks/MetalPerformanceShaders.framework/Versions/A/Frameworks/MPSFunctions.framework/Versions/A/MPSFunctions
0x00007ff816362000 	/System/Library/PrivateFrameworks/MetalTools.framework/Versions/A/MetalTools
0x00007ff81f1ff000 	/System/Library/PrivateFrameworks/AggregateDictionary.framework/Versions/A/AggregateDictionary
0x00007ff82133d000 	/usr/lib/libIOReport.dylib
0x00007ffa2ee9f000 	/System/Library/Frameworks/OpenCL.framework/Versions/A/OpenCL
0x00007ff8216a1000 	/System/Library/PrivateFrameworks/FaceCore.framework/Versions/A/FaceCore
0x00007ff821692000 	/System/Library/PrivateFrameworks/GraphVisualizer.framework/Versions/A/GraphVisualizer
0x00007ffb19812000 	/System/Library/PrivateFrameworks/FontServices.framework/Versions/A/FontServices
0x00007ff821abe000 	/System/Library/PrivateFrameworks/OTSVG.framework/Versions/A/OTSVG
0x00007ff81cfe2000 	/System/Library/Frameworks/ApplicationServices.framework/Versions/A/Frameworks/ATS.framework/Versions/A/Resources/libFontRegistry.dylib
0x00007ff821b0f000 	/System/Library/PrivateFrameworks/FontServices.framework/libhvf.dylib
0x00007ffb19813000 	/System/Library/PrivateFrameworks/FontServices.framework/libXTFontStaticRegistryData.dylib
0x00007ff82150b000 	/System/Library/PrivateFrameworks/AppleVA.framework/Versions/A/AppleVA
0x00007ff82362c000 	/System/Library/Frameworks/ApplicationServices.framework/Versions/A/Frameworks/ATS.framework/Versions/A/ATS
0x00007ff81b6b2000 	/System/Library/Frameworks/ApplicationServices.framework/Versions/A/Frameworks/HIServices.framework/Versions/A/HIServices
0x00007ff822607000 	/System/Library/Frameworks/ApplicationServices.framework/Versions/A/Frameworks/PrintCore.framework/Versions/A/PrintCore
0x00007ff8239b0000 	/System/Library/Frameworks/ApplicationServices.framework/Versions/A/Frameworks/QD.framework/Versions/A/QD
0x00007ff8239a8000 	/System/Library/Frameworks/ApplicationServices.framework/Versions/A/Frameworks/ColorSyncLegacy.framework/Versions/A/ColorSyncLegacy
0x00007ff82361c000 	/System/Library/Frameworks/ApplicationServices.framework/Versions/A/Frameworks/SpeechSynthesis.framework/Versions/A/SpeechSynthesis
0x00007ff8225c8000 	/System/Library/Frameworks/ApplicationServices.framework/Versions/A/Frameworks/ATSUI.framework/Versions/A/ATSUI
0x00007ff82393d000 	/usr/lib/libcups.2.dylib
0x00007ff823d00000 	/System/Library/Frameworks/Kerberos.framework/Versions/A/Kerberos
0x00007ff823d0f000 	/System/Library/Frameworks/GSS.framework/Versions/A/GSS
0x00007ff823698000 	/usr/lib/libresolv.9.dylib
0x00007ff821b1e000 	/System/Library/PrivateFrameworks/Heimdal.framework/Versions/A/Heimdal
0x00007ff82a7f8000 	/System/Library/Frameworks/Kerberos.framework/Versions/A/Libraries/libHeimdalProxy.dylib
0x00007ff81c384000 	/System/Library/Frameworks/Network.framework/Versions/A/Network
0x00007ff821575000 	/usr/lib/libheimdal-asn1.dylib
0x00007ff823d5b000 	/System/Library/PrivateFrameworks/CommonAuth.framework/Versions/A/CommonAuth
0x00007ff823599000 	/System/Library/PrivateFrameworks/AudioSession.framework/Versions/A/AudioSession
0x00007ff821605000 	/System/Library/PrivateFrameworks/MediaExperience.framework/Versions/A/MediaExperience
0x00007ff82342d000 	/System/Library/PrivateFrameworks/AudioSession.framework/libSessionUtility.dylib
0x00007ff8239bc000 	/System/Library/PrivateFrameworks/AudioResourceArbitration.framework/Versions/A/AudioResourceArbitration
0x00007ff8279ad000 	/System/Library/PrivateFrameworks/PowerLog.framework/Versions/A/PowerLog
0x00007ff82157e000 	/System/Library/PrivateFrameworks/IconFoundation.framework/Versions/A/IconFoundation
0x00007ff8267c7000 	/System/Library/PrivateFrameworks/SpeechRecognitionCore.framework/Versions/A/SpeechRecognitionCore
0x000000010a8bc000 	/Library/Java/JavaVirtualMachines/jdk-17.0.1.jdk/Contents/Home/lib/server/libjvm.dylib
0x00000001092db000 	/Library/Java/JavaVirtualMachines/jdk-17.0.1.jdk/Contents/Home/lib/libjimage.dylib
0x0000000109358000 	/Library/Java/JavaVirtualMachines/jdk-17.0.1.jdk/Contents/Home/lib/libjava.dylib
0x00000001095bc000 	/Library/Java/JavaVirtualMachines/jdk-17.0.1.jdk/Contents/Home/lib/libnio.dylib
0x00000001095f5000 	/Library/Java/JavaVirtualMachines/jdk-17.0.1.jdk/Contents/Home/lib/libnet.dylib
0x00000001095d7000 	/Library/Java/JavaVirtualMachines/jdk-17.0.1.jdk/Contents/Home/lib/libzip.dylib
0x0000000109613000 	/Users/parthsharma/.openjfx/cache/17.0.1/libprism_es2.dylib
0x00007ff8184e3000 	/System/Library/PrivateFrameworks/CoreServicesInternal.framework/Versions/A/CoreServicesInternal
0x00007ffa2da9b000 	/System/Library/Frameworks/OpenGL.framework/Versions/A/Resources/GLEngine.bundle/GLEngine
0x00007ffa2d8fd000 	/System/Library/Frameworks/OpenGL.framework/Versions/A/Libraries/libGLProgrammability.dylib
0x00007ffa255d1000 	/System/Library/Extensions/AppleIntelBDWGraphicsGLDriver.bundle/Contents/MacOS/AppleIntelBDWGraphicsGLDriver
0x00007ff925290000 	/System/Library/PrivateFrameworks/GPUSupport.framework/Versions/A/Libraries/libGPUSupportMercury.dylib
0x00007ffa2dc2a000 	/System/Library/Frameworks/OpenGL.framework/Versions/A/Resources/GLRendererFloat.bundle/GLRendererFloat
0x000000010a7d8000 	/Users/parthsharma/.openjfx/cache/17.0.1/libglass.dylib
0x00007ff827f9e000 	/System/Library/Frameworks/FileProvider.framework/Versions/A/FileProvider
0x00007ff81c163000 	/System/Library/Frameworks/Accounts.framework/Versions/A/Accounts
0x00007ff828115000 	/System/Library/PrivateFrameworks/GenerationalStorage.framework/Versions/A/GenerationalStorage
0x00007ff828c27000 	/System/Library/PrivateFrameworks/CoreSymbolication.framework/Versions/A/CoreSymbolication
0x00007ff8279a2000 	/System/Library/PrivateFrameworks/SymptomDiagnosticReporter.framework/Versions/A/SymptomDiagnosticReporter
0x00007ff8197a4000 	/System/Library/PrivateFrameworks/DesktopServicesPriv.framework/Versions/A/DesktopServicesPriv
0x00007ff818624000 	/usr/lib/libsandbox.1.dylib
0x00007ff81d479000 	/System/Library/PrivateFrameworks/UserManagement.framework/Versions/A/UserManagement
0x00007ff828bec000 	/System/Library/PrivateFrameworks/DebugSymbols.framework/Versions/A/DebugSymbols
0x00007ff82399d000 	/System/Library/PrivateFrameworks/NetAuth.framework/Versions/A/NetAuth
0x00007ff82488b000 	/System/Library/PrivateFrameworks/Sharing.framework/Versions/A/Sharing
0x00007ff81d44c000 	/System/Library/PrivateFrameworks/login.framework/Versions/A/Frameworks/loginsupport.framework/Versions/A/loginsupport
0x00007ff829d2c000 	/System/Library/PrivateFrameworks/Apple80211.framework/Versions/A/Apple80211
0x00007ff82062d000 	/System/Library/PrivateFrameworks/AuthKit.framework/Versions/A/AuthKit
0x00007ff81fc87000 	/System/Library/PrivateFrameworks/CoreUtils.framework/Versions/A/CoreUtils
0x00007ff81fbae000 	/System/Library/Frameworks/CoreWLAN.framework/Versions/A/CoreWLAN
0x00007ff8249e6000 	/System/Library/Frameworks/IOBluetooth.framework/Versions/A/IOBluetooth
0x00007ff829d94000 	/System/Library/PrivateFrameworks/CoreWiFi.framework/Versions/A/CoreWiFi
0x00007ff8287c1000 	/System/Library/PrivateFrameworks/FrontBoardServices.framework/Versions/A/FrontBoardServices
0x00007ff828853000 	/System/Library/PrivateFrameworks/BoardServices.framework/Versions/A/BoardServices
0x00007ff81fea1000 	/System/Library/PrivateFrameworks/AssertionServices.framework/Versions/A/AssertionServices
0x00007ff829f18000 	/System/Library/PrivateFrameworks/BackBoardServices.framework/Versions/A/BackBoardServices
0x00007ff823dea000 	/System/Library/PrivateFrameworks/CorePhoneNumbers.framework/Versions/A/CorePhoneNumbers
0x00007ff827abf000 	/System/Library/PrivateFrameworks/DiskManagement.framework/Versions/A/DiskManagement
0x00007ff8279d3000 	/System/Library/PrivateFrameworks/AppleIDAuthSupport.framework/Versions/A/AppleIDAuthSupport
0x00007ffa34417000 	/System/Library/PrivateFrameworks/AAAFoundation.framework/Versions/A/AAAFoundation
0x00007ff823dcb000 	/System/Library/PrivateFrameworks/KeychainCircle.framework/Versions/A/KeychainCircle
0x00007ff827a8b000 	/System/Library/PrivateFrameworks/MediaKit.framework/Versions/A/MediaKit
0x00007ff8279df000 	/System/Library/Frameworks/DiscRecording.framework/Versions/A/DiscRecording
0x00007ff821483000 	/usr/lib/libCoreStorage.dylib
0x00007ff82a207000 	/usr/lib/libcsfde.dylib
0x00007ff824ab3000 	/System/Library/PrivateFrameworks/ProtectedCloudStorage.framework/Versions/A/ProtectedCloudStorage
0x00007ff82a203000 	/System/Library/PrivateFrameworks/EFILogin.framework/Versions/A/EFILogin
0x00007ff82813b000 	/System/Library/PrivateFrameworks/OctagonTrust.framework/Versions/A/OctagonTrust
0x00007ffb18b34000 	/System/Library/PrivateFrameworks/CoreUtilsExtras.framework/Versions/A/CoreUtilsExtras
0x00007ff827915000 	/System/Library/Frameworks/CoreBluetooth.framework/Versions/A/CoreBluetooth
0x00007ff82a87d000 	/System/Library/Frameworks/AudioUnit.framework/Versions/A/AudioUnit
0x00007ff82147b000 	/usr/lib/libMatch.1.dylib
0x00007ff91f816000 	/System/Library/Frameworks/Accelerate.framework/Versions/A/Frameworks/vImage.framework/Versions/A/Libraries/libCGInterfaces.dylib
0x000000012bb03000 	/usr/lib/libobjc-trampolines.dylib
0x00007ffb2b72b000 	/usr/lib/libRosetta.dylib
0x00007ff81d172000 	/System/Library/PrivateFrameworks/ViewBridge.framework/Versions/A/ViewBridge


VM Arguments:
jvm_args: --add-modules=javafx.controls,javafx.fxml --module-path=/Users/parthsharma/.gradle/caches/modules-2/files-2.1/org.openjfx/javafx-fxml/17.0.1/4ec9abf3948b347b5ce0e09813add3f25a6dbc0b/javafx-fxml-17.0.1-mac.jar:/Users/parthsharma/.gradle/caches/modules-2/files-2.1/org.openjfx/javafx-controls/17.0.1/9c4e3c7ee4fe3f2d71cb94811910695f43040dc5/javafx-controls-17.0.1-mac.jar:/Users/parthsharma/.gradle/caches/modules-2/files-2.1/org.openjfx/javafx-graphics/17.0.1/60505369f7528056d4d8c5ea080df5447bdb0264/javafx-graphics-17.0.1-mac.jar:/Users/parthsharma/.gradle/caches/modules-2/files-2.1/org.openjfx/javafx-base/17.0.1/75cfa6f780ea3b3fd4ae336161e9e136ebb91ef2/javafx-base-17.0.1-mac.jar -Dfile.encoding=UTF-8 -Duser.country=CA -Duser.language=en -Duser.variant -ea 
java_command: GUI.MainApp
java_class_path (initial): /Users/parthsharma/git/TAB2XML/build/classes/java/main:/Users/parthsharma/git/TAB2XML/build/resources/main:/Users/parthsharma/.gradle/caches/modules-2/files-2.1/org.fxmisc.richtext/richtextfx/0.10.5/df9f31a099aa066c63b231f4bbb3826cd892b35c/richtextfx-0.10.5.jar:/Users/parthsharma/.gradle/caches/modules-2/files-2.1/org.apache.commons/commons-csv/1.8/37ca9a9aa2d4be2599e55506a6d3170dd7a3df4/commons-csv-1.8.jar:/Users/parthsharma/.gradle/caches/modules-2/files-2.1/com.fasterxml.jackson.module/jackson-module-jaxb-annotations/2.12.5/2b389d7206327e54ae31f709ab75a4a3f33e148/jackson-module-jaxb-annotations-2.12.5.jar:/Users/parthsharma/.gradle/caches/modules-2/files-2.1/com.fasterxml.jackson.core/jackson-databind/2.12.5/b064cf057f23d3d35390328c5030847efeffedde/jackson-databind-2.12.5.jar:/Users/parthsharma/.gradle/caches/modules-2/files-2.1/com.fasterxml.jackson.core/jackson-core/2.12.5/725e364cc71b80e60fa450bd06d75cdea7fb2d59/jackson-core-2.12.5.jar:/Users/parthsharma/.gradle/caches/modules-2/files-2.1/com.fasterxml.jackson.core/jackson-annotations/2.12.5/52d929d5bb21d0186fe24c09624cc3ee4bafc3b3/jackson-annotations-2.12.5.jar:/Users/parthsharma/.gradle/caches/modules-2/files-2.1/com.fasterxml.jackson.dataformat/jackson-dataformat-xml/2.12.5/4b872e5a9f7e6644c2dd8d7358ed9fad714d7c90/jackson-dataformat-xml-2.12.5.jar:/Users/parthsharma/.gradle/caches/modules-2/files-2.1/com.github.JensPiegsa/jfugue/5.0.9/54f26f3865c8c45368e6728f0ad840f829f17d94/jfugue-5.0.9.jar:/Users/parthsharma/.gradle/caches/modules-2/files-2.1/com.sun.xml.bind/jaxb-core/2.3.0.1/23574ca124d0a694721ce3ef13cd720095f18fdd/jaxb-core-2.3.0.1.jar:/Users/parthsharma/.gradle/caches/modules-2/files-2.1/javax.xml.bind/jaxb-api/2.3.1/8531ad5ac454cc2deb9d4d32c40c4d7451939b5d/jaxb-api-2.3.1.jar:/Users/parthsharma/.gradle/caches/modules-2/files-2.1/com.sun.xml.bind/jaxb-impl/2.3.1/a1a12b85ba1435b4189e065f7dafcc3fb9410d38/jaxb-impl-2.3.1.jar:/Users/parthsharma/.gradle/caches/modules-2/files-2.
Launcher Type: SUN_STANDARD

[Global flags]
     intx CICompilerCount                          = 3                                         {product} {ergonomic}
     uint ConcGCThreads                            = 1                                         {product} {ergonomic}
     uint G1ConcRefinementThreads                  = 4                                         {product} {ergonomic}
   size_t G1HeapRegionSize                         = 1048576                                   {product} {ergonomic}
    uintx GCDrainStackTargetSize                   = 64                                        {product} {ergonomic}
   size_t InitialHeapSize                          = 134217728                                 {product} {ergonomic}
   size_t MarkStackSize                            = 4194304                                   {product} {ergonomic}
   size_t MaxHeapSize                              = 2147483648                                {product} {ergonomic}
   size_t MaxNewSize                               = 1287651328                                {product} {ergonomic}
   size_t MinHeapDeltaBytes                        = 1048576                                   {product} {ergonomic}
   size_t MinHeapSize                              = 8388608                                   {product} {ergonomic}
    uintx NonNMethodCodeHeapSize                   = 5832780                                {pd product} {ergonomic}
    uintx NonProfiledCodeHeapSize                  = 122912730                              {pd product} {ergonomic}
    uintx ProfiledCodeHeapSize                     = 122912730                              {pd product} {ergonomic}
    uintx ReservedCodeCacheSize                    = 251658240                              {pd product} {ergonomic}
     bool SegmentedCodeCache                       = true                                      {product} {ergonomic}
   size_t SoftMaxHeapSize                          = 2147483648                             {manageable} {ergonomic}
     bool UseCompressedClassPointers               = true                           {product lp64_product} {ergonomic}
     bool UseCompressedOops                        = true                           {product lp64_product} {ergonomic}
     bool UseG1GC                                  = true                                      {product} {ergonomic}
     bool UseNUMA                                  = false                                     {product} {ergonomic}
     bool UseNUMAInterleaving                      = false                                     {product} {ergonomic}

Logging:
Log output configuration:
 #0: stdout all=warning uptime,level,tags
 #1: stderr all=off uptime,level,tags

Environment Variables:
PATH=/usr/bin:/bin:/usr/sbin:/sbin
SHELL=/bin/bash

Signal Handlers:
   SIGSEGV: _ZL13crash_handleriP9__siginfoPv in libjvm.dylib, mask=11100110000111110111111111111111, flags=SA_RESTART|SA_SIGINFO
    SIGBUS: _ZL13crash_handleriP9__siginfoPv in libjvm.dylib, mask=11100110000111110111111111111111, flags=SA_RESTART|SA_SIGINFO
    SIGFPE: _ZL13crash_handleriP9__siginfoPv in libjvm.dylib, mask=11100110000111110111111111111111, flags=SA_RESTART|SA_SIGINFO
   SIGPIPE: _ZL17javaSignalHandleriP9__siginfoPv in libjvm.dylib, mask=11100110000111110111111111111111, flags=SA_RESTART|SA_SIGINFO
   SIGXFSZ: _ZL17javaSignalHandleriP9__siginfoPv in libjvm.dylib, mask=11100110000111110111111111111111, flags=SA_RESTART|SA_SIGINFO
    SIGILL: _ZL13crash_handleriP9__siginfoPv in libjvm.dylib, mask=11100110000111110111111111111111, flags=SA_RESTART|SA_SIGINFO
   SIGUSR2: _ZL10SR_handleriP9__siginfoP17__darwin_ucontext in libjvm.dylib, mask=00100000000000000000000000000000, flags=SA_RESTART|SA_SIGINFO
    SIGHUP: _ZL11UserHandleriPvS_ in libjvm.dylib, mask=11100110000111110111111111111111, flags=SA_RESTART|SA_SIGINFO
    SIGINT: _ZL11UserHandleriPvS_ in libjvm.dylib, mask=11100110000111110111111111111111, flags=SA_RESTART|SA_SIGINFO
   SIGTERM: _ZL11UserHandleriPvS_ in libjvm.dylib, mask=11100110000111110111111111111111, flags=SA_RESTART|SA_SIGINFO
   SIGQUIT: _ZL11UserHandleriPvS_ in libjvm.dylib, mask=11100110000111110111111111111111, flags=SA_RESTART|SA_SIGINFO
   SIGTRAP: _ZL13crash_handleriP9__siginfoPv in libjvm.dylib, mask=11100110000111110111111111111111, flags=SA_RESTART|SA_SIGINFO


---------------  S Y S T E M  ---------------

OS:
uname: Darwin 21.2.0 Darwin Kernel Version 21.2.0: Sun Nov 28 20:28:54 PST 2021; root:xnu-8019.61.5~1/RELEASE_X86_64 x86_64
OS uptime: 4 days 4:45 hours
rlimit (soft/hard): STACK 8192k/65532k , CORE 0k/infinity , NPROC 1392/2088 , NOFILE 10240/infinity , AS infinity/infinity , CPU infinity/infinity , DATA infinity/infinity , FSIZE infinity/infinity , MEMLOCK infinity/infinity , RSS infinity/infinity
load average: 16.51 21.46 16.81

CPU: total 4 (initial active 4) (2 cores per cpu, 2 threads per core) family 6 model 61 stepping 4 microcode 0x2f, cx8, cmov, fxsr, ht, mmx, 3dnowpref, sse, sse2, sse3, ssse3, sse4.1, sse4.2, popcnt, lzcnt, tsc, tscinvbit, avx, avx2, aes, erms, clmul, bmi1, bmi2, rtm, adx, fma, vzeroupper, clflush

Memory: 4k page, physical 8388608k(171332k free), swap 3145728k(450304k free)

vm_info: Java HotSpot(TM) 64-Bit Server VM (17.0.1+12-LTS-39) for bsd-amd64 JRE (17.0.1+12-LTS-39), built on Sep 27 2021 17:40:18 by "mach5one" with clang Apple LLVM 12.0.0 (clang-1200.0.32.29)

END.
