#
# A fatal error has been detected by the Java Runtime Environment:
#
#  SIGSEGV (0xb) at pc=0x000000010a2c6b54, pid=936, tid=259
#
# JRE version: Java(TM) SE Runtime Environment (17.0.1+12) (build 17.0.1+12-LTS-39)
# Java VM: Java HotSpot(TM) 64-Bit Server VM (17.0.1+12-LTS-39, mixed mode, sharing, tiered, compressed oops, compressed class ptrs, g1 gc, bsd-amd64)
# Problematic frame:
# V  [libjvm.dylib+0x2a7b54]  AccessInternal::PostRuntimeDispatch<G1BarrierSet::AccessBarrier<286822ull, G1BarrierSet>, (AccessInternal::BarrierType)3, 286822ull>::oop_access_barrier(oopDesc*, long)+0x4
#
# No core dump will be written. Core dumps have been disabled. To enable core dumping, try "ulimit -c unlimited" before starting Java again
#
# If you would like to submit a bug report, please visit:
#   https://bugreport.java.com/bugreport/crash.jsp
#

---------------  S U M M A R Y ------------

Command Line: --add-modules=javafx.controls,javafx.fxml --module-path=/Users/parthsharma/.gradle/caches/modules-2/files-2.1/org.openjfx/javafx-fxml/17.0.1/4ec9abf3948b347b5ce0e09813add3f25a6dbc0b/javafx-fxml-17.0.1-mac.jar:/Users/parthsharma/.gradle/caches/modules-2/files-2.1/org.openjfx/javafx-controls/17.0.1/9c4e3c7ee4fe3f2d71cb94811910695f43040dc5/javafx-controls-17.0.1-mac.jar:/Users/parthsharma/.gradle/caches/modules-2/files-2.1/org.openjfx/javafx-graphics/17.0.1/60505369f7528056d4d8c5ea080df5447bdb0264/javafx-graphics-17.0.1-mac.jar:/Users/parthsharma/.gradle/caches/modules-2/files-2.1/org.openjfx/javafx-base/17.0.1/75cfa6f780ea3b3fd4ae336161e9e136ebb91ef2/javafx-base-17.0.1-mac.jar -Dfile.encoding=UTF-8 -Duser.country=CA -Duser.language=en -Duser.variant -ea GUI.MainApp

Host: "MacBookAir7,2" x86_64 1800 MHz, 4 cores, 8G, Darwin 21.3.0, macOS 12.2.1 (21D62)
Time: Sun Mar  6 19:11:36 2022 EST elapsed time: 1.067199 seconds (0d 0h 0m 1s)

---------------  T H R E A D  ---------------

Current thread (0x00007f7d3a8e7800):  JavaThread "JavaFX Application Thread" [_thread_in_vm, id=259, stack(0x00007ff7b682c000,0x00007ff7b702c000)]

Stack: [0x00007ff7b682c000,0x00007ff7b702c000],  sp=0x00007ff7b7026530,  free space=8169k
Native frames: (J=compiled Java code, j=interpreted, Vv=VM code, C=native code)
V  [libjvm.dylib+0x2a7b54]  AccessInternal::PostRuntimeDispatch<G1BarrierSet::AccessBarrier<286822ull, G1BarrierSet>, (AccessInternal::BarrierType)3, 286822ull>::oop_access_barrier(oopDesc*, long)+0x4
V  [libjvm.dylib+0x50e2b1]  java_lang_invoke_MethodType::ptype_count(oopDesc*)+0x11
V  [libjvm.dylib+0x1c4fa3]  BootstrapInfo::resolve_args(JavaThread*)+0x63
V  [libjvm.dylib+0x1c4e9c]  BootstrapInfo::resolve_bsm(JavaThread*)+0x26c
V  [libjvm.dylib+0x9afcbd]  SystemDictionary::invoke_bootstrap_method(BootstrapInfo&, JavaThread*)+0x2d
V  [libjvm.dylib+0x7147ee]  LinkResolver::resolve_dynamic_call(CallInfo&, BootstrapInfo&, JavaThread*)+0x1e
V  [libjvm.dylib+0x7141f0]  LinkResolver::resolve_invokedynamic(CallInfo&, constantPoolHandle const&, int, JavaThread*)+0x80
V  [libjvm.dylib+0x4fc514]  InterpreterRuntime::resolve_invokedynamic(JavaThread*)+0x174
V  [libjvm.dylib+0x4fc5f7]  InterpreterRuntime::resolve_from_cache(JavaThread*, Bytecodes::Code)+0x77
j  com.sun.javafx.tk.quantum.QuantumRenderer.createResourceFactory()V+16 javafx.graphics
j  com.sun.javafx.tk.quantum.QuantumToolkit.runToolkit()V+40 javafx.graphics
j  com.sun.javafx.tk.quantum.QuantumToolkit.lambda$startup$10()V+1 javafx.graphics
j  com.sun.javafx.tk.quantum.QuantumToolkit$$Lambda$66+0x0000000800c29710.run()V+4 javafx.graphics
j  com.sun.glass.ui.Application.lambda$run$1(Ljava/lang/Runnable;)V+4 javafx.graphics
j  com.sun.glass.ui.Application$$Lambda$71+0x0000000800c2d6d0.run()V+4 javafx.graphics
j  com.sun.glass.ui.mac.MacApplication.lambda$runLoop$3(Ljava/lang/Runnable;)V+12 javafx.graphics
j  com.sun.glass.ui.mac.MacApplication$$Lambda$72+0x0000000800c2d8f8.run()V+8 javafx.graphics
v  ~StubRoutines::call_stub
V  [libjvm.dylib+0x502a21]  JavaCalls::call_helper(JavaValue*, methodHandle const&, JavaCallArguments*, JavaThread*)+0x2a1
V  [libjvm.dylib+0x55c1a6]  jni_invoke_nonstatic(JNIEnv_*, JavaValue*, _jobject*, JNICallType, _jmethodID*, JNI_ArgumentPusher*, JavaThread*)+0x2d6
V  [libjvm.dylib+0x56052d]  jni_CallVoidMethod+0x19d
C  [libglass.dylib+0x8582]  -[GlassApplication applicationWillFinishLaunching:]+0x192
C  [CoreFoundation+0x75f23]  __CFNOTIFICATIONCENTER_IS_CALLING_OUT_TO_AN_OBSERVER__+0xc
C  [CoreFoundation+0x1133f9]  ___CFXRegistrationPost_block_invoke+0x31
C  [CoreFoundation+0x113376]  _CFXRegistrationPost+0x1f0
C  [CoreFoundation+0x47836]  _CFXNotificationPost+0x2dd
C  [Foundation+0x91be]  -[NSNotificationCenter postNotificationName:object:userInfo:]+0x52
C  [AppKit+0x2fbbf]  -[NSApplication finishLaunching]+0x146
C  [AppKit+0x2f7c9]  -[NSApplication run]+0xfa
C  [libglass.dylib+0xa2a5]  -[GlassApplication runLoop:]+0x795
C  [Foundation+0x80b03]  __NSThreadPerformPerform+0xb3
C  [CoreFoundation+0x808fd]  __CFRUNLOOP_IS_CALLING_OUT_TO_A_SOURCE0_PERFORM_FUNCTION__+0x11
C  [CoreFoundation+0x80865]  __CFRunLoopDoSource0+0xb4
C  [CoreFoundation+0x805e4]  __CFRunLoopDoSources0+0xf2
C  [CoreFoundation+0x7f01b]  __CFRunLoopRun+0x37d
C  [CoreFoundation+0x7e5dd]  CFRunLoopRunSpecific+0x233
C  [libjli.dylib+0x70b2]  CreateExecutionEnvironment+0x182
C  [libjli.dylib+0x2c15]  JLI_Launch+0x585
C  [java+0x3c09]  main+0x189
C  0x000000010c85d4fe

Java frames: (J=compiled Java code, j=interpreted, Vv=VM code)
j  com.sun.javafx.tk.quantum.QuantumRenderer.createResourceFactory()V+16 javafx.graphics
j  com.sun.javafx.tk.quantum.QuantumToolkit.runToolkit()V+40 javafx.graphics
j  com.sun.javafx.tk.quantum.QuantumToolkit.lambda$startup$10()V+1 javafx.graphics
j  com.sun.javafx.tk.quantum.QuantumToolkit$$Lambda$66+0x0000000800c29710.run()V+4 javafx.graphics
j  com.sun.glass.ui.Application.lambda$run$1(Ljava/lang/Runnable;)V+4 javafx.graphics
j  com.sun.glass.ui.Application$$Lambda$71+0x0000000800c2d6d0.run()V+4 javafx.graphics
j  com.sun.glass.ui.mac.MacApplication.lambda$runLoop$3(Ljava/lang/Runnable;)V+12 javafx.graphics
j  com.sun.glass.ui.mac.MacApplication$$Lambda$72+0x0000000800c2d8f8.run()V+8 javafx.graphics
v  ~StubRoutines::call_stub

siginfo: si_signo: 11 (SIGSEGV), si_code: 1 (SEGV_MAPERR), si_addr: 0x0000000019966910

Register to memory mapping:

RAX=0x0000000019966900 is an unknown value
RBX=0x00000000ffffffba is an unknown value
RCX=0x0000600002120b03 points into unknown readable memory: 00 5a 54 55 4d
RDX=0x000000000332cd20 is an unknown value
RSP=0x00007ff7b7026530 is pointing into the stack for thread: 0x00007f7d3a8e7800
RBP=0x00007ff7b7026530 is pointing into the stack for thread: 0x00007f7d3a8e7800
RSI=0x0000000000000010 is an unknown value
RDI=0x0000000019966900 is an unknown value
R8 =0x00007f7d3a8e7800 is a thread
R9 =0xffffffff00000000 is an unknown value
R10=0x00006000021220e8 points into unknown readable memory: 0x0000000000000000 | 00 00 00 00 00 00 00 00
R11=0x0000000000000009 is an unknown value
R12=0x000000010ac6326c: UseBootstrapCallInfo+0 in /Library/Java/JavaVirtualMachines/jdk-17.0.1.jdk/Contents/Home/lib/server/libjvm.dylib at 0x000000010a01f000
R13=0x00007ff7b70267e0 is pointing into the stack for thread: 0x00007f7d3a8e7800
R14=0x00007f7d3a8e7800 is a thread
R15=0x0000000000000001 is an unknown value


Registers:
RAX=0x0000000019966900, RBX=0x00000000ffffffba, RCX=0x0000600002120b03, RDX=0x000000000332cd20
RSP=0x00007ff7b7026530, RBP=0x00007ff7b7026530, RSI=0x0000000000000010, RDI=0x0000000019966900
R8 =0x00007f7d3a8e7800, R9 =0xffffffff00000000, R10=0x00006000021220e8, R11=0x0000000000000009
R12=0x000000010ac6326c, R13=0x00007ff7b70267e0, R14=0x00007f7d3a8e7800, R15=0x0000000000000001
RIP=0x000000010a2c6b54, EFLAGS=0x0000000000010202, ERR=0x0000000000000004
  TRAPNO=0x000000000000000e

Top of Stack: (sp=0x00007ff7b7026530)
0x00007ff7b7026530:   00007ff7b7026540 000000010a52d2b1
0x00007ff7b7026540:   00007ff7b70265a0 000000010a1e3fa3
0x00007ff7b7026550:   00007ff7b7026539 0000000800000002
0x00007ff7b7026560:   00007ff7b70267e0 00007f7d3a8e7800
0x00007ff7b7026570:   9610c8ba587f00eb 00000000ffffffba
0x00007ff7b7026580:   00007ff7b70267e0 0000600001768540
0x00007ff7b7026590:   00007f7d3a8e7800 0000000000000001
0x00007ff7b70265a0:   00007ff7b7026600 000000010a1e3e9c
0x00007ff7b70265b0:   00000004000eba28 000000010b8a44e0
0x00007ff7b70265c0:   00007f7d3a8e7800 00007f7d3a8e7800
0x00007ff7b70265d0:   ffffffba3a8e7800 00007f7d3a8e7800
0x00007ff7b70265e0:   0000000000000000 000000010b8a5518
0x00007ff7b70265f0:   00007ff7b70267e0 00007ff7b70267e0
0x00007ff7b7026600:   00007ff7b7026700 000000010a9cecbd
0x00007ff7b7026610:   00007f7d3a8e7800 00007ff7b7026630
0x00007ff7b7026620:   00007ff7b7026660 000000010a35cbd4
0x00007ff7b7026630:   000000010b91ca38 00007f7d3a8e7800
0x00007ff7b7026640:   0000000800c306f8 00007ff7b70266b0
0x00007ff7b7026650:   00007ff7b7026740 00007ff7b7026710
0x00007ff7b7026660:   00007ff7b70266a0 000000010a72dd04
0x00007ff7b7026670:   9610c8ba587f00eb 00007f7d3a8e7800
0x00007ff7b7026680:   00007f7d3a8e7800 000000010b91cbf8
0x00007ff7b7026690:   00000000000000b5 00007ff7b7026788
0x00007ff7b70266a0:   00007ff7b7026700 000000010a730229
0x00007ff7b70266b0:   000000080051be68 00007f7d3a26a328
0x00007ff7b70266c0:   0000000800c306f8 0000000800c306f8
0x00007ff7b70266d0:   9610c8ba587f00eb 00007f7d3a8e7800
0x00007ff7b70266e0:   0000000000000000 000000010b8a5518
0x00007ff7b70266f0:   00007ff7b70268c0 00007ff7b70267e0
0x00007ff7b7026700:   00007ff7b7026730 000000010a7337ee
0x00007ff7b7026710:   0000000000000000 00007ff7b70267e0
0x00007ff7b7026720:   00007f7d3a8e7800 00007ff7b70268c0 

Instructions: (pc=0x000000010a2c6b54)
0x000000010a2c6a54:   31 c0 5d c3 0f 1f 84 00 00 00 00 00 55 48 89 e5
0x000000010a2c6a64:   41 56 53 49 89 f6 48 89 fb 48 8d 0d 34 b6 9d 00
0x000000010a2c6a74:   48 8d 05 75 e9 9c 00 48 8b 00 8b 40 10 ff c8 80
0x000000010a2c6a84:   39 00 74 10 83 f8 04 73 1f 48 98 48 8d 0d 7a 92
0x000000010a2c6a94:   95 00 eb 0e 83 f8 04 73 0f 48 98 48 8d 0d 8a 92
0x000000010a2c6aa4:   95 00 48 8b 04 c1 eb 26 48 8d 35 9d b3 82 00 48
0x000000010a2c6ab4:   8d 0d c4 b3 82 00 bf 00 00 00 e0 ba e9 00 00 00
0x000000010a2c6ac4:   31 c0 e8 f5 50 0a 00 e8 10 8b 5d 00 31 c0 48 89
0x000000010a2c6ad4:   05 d7 a7 99 00 48 89 df 4c 89 f6 5b 41 5e 5d ff
0x000000010a2c6ae4:   e0 66 2e 0f 1f 84 00 00 00 00 00 90 55 48 89 e5
0x000000010a2c6af4:   8b 14 37 48 8d 35 52 9f 99 00 8a 4e 08 48 89 d0
0x000000010a2c6b04:   48 d3 e0 48 03 06 48 85 d2 48 0f 44 c2 5d c3 66
0x000000010a2c6b14:   2e 0f 1f 84 00 00 00 00 00 0f 1f 00 55 48 89 e5
0x000000010a2c6b24:   8b 14 37 48 8d 35 22 9f 99 00 8a 4e 08 48 89 d0
0x000000010a2c6b34:   48 d3 e0 48 03 06 48 85 d2 48 0f 44 c2 5d c3 66
0x000000010a2c6b44:   2e 0f 1f 84 00 00 00 00 00 0f 1f 00 55 48 89 e5
0x000000010a2c6b54:   8b 14 37 48 8d 35 f2 9e 99 00 8a 4e 08 48 89 d0
0x000000010a2c6b64:   48 d3 e0 48 03 06 48 85 d2 48 0f 44 c2 5d c3 66
0x000000010a2c6b74:   2e 0f 1f 84 00 00 00 00 00 0f 1f 00 55 48 89 e5
0x000000010a2c6b84:   41 57 41 56 53 50 8b 04 37 48 8d 15 bc 9e 99 00
0x000000010a2c6b94:   8a 4a 08 48 89 c3 48 d3 e3 48 03 1a 48 85 c0 48
0x000000010a2c6ba4:   0f 44 d8 4c 8d 3d 8a c0 a0 00 49 85 1f 74 4d 49
0x000000010a2c6bb4:   89 fe 49 01 f6 48 89 df e8 af 30 7f 00 48 89 c1
0x000000010a2c6bc4:   4d 85 f6 74 34 48 85 c9 74 2f 48 89 d8 f0 49 0f
0x000000010a2c6bd4:   b1 0e 48 39 d8 74 22 48 89 c2 66 90 49 85 17 74
0x000000010a2c6be4:   03 48 89 d3 74 13 48 89 d8 f0 49 0f b1 0e 48 39
0x000000010a2c6bf4:   d8 48 89 d3 48 89 c2 75 e3 48 89 cb 48 89 d8 48
0x000000010a2c6c04:   83 c4 08 5b 41 5e 41 5f 5d c3 66 90 55 48 89 e5
0x000000010a2c6c14:   48 8b 04 37 5d c3 66 0f 1f 44 00 00 55 48 89 e5
0x000000010a2c6c24:   48 8b 04 37 5d c3 66 0f 1f 44 00 00 55 48 89 e5
0x000000010a2c6c34:   48 8b 04 37 5d c3 66 0f 1f 44 00 00 55 48 89 e5
0x000000010a2c6c44:   41 57 41 56 53 50 48 8b 1c 37 4c 8d 3d e3 bf a0 


Stack slot to memory mapping:
stack at sp + 0 slots: 0x00007ff7b7026540 is pointing into the stack for thread: 0x00007f7d3a8e7800
stack at sp + 1 slots: 0x000000010a52d2b1: _ZN27java_lang_invoke_MethodType11ptype_countEP7oopDesc+0x11 in /Library/Java/JavaVirtualMachines/jdk-17.0.1.jdk/Contents/Home/lib/server/libjvm.dylib at 0x000000010a01f000
stack at sp + 2 slots: 0x00007ff7b70265a0 is pointing into the stack for thread: 0x00007f7d3a8e7800
stack at sp + 3 slots: 0x000000010a1e3fa3: _ZN13BootstrapInfo12resolve_argsEP10JavaThread+0x63 in /Library/Java/JavaVirtualMachines/jdk-17.0.1.jdk/Contents/Home/lib/server/libjvm.dylib at 0x000000010a01f000
stack at sp + 4 slots: 0x00007ff7b7026539 is pointing into the stack for thread: 0x00007f7d3a8e7800
stack at sp + 5 slots: 0x0000000800000002 is pointing into metadata
stack at sp + 6 slots: 0x00007ff7b70267e0 is pointing into the stack for thread: 0x00007f7d3a8e7800
stack at sp + 7 slots: 0x00007f7d3a8e7800 is a thread


---------------  P R O C E S S  ---------------

Threads class SMR info:
_java_thread_list=0x0000600000265f40, length=14, elements={
0x00007f7d3a80b800, 0x00007f7d3b815400, 0x00007f7d3b009600, 0x00007f7d3b812e00,
0x00007f7d3b813400, 0x00007f7d3b815a00, 0x00007f7d3b816000, 0x00007f7d3a890c00,
0x00007f7d3b020a00, 0x00007f7d3b816600, 0x00007f7d3b816c00, 0x00007f7d3b817200,
0x00007f7d398f4c00, 0x00007f7d3a8e7800
}

Java Threads: ( => current thread )
  0x00007f7d3a80b800 JavaThread "main" [_thread_blocked, id=6659, stack(0x000070000f6a1000,0x000070000f7a1000)]
  0x00007f7d3b815400 JavaThread "Reference Handler" daemon [_thread_blocked, id=15363, stack(0x000070000fdb6000,0x000070000feb6000)]
  0x00007f7d3b009600 JavaThread "Finalizer" daemon [_thread_blocked, id=15875, stack(0x000070000feb9000,0x000070000ffb9000)]
  0x00007f7d3b812e00 JavaThread "Signal Dispatcher" daemon [_thread_blocked, id=42243, stack(0x0000700010145000,0x0000700010245000)]
  0x00007f7d3b813400 JavaThread "Service Thread" daemon [_thread_blocked, id=41987, stack(0x0000700010248000,0x0000700010348000)]
  0x00007f7d3b815a00 JavaThread "Monitor Deflation Thread" daemon [_thread_blocked, id=41731, stack(0x000070001034b000,0x000070001044b000)]
  0x00007f7d3b816000 JavaThread "C2 CompilerThread0" daemon [_thread_blocked, id=23299, stack(0x000070001044e000,0x000070001054e000)]
  0x00007f7d3a890c00 JavaThread "C1 CompilerThread0" daemon [_thread_blocked, id=41219, stack(0x0000700010551000,0x0000700010651000)]
  0x00007f7d3b020a00 JavaThread "Sweeper thread" daemon [_thread_blocked, id=23811, stack(0x0000700010654000,0x0000700010754000)]
  0x00007f7d3b816600 JavaThread "Common-Cleaner" daemon [_thread_blocked, id=24067, stack(0x0000700010757000,0x0000700010857000)]
  0x00007f7d3b816c00 JavaThread "Notification Thread" daemon [_thread_blocked, id=24323, stack(0x000070001085a000,0x000070001095a000)]
  0x00007f7d3b817200 JavaThread "QuantumRenderer-0" daemon [_thread_blocked, id=39427, stack(0x0000700010a60000,0x0000700010b60000)]
  0x00007f7d398f4c00 JavaThread "InvokeLaterDispatcher" daemon [_thread_blocked, id=35087, stack(0x0000700010b63000,0x0000700010c63000)]
=>0x00007f7d3a8e7800 JavaThread "JavaFX Application Thread" [_thread_in_vm, id=259, stack(0x00007ff7b682c000,0x00007ff7b702c000)]

Other Threads:
  0x00007f7d39706ae0 VMThread "VM Thread" [stack: 0x000070000fcb3000,0x000070000fdb3000] [id=14851]
  0x00007f7d3a323710 WatcherThread [stack: 0x000070001095d000,0x0000700010a5d000] [id=39939]
  0x00007f7d39706370 GCTaskThread "GC Thread#0" [stack: 0x000070000f7a4000,0x000070000f8a4000] [id=19459]
  0x00007f7d3a005b20 ConcurrentGCThread "G1 Main Marker" [stack: 0x000070000f8a7000,0x000070000f9a7000] [id=19203]
  0x00007f7d3a0063a0 ConcurrentGCThread "G1 Conc#0" [stack: 0x000070000f9aa000,0x000070000faaa000] [id=13059]
  0x00007f7d3a007c00 ConcurrentGCThread "G1 Refine#0" [stack: 0x000070000faad000,0x000070000fbad000] [id=13571]
  0x00007f7d3a008490 ConcurrentGCThread "G1 Service" [stack: 0x000070000fbb0000,0x000070000fcb0000] [id=13827]

Threads with active compile tasks:

VM state: not at safepoint (normal execution)

VM Mutex/Monitor currently owned by a thread: None

Heap address: 0x0000000780000000, size: 2048 MB, Compressed Oops mode: Zero based, Oop shift amount: 3

CDS archive(s) mapped at: [0x0000000800000000-0x0000000800bd4000-0x0000000800bd4000), size 12402688, SharedBaseAddress: 0x0000000800000000, ArchiveRelocationMode: 0.
Compressed class space mapped at: 0x0000000800c00000-0x0000000840c00000, reserved size: 1073741824
Narrow klass base: 0x0000000800000000, Narrow klass shift: 0, Narrow klass range: 0x100000000

GC Precious Log:
 CPUs: 4 total, 4 available
 Memory: 8192M
 Large Page Support: Disabled
 NUMA Support: Disabled
 Compressed Oops: Enabled (Zero based)
 Heap Region Size: 1M
 Heap Min Capacity: 8M
 Heap Initial Capacity: 128M
 Heap Max Capacity: 2G
 Pre-touch: Disabled
 Parallel Workers: 4
 Concurrent Workers: 1
 Concurrent Refinement Workers: 4
 Periodic GC: Disabled

Heap:
 garbage-first heap   total 133120K, used 10196K [0x0000000780000000, 0x0000000800000000)
  region size 1024K, 11 young (11264K), 0 survivors (0K)
 Metaspace       used 2719K, committed 2880K, reserved 1056768K
  class space    used 297K, committed 384K, reserved 1048576K

Heap Regions: E=young(eden), S=young(survivor), O=old, HS=humongous(starts), HC=humongous(continues), CS=collection set, F=free, OA=open archive, CA=closed archive, TAMS=top-at-mark-start (previous, next)
|   0|0x0000000780000000, 0x0000000780000000, 0x0000000780100000|  0%| F|  |TAMS 0x0000000780000000, 0x0000000780000000| Untracked 
|   1|0x0000000780100000, 0x0000000780100000, 0x0000000780200000|  0%| F|  |TAMS 0x0000000780100000, 0x0000000780100000| Untracked 
|   2|0x0000000780200000, 0x0000000780200000, 0x0000000780300000|  0%| F|  |TAMS 0x0000000780200000, 0x0000000780200000| Untracked 
|   3|0x0000000780300000, 0x0000000780300000, 0x0000000780400000|  0%| F|  |TAMS 0x0000000780300000, 0x0000000780300000| Untracked 
|   4|0x0000000780400000, 0x0000000780400000, 0x0000000780500000|  0%| F|  |TAMS 0x0000000780400000, 0x0000000780400000| Untracked 
|   5|0x0000000780500000, 0x0000000780500000, 0x0000000780600000|  0%| F|  |TAMS 0x0000000780500000, 0x0000000780500000| Untracked 
|   6|0x0000000780600000, 0x0000000780600000, 0x0000000780700000|  0%| F|  |TAMS 0x0000000780600000, 0x0000000780600000| Untracked 
|   7|0x0000000780700000, 0x0000000780700000, 0x0000000780800000|  0%| F|  |TAMS 0x0000000780700000, 0x0000000780700000| Untracked 
|   8|0x0000000780800000, 0x0000000780800000, 0x0000000780900000|  0%| F|  |TAMS 0x0000000780800000, 0x0000000780800000| Untracked 
|   9|0x0000000780900000, 0x0000000780900000, 0x0000000780a00000|  0%| F|  |TAMS 0x0000000780900000, 0x0000000780900000| Untracked 
|  10|0x0000000780a00000, 0x0000000780a00000, 0x0000000780b00000|  0%| F|  |TAMS 0x0000000780a00000, 0x0000000780a00000| Untracked 
|  11|0x0000000780b00000, 0x0000000780b00000, 0x0000000780c00000|  0%| F|  |TAMS 0x0000000780b00000, 0x0000000780b00000| Untracked 
|  12|0x0000000780c00000, 0x0000000780c00000, 0x0000000780d00000|  0%| F|  |TAMS 0x0000000780c00000, 0x0000000780c00000| Untracked 
|  13|0x0000000780d00000, 0x0000000780d00000, 0x0000000780e00000|  0%| F|  |TAMS 0x0000000780d00000, 0x0000000780d00000| Untracked 
|  14|0x0000000780e00000, 0x0000000780e00000, 0x0000000780f00000|  0%| F|  |TAMS 0x0000000780e00000, 0x0000000780e00000| Untracked 
|  15|0x0000000780f00000, 0x0000000780f00000, 0x0000000781000000|  0%| F|  |TAMS 0x0000000780f00000, 0x0000000780f00000| Untracked 
|  16|0x0000000781000000, 0x0000000781000000, 0x0000000781100000|  0%| F|  |TAMS 0x0000000781000000, 0x0000000781000000| Untracked 
|  17|0x0000000781100000, 0x0000000781100000, 0x0000000781200000|  0%| F|  |TAMS 0x0000000781100000, 0x0000000781100000| Untracked 
|  18|0x0000000781200000, 0x0000000781200000, 0x0000000781300000|  0%| F|  |TAMS 0x0000000781200000, 0x0000000781200000| Untracked 
|  19|0x0000000781300000, 0x0000000781300000, 0x0000000781400000|  0%| F|  |TAMS 0x0000000781300000, 0x0000000781300000| Untracked 
|  20|0x0000000781400000, 0x0000000781400000, 0x0000000781500000|  0%| F|  |TAMS 0x0000000781400000, 0x0000000781400000| Untracked 
|  21|0x0000000781500000, 0x0000000781500000, 0x0000000781600000|  0%| F|  |TAMS 0x0000000781500000, 0x0000000781500000| Untracked 
|  22|0x0000000781600000, 0x0000000781600000, 0x0000000781700000|  0%| F|  |TAMS 0x0000000781600000, 0x0000000781600000| Untracked 
|  23|0x0000000781700000, 0x0000000781700000, 0x0000000781800000|  0%| F|  |TAMS 0x0000000781700000, 0x0000000781700000| Untracked 
|  24|0x0000000781800000, 0x0000000781800000, 0x0000000781900000|  0%| F|  |TAMS 0x0000000781800000, 0x0000000781800000| Untracked 
|  25|0x0000000781900000, 0x0000000781900000, 0x0000000781a00000|  0%| F|  |TAMS 0x0000000781900000, 0x0000000781900000| Untracked 
|  26|0x0000000781a00000, 0x0000000781a00000, 0x0000000781b00000|  0%| F|  |TAMS 0x0000000781a00000, 0x0000000781a00000| Untracked 
|  27|0x0000000781b00000, 0x0000000781b00000, 0x0000000781c00000|  0%| F|  |TAMS 0x0000000781b00000, 0x0000000781b00000| Untracked 
|  28|0x0000000781c00000, 0x0000000781c00000, 0x0000000781d00000|  0%| F|  |TAMS 0x0000000781c00000, 0x0000000781c00000| Untracked 
|  29|0x0000000781d00000, 0x0000000781d00000, 0x0000000781e00000|  0%| F|  |TAMS 0x0000000781d00000, 0x0000000781d00000| Untracked 
|  30|0x0000000781e00000, 0x0000000781e00000, 0x0000000781f00000|  0%| F|  |TAMS 0x0000000781e00000, 0x0000000781e00000| Untracked 
|  31|0x0000000781f00000, 0x0000000781f00000, 0x0000000782000000|  0%| F|  |TAMS 0x0000000781f00000, 0x0000000781f00000| Untracked 
|  32|0x0000000782000000, 0x0000000782000000, 0x0000000782100000|  0%| F|  |TAMS 0x0000000782000000, 0x0000000782000000| Untracked 
|  33|0x0000000782100000, 0x0000000782100000, 0x0000000782200000|  0%| F|  |TAMS 0x0000000782100000, 0x0000000782100000| Untracked 
|  34|0x0000000782200000, 0x0000000782200000, 0x0000000782300000|  0%| F|  |TAMS 0x0000000782200000, 0x0000000782200000| Untracked 
|  35|0x0000000782300000, 0x0000000782300000, 0x0000000782400000|  0%| F|  |TAMS 0x0000000782300000, 0x0000000782300000| Untracked 
|  36|0x0000000782400000, 0x0000000782400000, 0x0000000782500000|  0%| F|  |TAMS 0x0000000782400000, 0x0000000782400000| Untracked 
|  37|0x0000000782500000, 0x0000000782500000, 0x0000000782600000|  0%| F|  |TAMS 0x0000000782500000, 0x0000000782500000| Untracked 
|  38|0x0000000782600000, 0x0000000782600000, 0x0000000782700000|  0%| F|  |TAMS 0x0000000782600000, 0x0000000782600000| Untracked 
|  39|0x0000000782700000, 0x0000000782700000, 0x0000000782800000|  0%| F|  |TAMS 0x0000000782700000, 0x0000000782700000| Untracked 
|  40|0x0000000782800000, 0x0000000782800000, 0x0000000782900000|  0%| F|  |TAMS 0x0000000782800000, 0x0000000782800000| Untracked 
|  41|0x0000000782900000, 0x0000000782900000, 0x0000000782a00000|  0%| F|  |TAMS 0x0000000782900000, 0x0000000782900000| Untracked 
|  42|0x0000000782a00000, 0x0000000782a00000, 0x0000000782b00000|  0%| F|  |TAMS 0x0000000782a00000, 0x0000000782a00000| Untracked 
|  43|0x0000000782b00000, 0x0000000782b00000, 0x0000000782c00000|  0%| F|  |TAMS 0x0000000782b00000, 0x0000000782b00000| Untracked 
|  44|0x0000000782c00000, 0x0000000782c00000, 0x0000000782d00000|  0%| F|  |TAMS 0x0000000782c00000, 0x0000000782c00000| Untracked 
|  45|0x0000000782d00000, 0x0000000782d00000, 0x0000000782e00000|  0%| F|  |TAMS 0x0000000782d00000, 0x0000000782d00000| Untracked 
|  46|0x0000000782e00000, 0x0000000782e00000, 0x0000000782f00000|  0%| F|  |TAMS 0x0000000782e00000, 0x0000000782e00000| Untracked 
|  47|0x0000000782f00000, 0x0000000782f00000, 0x0000000783000000|  0%| F|  |TAMS 0x0000000782f00000, 0x0000000782f00000| Untracked 
|  48|0x0000000783000000, 0x0000000783000000, 0x0000000783100000|  0%| F|  |TAMS 0x0000000783000000, 0x0000000783000000| Untracked 
|  49|0x0000000783100000, 0x0000000783100000, 0x0000000783200000|  0%| F|  |TAMS 0x0000000783100000, 0x0000000783100000| Untracked 
|  50|0x0000000783200000, 0x0000000783200000, 0x0000000783300000|  0%| F|  |TAMS 0x0000000783200000, 0x0000000783200000| Untracked 
|  51|0x0000000783300000, 0x0000000783300000, 0x0000000783400000|  0%| F|  |TAMS 0x0000000783300000, 0x0000000783300000| Untracked 
|  52|0x0000000783400000, 0x0000000783400000, 0x0000000783500000|  0%| F|  |TAMS 0x0000000783400000, 0x0000000783400000| Untracked 
|  53|0x0000000783500000, 0x0000000783500000, 0x0000000783600000|  0%| F|  |TAMS 0x0000000783500000, 0x0000000783500000| Untracked 
|  54|0x0000000783600000, 0x0000000783600000, 0x0000000783700000|  0%| F|  |TAMS 0x0000000783600000, 0x0000000783600000| Untracked 
|  55|0x0000000783700000, 0x0000000783700000, 0x0000000783800000|  0%| F|  |TAMS 0x0000000783700000, 0x0000000783700000| Untracked 
|  56|0x0000000783800000, 0x0000000783800000, 0x0000000783900000|  0%| F|  |TAMS 0x0000000783800000, 0x0000000783800000| Untracked 
|  57|0x0000000783900000, 0x0000000783900000, 0x0000000783a00000|  0%| F|  |TAMS 0x0000000783900000, 0x0000000783900000| Untracked 
|  58|0x0000000783a00000, 0x0000000783a00000, 0x0000000783b00000|  0%| F|  |TAMS 0x0000000783a00000, 0x0000000783a00000| Untracked 
|  59|0x0000000783b00000, 0x0000000783b00000, 0x0000000783c00000|  0%| F|  |TAMS 0x0000000783b00000, 0x0000000783b00000| Untracked 
|  60|0x0000000783c00000, 0x0000000783c00000, 0x0000000783d00000|  0%| F|  |TAMS 0x0000000783c00000, 0x0000000783c00000| Untracked 
|  61|0x0000000783d00000, 0x0000000783d00000, 0x0000000783e00000|  0%| F|  |TAMS 0x0000000783d00000, 0x0000000783d00000| Untracked 
|  62|0x0000000783e00000, 0x0000000783e00000, 0x0000000783f00000|  0%| F|  |TAMS 0x0000000783e00000, 0x0000000783e00000| Untracked 
|  63|0x0000000783f00000, 0x0000000783f00000, 0x0000000784000000|  0%| F|  |TAMS 0x0000000783f00000, 0x0000000783f00000| Untracked 
|  64|0x0000000784000000, 0x0000000784000000, 0x0000000784100000|  0%| F|  |TAMS 0x0000000784000000, 0x0000000784000000| Untracked 
|  65|0x0000000784100000, 0x0000000784100000, 0x0000000784200000|  0%| F|  |TAMS 0x0000000784100000, 0x0000000784100000| Untracked 
|  66|0x0000000784200000, 0x0000000784200000, 0x0000000784300000|  0%| F|  |TAMS 0x0000000784200000, 0x0000000784200000| Untracked 
|  67|0x0000000784300000, 0x0000000784300000, 0x0000000784400000|  0%| F|  |TAMS 0x0000000784300000, 0x0000000784300000| Untracked 
|  68|0x0000000784400000, 0x0000000784400000, 0x0000000784500000|  0%| F|  |TAMS 0x0000000784400000, 0x0000000784400000| Untracked 
|  69|0x0000000784500000, 0x0000000784500000, 0x0000000784600000|  0%| F|  |TAMS 0x0000000784500000, 0x0000000784500000| Untracked 
|  70|0x0000000784600000, 0x0000000784600000, 0x0000000784700000|  0%| F|  |TAMS 0x0000000784600000, 0x0000000784600000| Untracked 
|  71|0x0000000784700000, 0x0000000784700000, 0x0000000784800000|  0%| F|  |TAMS 0x0000000784700000, 0x0000000784700000| Untracked 
|  72|0x0000000784800000, 0x0000000784800000, 0x0000000784900000|  0%| F|  |TAMS 0x0000000784800000, 0x0000000784800000| Untracked 
|  73|0x0000000784900000, 0x0000000784900000, 0x0000000784a00000|  0%| F|  |TAMS 0x0000000784900000, 0x0000000784900000| Untracked 
|  74|0x0000000784a00000, 0x0000000784a00000, 0x0000000784b00000|  0%| F|  |TAMS 0x0000000784a00000, 0x0000000784a00000| Untracked 
|  75|0x0000000784b00000, 0x0000000784b00000, 0x0000000784c00000|  0%| F|  |TAMS 0x0000000784b00000, 0x0000000784b00000| Untracked 
|  76|0x0000000784c00000, 0x0000000784c00000, 0x0000000784d00000|  0%| F|  |TAMS 0x0000000784c00000, 0x0000000784c00000| Untracked 
|  77|0x0000000784d00000, 0x0000000784d00000, 0x0000000784e00000|  0%| F|  |TAMS 0x0000000784d00000, 0x0000000784d00000| Untracked 
|  78|0x0000000784e00000, 0x0000000784e00000, 0x0000000784f00000|  0%| F|  |TAMS 0x0000000784e00000, 0x0000000784e00000| Untracked 
|  79|0x0000000784f00000, 0x0000000784f00000, 0x0000000785000000|  0%| F|  |TAMS 0x0000000784f00000, 0x0000000784f00000| Untracked 
|  80|0x0000000785000000, 0x0000000785000000, 0x0000000785100000|  0%| F|  |TAMS 0x0000000785000000, 0x0000000785000000| Untracked 
|  81|0x0000000785100000, 0x0000000785100000, 0x0000000785200000|  0%| F|  |TAMS 0x0000000785100000, 0x0000000785100000| Untracked 
|  82|0x0000000785200000, 0x0000000785200000, 0x0000000785300000|  0%| F|  |TAMS 0x0000000785200000, 0x0000000785200000| Untracked 
|  83|0x0000000785300000, 0x0000000785300000, 0x0000000785400000|  0%| F|  |TAMS 0x0000000785300000, 0x0000000785300000| Untracked 
|  84|0x0000000785400000, 0x0000000785400000, 0x0000000785500000|  0%| F|  |TAMS 0x0000000785400000, 0x0000000785400000| Untracked 
|  85|0x0000000785500000, 0x0000000785500000, 0x0000000785600000|  0%| F|  |TAMS 0x0000000785500000, 0x0000000785500000| Untracked 
|  86|0x0000000785600000, 0x0000000785600000, 0x0000000785700000|  0%| F|  |TAMS 0x0000000785600000, 0x0000000785600000| Untracked 
|  87|0x0000000785700000, 0x0000000785700000, 0x0000000785800000|  0%| F|  |TAMS 0x0000000785700000, 0x0000000785700000| Untracked 
|  88|0x0000000785800000, 0x0000000785800000, 0x0000000785900000|  0%| F|  |TAMS 0x0000000785800000, 0x0000000785800000| Untracked 
|  89|0x0000000785900000, 0x0000000785900000, 0x0000000785a00000|  0%| F|  |TAMS 0x0000000785900000, 0x0000000785900000| Untracked 
|  90|0x0000000785a00000, 0x0000000785a00000, 0x0000000785b00000|  0%| F|  |TAMS 0x0000000785a00000, 0x0000000785a00000| Untracked 
|  91|0x0000000785b00000, 0x0000000785b00000, 0x0000000785c00000|  0%| F|  |TAMS 0x0000000785b00000, 0x0000000785b00000| Untracked 
|  92|0x0000000785c00000, 0x0000000785c00000, 0x0000000785d00000|  0%| F|  |TAMS 0x0000000785c00000, 0x0000000785c00000| Untracked 
|  93|0x0000000785d00000, 0x0000000785d00000, 0x0000000785e00000|  0%| F|  |TAMS 0x0000000785d00000, 0x0000000785d00000| Untracked 
|  94|0x0000000785e00000, 0x0000000785e00000, 0x0000000785f00000|  0%| F|  |TAMS 0x0000000785e00000, 0x0000000785e00000| Untracked 
|  95|0x0000000785f00000, 0x0000000785f00000, 0x0000000786000000|  0%| F|  |TAMS 0x0000000785f00000, 0x0000000785f00000| Untracked 
|  96|0x0000000786000000, 0x0000000786000000, 0x0000000786100000|  0%| F|  |TAMS 0x0000000786000000, 0x0000000786000000| Untracked 
|  97|0x0000000786100000, 0x0000000786100000, 0x0000000786200000|  0%| F|  |TAMS 0x0000000786100000, 0x0000000786100000| Untracked 
|  98|0x0000000786200000, 0x0000000786200000, 0x0000000786300000|  0%| F|  |TAMS 0x0000000786200000, 0x0000000786200000| Untracked 
|  99|0x0000000786300000, 0x0000000786300000, 0x0000000786400000|  0%| F|  |TAMS 0x0000000786300000, 0x0000000786300000| Untracked 
| 100|0x0000000786400000, 0x0000000786400000, 0x0000000786500000|  0%| F|  |TAMS 0x0000000786400000, 0x0000000786400000| Untracked 
| 101|0x0000000786500000, 0x0000000786500000, 0x0000000786600000|  0%| F|  |TAMS 0x0000000786500000, 0x0000000786500000| Untracked 
| 102|0x0000000786600000, 0x0000000786600000, 0x0000000786700000|  0%| F|  |TAMS 0x0000000786600000, 0x0000000786600000| Untracked 
| 103|0x0000000786700000, 0x0000000786700000, 0x0000000786800000|  0%| F|  |TAMS 0x0000000786700000, 0x0000000786700000| Untracked 
| 104|0x0000000786800000, 0x0000000786800000, 0x0000000786900000|  0%| F|  |TAMS 0x0000000786800000, 0x0000000786800000| Untracked 
| 105|0x0000000786900000, 0x0000000786900000, 0x0000000786a00000|  0%| F|  |TAMS 0x0000000786900000, 0x0000000786900000| Untracked 
| 106|0x0000000786a00000, 0x0000000786a00000, 0x0000000786b00000|  0%| F|  |TAMS 0x0000000786a00000, 0x0000000786a00000| Untracked 
| 107|0x0000000786b00000, 0x0000000786b00000, 0x0000000786c00000|  0%| F|  |TAMS 0x0000000786b00000, 0x0000000786b00000| Untracked 
| 108|0x0000000786c00000, 0x0000000786c00000, 0x0000000786d00000|  0%| F|  |TAMS 0x0000000786c00000, 0x0000000786c00000| Untracked 
| 109|0x0000000786d00000, 0x0000000786d00000, 0x0000000786e00000|  0%| F|  |TAMS 0x0000000786d00000, 0x0000000786d00000| Untracked 
| 110|0x0000000786e00000, 0x0000000786e00000, 0x0000000786f00000|  0%| F|  |TAMS 0x0000000786e00000, 0x0000000786e00000| Untracked 
| 111|0x0000000786f00000, 0x0000000786f00000, 0x0000000787000000|  0%| F|  |TAMS 0x0000000786f00000, 0x0000000786f00000| Untracked 
| 112|0x0000000787000000, 0x0000000787000000, 0x0000000787100000|  0%| F|  |TAMS 0x0000000787000000, 0x0000000787000000| Untracked 
| 113|0x0000000787100000, 0x0000000787100000, 0x0000000787200000|  0%| F|  |TAMS 0x0000000787100000, 0x0000000787100000| Untracked 
| 114|0x0000000787200000, 0x0000000787200000, 0x0000000787300000|  0%| F|  |TAMS 0x0000000787200000, 0x0000000787200000| Untracked 
| 115|0x0000000787300000, 0x0000000787300000, 0x0000000787400000|  0%| F|  |TAMS 0x0000000787300000, 0x0000000787300000| Untracked 
| 116|0x0000000787400000, 0x0000000787400000, 0x0000000787500000|  0%| F|  |TAMS 0x0000000787400000, 0x0000000787400000| Untracked 
| 117|0x0000000787500000, 0x0000000787543130, 0x0000000787600000| 26%| E|  |TAMS 0x0000000787500000, 0x0000000787500000| Complete 
| 118|0x0000000787600000, 0x0000000787700000, 0x0000000787700000|100%| E|CS|TAMS 0x0000000787600000, 0x0000000787600000| Complete 
| 119|0x0000000787700000, 0x0000000787800000, 0x0000000787800000|100%| E|CS|TAMS 0x0000000787700000, 0x0000000787700000| Complete 
| 120|0x0000000787800000, 0x0000000787900000, 0x0000000787900000|100%| E|CS|TAMS 0x0000000787800000, 0x0000000787800000| Complete 
| 121|0x0000000787900000, 0x0000000787a00000, 0x0000000787a00000|100%| E|CS|TAMS 0x0000000787900000, 0x0000000787900000| Complete 
| 122|0x0000000787a00000, 0x0000000787b00000, 0x0000000787b00000|100%| E|CS|TAMS 0x0000000787a00000, 0x0000000787a00000| Complete 
| 123|0x0000000787b00000, 0x0000000787c00000, 0x0000000787c00000|100%| E|CS|TAMS 0x0000000787b00000, 0x0000000787b00000| Complete 
| 124|0x0000000787c00000, 0x0000000787d00000, 0x0000000787d00000|100%| E|  |TAMS 0x0000000787c00000, 0x0000000787c00000| Complete 
| 125|0x0000000787d00000, 0x0000000787e00000, 0x0000000787e00000|100%| E|CS|TAMS 0x0000000787d00000, 0x0000000787d00000| Complete 
| 126|0x0000000787e00000, 0x0000000787f00000, 0x0000000787f00000|100%| E|CS|TAMS 0x0000000787e00000, 0x0000000787e00000| Complete 
| 127|0x0000000787f00000, 0x0000000788000000, 0x0000000788000000|100%| E|CS|TAMS 0x0000000787f00000, 0x0000000787f00000| Complete 
|2046|0x00000007ffe00000, 0x00000007ffe76000, 0x00000007fff00000| 46%|OA|  |TAMS 0x00000007ffe00000, 0x00000007ffe00000| Untracked 
|2047|0x00000007fff00000, 0x00000007fff7f000, 0x0000000800000000| 49%|CA|  |TAMS 0x00000007fff00000, 0x00000007fff00000| Untracked 

Card table byte_map: [0x00000001096aa000,0x0000000109aaa000] _byte_map_base: 0x0000000105aaa000

Marking Bits (Prev, Next): (CMBitMap*) 0x00007f7d3a80b010, (CMBitMap*) 0x00007f7d3a80b050
 Prev Bits: [0x0000000123013000, 0x0000000125013000)
 Next Bits: [0x0000000125013000, 0x0000000127013000)

Polling page: 0x0000000108ff8000

Metaspace:

Usage:
  Non-class:      2.37 MB used.
      Class:    297.67 KB used.
       Both:      2.66 MB used.

Virtual space:
  Non-class space:        8.00 MB reserved,       2.44 MB ( 30%) committed,  1 nodes.
      Class space:        1.00 GB reserved,     384.00 KB ( <1%) committed,  1 nodes.
             Both:        1.01 GB reserved,       2.81 MB ( <1%) committed. 

Chunk freelists:
   Non-Class:  2.88 MB
       Class:  3.55 MB
        Both:  6.42 MB

MaxMetaspaceSize: unlimited
CompressedClassSpaceSize: 1.00 GB
Initial GC threshold: 21.00 MB
Current GC threshold: 21.00 MB
CDS: on
MetaspaceReclaimPolicy: balanced
 - commit_granule_bytes: 65536.
 - commit_granule_words: 8192.
 - virtual_space_node_default_size: 1048576.
 - enlarge_chunks_in_place: 1.
 - new_chunks_are_fully_committed: 0.
 - uncommit_free_chunks: 1.
 - use_allocation_guard: 0.
 - handle_deallocations: 1.


Internal statistics:

num_allocs_failed_limit: 0.
num_arena_births: 70.
num_arena_deaths: 0.
num_vsnodes_births: 2.
num_vsnodes_deaths: 0.
num_space_committed: 45.
num_space_uncommitted: 0.
num_chunks_returned_to_freelist: 0.
num_chunks_taken_from_freelist: 151.
num_chunk_merges: 0.
num_chunk_splits: 89.
num_chunks_enlarged: 55.
num_purges: 0.
num_inconsistent_stats: 0.

CodeHeap 'non-profiled nmethods': size=120032Kb used=212Kb max_used=212Kb free=119819Kb
 bounds [0x000000011badb000, 0x000000011bd4b000, 0x0000000123013000]
CodeHeap 'profiled nmethods': size=120028Kb used=980Kb max_used=980Kb free=119047Kb
 bounds [0x00000001145a4000, 0x0000000114814000, 0x000000011badb000]
CodeHeap 'non-nmethods': size=5700Kb used=1167Kb max_used=1183Kb free=4532Kb
 bounds [0x0000000114013000, 0x0000000114283000, 0x00000001145a4000]
 total_blobs=1121 nmethods=656 adapters=379
 compilation: enabled
              stopped_count=0, restarted_count=0
 full_count=0

Compilation events (20 events):
Event: 0.854 Thread 0x00007f7d3a890c00  647       3       java.lang.invoke.MethodHandles$Lookup::isClassAccessible (53 bytes)
Event: 0.854 Thread 0x00007f7d3a890c00 nmethod 647 0x0000000114691990 code [0x0000000114691ba0, 0x0000000114692170]
Event: 0.854 Thread 0x00007f7d3a890c00  648       3       java.lang.invoke.MethodTypeForm::canonicalize (59 bytes)
Event: 0.854 Thread 0x00007f7d3a890c00 nmethod 648 0x0000000114692390 code [0x0000000114692560, 0x0000000114692880]
Event: 0.854 Thread 0x00007f7d3a890c00  649       3       java.lang.invoke.MethodType$ConcurrentWeakInternSet::add (66 bytes)
Event: 0.855 Thread 0x00007f7d3a890c00 nmethod 649 0x0000000114692990 code [0x0000000114692c20, 0x0000000114693a60]
Event: 0.855 Thread 0x00007f7d3a890c00  650       3       java.lang.invoke.MemberName::checkForTypeAlias (172 bytes)
Event: 0.857 Thread 0x00007f7d3a890c00 nmethod 650 0x0000000114693f90 code [0x0000000114694400, 0x0000000114696290]
Event: 0.950 Thread 0x00007f7d3a890c00  651       3       java.lang.invoke.MemberName::getType (19 bytes)
Event: 0.950 Thread 0x00007f7d3a890c00 nmethod 651 0x0000000114696b10 code [0x0000000114696d00, 0x00000001146970b0]
Event: 0.950 Thread 0x00007f7d3a890c00  655       3       jdk.internal.org.objectweb.asm.SymbolTable::hash (15 bytes)
Event: 0.950 Thread 0x00007f7d3a890c00 nmethod 655 0x0000000114697210 code [0x00000001146973c0, 0x0000000114697550]
Event: 0.950 Thread 0x00007f7d3a890c00  656       3       jdk.internal.org.objectweb.asm.SymbolTable$Entry::<init> (18 bytes)
Event: 0.951 Thread 0x00007f7d3a890c00 nmethod 656 0x0000000114697690 code [0x0000000114697840, 0x00000001146979c0]
Event: 0.951 Thread 0x00007f7d3a890c00  652       3       java.lang.invoke.MemberName::getInvocationType (56 bytes)
Event: 0.953 Thread 0x00007f7d3a890c00 nmethod 652 0x0000000114697a90 code [0x0000000114697cc0, 0x00000001146985c0]
Event: 0.954 Thread 0x00007f7d3a890c00  654       3       jdk.internal.org.objectweb.asm.ByteVector::enlarge (51 bytes)
Event: 0.954 Thread 0x00007f7d3a890c00 nmethod 654 0x0000000114698890 code [0x0000000114698a40, 0x0000000114698d60]
Event: 0.954 Thread 0x00007f7d3a890c00  653       1       java.lang.invoke.InfoFromMemberName::getReferenceKind (5 bytes)
Event: 0.955 Thread 0x00007f7d3a890c00 nmethod 653 0x000000011bb0fe90 code [0x000000011bb10020, 0x000000011bb100f0]

GC Heap History (0 events):
No events

Deoptimization events (14 events):
Event: 0.258 Thread 0x00007f7d3a80b800 Uncommon trap: trap_request=0xfffffff4 fr.pc=0x000000011bae7848 relative=0x00000000000001a8
Event: 0.258 Thread 0x00007f7d3a80b800 Uncommon trap: reason=null_check action=make_not_entrant pc=0x000000011bae7848 method=java.lang.String.equals(Ljava/lang/Object;)Z @ 8 c2
Event: 0.258 Thread 0x00007f7d3a80b800 DEOPT PACKING pc=0x000000011bae7848 sp=0x000070000f7a08d0
Event: 0.258 Thread 0x00007f7d3a80b800 DEOPT UNPACKING pc=0x0000000114065099 sp=0x000070000f7a0898 mode 2
Event: 0.325 Thread 0x00007f7d3a80b800 DEOPT PACKING pc=0x00000001145df64b sp=0x000070000f797490
Event: 0.325 Thread 0x00007f7d3a80b800 DEOPT UNPACKING pc=0x000000011406582f sp=0x000070000f796910 mode 0
Event: 0.593 Thread 0x00007f7d3b817200 Uncommon trap: trap_request=0xffffff45 fr.pc=0x000000011bae9fa8 relative=0x0000000000000668
Event: 0.593 Thread 0x00007f7d3b817200 Uncommon trap: reason=unstable_if action=reinterpret pc=0x000000011bae9fa8 method=jdk.internal.module.Checks.isJavaIdentifier(Ljava/lang/String;)Z @ 4 c2
Event: 0.593 Thread 0x00007f7d3b817200 DEOPT PACKING pc=0x000000011bae9fa8 sp=0x0000700010b5eda0
Event: 0.593 Thread 0x00007f7d3b817200 DEOPT UNPACKING pc=0x0000000114065099 sp=0x0000700010b5ed60 mode 2
Event: 1.063 Thread 0x00007f7d3a8e7800 Uncommon trap: trap_request=0xffffff45 fr.pc=0x000000011bb0bdc8 relative=0x0000000000000188
Event: 1.063 Thread 0x00007f7d3a8e7800 Uncommon trap: reason=unstable_if action=reinterpret pc=0x000000011bb0bdc8 method=java.lang.invoke.VarHandle.checkExactAccessMode(Ljava/lang/invoke/VarHandle$AccessDescriptor;)V @ 4 c2
Event: 1.063 Thread 0x00007f7d3a8e7800 DEOPT PACKING pc=0x000000011bb0bdc8 sp=0x00007ff7b7026900
Event: 1.063 Thread 0x00007f7d3a8e7800 DEOPT UNPACKING pc=0x0000000114065099 sp=0x00007ff7b7026860 mode 2

Classes unloaded (0 events):
No events

Classes redefined (0 events):
No events

Internal exceptions (6 events):
Event: 0.258 Thread 0x00007f7d3a80b800 Implicit null exception at 0x000000011bae76d5 to 0x000000011bae7838
Event: 0.259 Thread 0x00007f7d3a80b800 Exception <a 'java/lang/NoSuchMethodError'{0x0000000787cedfc0}: 'java.lang.Object java.lang.invoke.DirectMethodHandle$Holder.invokeStaticInit(java.lang.Object)'> (0x0000000787cedfc0) 
thrown [open/src/hotspot/share/interpreter/linkResolver.cpp, line 766]
Event: 0.263 Thread 0x00007f7d3a80b800 Exception <a 'java/lang/NoSuchMethodError'{0x0000000787cf56e0}: 'void java.lang.invoke.DirectMethodHandle$Holder.invokeStatic(java.lang.Object, java.lang.Object)'> (0x0000000787cf56e0) 
thrown [open/src/hotspot/share/interpreter/linkResolver.cpp, line 766]
Event: 0.470 Thread 0x00007f7d3a80b800 Exception <a 'java/lang/NoSuchMethodError'{0x00000007879da1c8}: 'void java.lang.invoke.DirectMethodHandle$Holder.invokeSpecial(java.lang.Object, java.lang.Object, java.lang.Object)'> (0x00000007879da1c8) 
thrown [open/src/hotspot/share/interpreter/linkResolver.cpp, line 766]
Event: 0.535 Thread 0x00007f7d3a80b800 Exception <a 'java/lang/NoSuchMethodError'{0x0000000787817b30}: 'void java.lang.invoke.DirectMethodHandle$Holder.invokeStatic(java.lang.Object, java.lang.Object, java.lang.Object)'> (0x0000000787817b30) 
thrown [open/src/hotspot/share/interpreter/linkResolver.cpp, line 766]
Event: 0.773 Thread 0x00007f7d3a80b800 Exception <a 'java/lang/NoSuchMethodError'{0x00000007878349c8}: 'int java.lang.invoke.DirectMethodHandle$Holder.invokeStaticInit(java.lang.Object, java.lang.Object, java.lang.Object)'> (0x00000007878349c8) 
thrown [open/src/hotspot/share/interpreter/linkResolver.cpp, line 766]

VM Operations (4 events):
Event: 0.211 Executing VM operation: HandshakeAllThreads
Event: 0.211 Executing VM operation: HandshakeAllThreads done
Event: 0.211 Executing VM operation: HandshakeAllThreads
Event: 0.212 Executing VM operation: HandshakeAllThreads done

Events (20 events):
Event: 0.768 loading class java/util/concurrent/ForkJoinPool$ManagedBlocker
Event: 0.768 loading class java/util/concurrent/ForkJoinPool$ManagedBlocker done
Event: 0.768 loading class java/util/concurrent/locks/AbstractQueuedSynchronizer$ConditionNode done
Event: 0.848 Loaded shared library /Users/parthsharma/.openjfx/cache/17.0.1/libglass.dylib
Event: 0.851 loading class java/util/concurrent/BlockingDeque
Event: 0.851 loading class java/util/concurrent/BlockingDeque done
Event: 0.851 loading class java/util/concurrent/LinkedBlockingDeque
Event: 0.852 loading class java/util/concurrent/LinkedBlockingDeque done
Event: 0.852 Thread 0x00007f7d398f4c00 Thread added: 0x00007f7d398f4c00
Event: 0.852 Protecting memory [0x0000700010b63000,0x0000700010b67000] with protection modes 0
Event: 0.855 Protecting memory [0x00007ff7b682c000,0x00007ff7b6830000] with protection modes 0
Event: 0.855 Thread 0x00007f7d3a8e7800 Thread added: 0x00007f7d3a8e7800
Event: 0.950 Thread 0x00007f7d399a9a00 Thread added: 0x00007f7d399a9a00
Event: 0.950 Protecting memory [0x0000700010c66000,0x0000700010c6a000] with protection modes 0
Event: 1.058 loading class java/util/concurrent/LinkedBlockingDeque$Node
Event: 1.058 loading class java/util/concurrent/LinkedBlockingDeque$Node done
Event: 1.058 Protecting memory [0x0000700010c66000,0x0000700010c6a000] with protection modes 3
Event: 1.058 Thread 0x00007f7d399a9a00 Thread exited: 0x00007f7d399a9a00
Event: 1.064 loading class java/util/concurrent/FutureTask
Event: 1.064 loading class java/util/concurrent/FutureTask done


Dynamic libraries:
0x0000000108ffa000 	/Library/Java/JavaVirtualMachines/jdk-17.0.1.jdk/Contents/Home/lib/libjli.dylib
0x00007ff828efb000 	/usr/lib/libz.1.dylib
0x00007ff828fdb000 	/usr/lib/libSystem.B.dylib
0x00007ff828fd6000 	/usr/lib/system/libcache.dylib
0x00007ff828f92000 	/usr/lib/system/libcommonCrypto.dylib
0x00007ff828fbb000 	/usr/lib/system/libcompiler_rt.dylib
0x00007ff828fb1000 	/usr/lib/system/libcopyfile.dylib
0x00007ff81dfe9000 	/usr/lib/system/libcorecrypto.dylib
0x00007ff81e0a8000 	/usr/lib/system/libdispatch.dylib
0x00007ff81e267000 	/usr/lib/system/libdyld.dylib
0x00007ff828fcd000 	/usr/lib/system/libkeymgr.dylib
0x00007ff828f70000 	/usr/lib/system/libmacho.dylib
0x00007ff8285fc000 	/usr/lib/system/libquarantine.dylib
0x00007ff828fcb000 	/usr/lib/system/libremovefile.dylib
0x00007ff8231ce000 	/usr/lib/system/libsystem_asl.dylib
0x00007ff81df97000 	/usr/lib/system/libsystem_blocks.dylib
0x00007ff81e12c000 	/usr/lib/system/libsystem_c.dylib
0x00007ff828fc3000 	/usr/lib/system/libsystem_collections.dylib
0x00007ff8278a4000 	/usr/lib/system/libsystem_configuration.dylib
0x00007ff826b61000 	/usr/lib/system/libsystem_containermanager.dylib
0x00007ff828cad000 	/usr/lib/system/libsystem_coreservices.dylib
0x00007ff820891000 	/usr/lib/system/libsystem_darwin.dylib
0x00007ff828fce000 	/usr/lib/system/libsystem_dnssd.dylib
0x00007ff81e129000 	/usr/lib/system/libsystem_featureflags.dylib
0x00007ff81e27d000 	/usr/lib/system/libsystem_info.dylib
0x00007ff828f0e000 	/usr/lib/system/libsystem_m.dylib
0x00007ff81e07c000 	/usr/lib/system/libsystem_malloc.dylib
0x00007ff82316b000 	/usr/lib/system/libsystem_networkextension.dylib
0x00007ff820cb9000 	/usr/lib/system/libsystem_notify.dylib
0x00007ff82f14b000 	/usr/lib/system/libsystem_product_info_filter.dylib
0x00007ff8278a8000 	/usr/lib/system/libsystem_sandbox.dylib
0x00007ff828fc8000 	/usr/lib/system/libsystem_secinit.dylib
0x00007ff81e224000 	/usr/lib/system/libsystem_kernel.dylib
0x00007ff81e273000 	/usr/lib/system/libsystem_platform.dylib
0x00007ff81e25b000 	/usr/lib/system/libsystem_pthread.dylib
0x00007ff824a26000 	/usr/lib/system/libsystem_symptoms.dylib
0x00007ff81dfd0000 	/usr/lib/system/libsystem_trace.dylib
0x00007ff828f9e000 	/usr/lib/system/libunwind.dylib
0x00007ff81df99000 	/usr/lib/system/libxpc.dylib
0x00007ff81e20e000 	/usr/lib/libc++abi.dylib
0x00007ff81e0ef000 	/usr/lib/libobjc.A.dylib
0x00007ff828fa9000 	/usr/lib/liboah.dylib
0x00007ff81e1b5000 	/usr/lib/libc++.1.dylib
0x00007ff834ea6000 	/System/Library/Frameworks/Cocoa.framework/Versions/A/Cocoa
0x00007ff820d17000 	/System/Library/Frameworks/AppKit.framework/Versions/C/AppKit
0x00007ff824213000 	/System/Library/Frameworks/CoreData.framework/Versions/A/CoreData
0x00007ff81f12e000 	/System/Library/Frameworks/Foundation.framework/Versions/C/Foundation
0x00007ff821ba9000 	/System/Library/PrivateFrameworks/UIFoundation.framework/Versions/A/UIFoundation
0x00007ff82ee52000 	/System/Library/PrivateFrameworks/RemoteViewServices.framework/Versions/A/RemoteViewServices
0x00007ff82723d000 	/System/Library/PrivateFrameworks/XCTTargetBootstrap.framework/Versions/A/XCTTargetBootstrap
0x00007ff82adeb000 	/System/Library/PrivateFrameworks/InternationalSupport.framework/Versions/A/InternationalSupport
0x00007ff82ae75000 	/System/Library/PrivateFrameworks/UserActivity.framework/Versions/A/UserActivity
0x00007ff82a1cb000 	/usr/lib/libspindump.dylib
0x00007ff821e37000 	/System/Library/Frameworks/UniformTypeIdentifiers.framework/Versions/A/UniformTypeIdentifiers
0x00007ff825976000 	/usr/lib/libapp_launch_measurement.dylib
0x00007ff824bdf000 	/System/Library/PrivateFrameworks/CoreAnalytics.framework/Versions/A/CoreAnalytics
0x00007ff825979000 	/System/Library/PrivateFrameworks/CoreAutoLayout.framework/Versions/A/CoreAutoLayout
0x00007ff826b99000 	/System/Library/Frameworks/Metal.framework/Versions/A/Metal
0x00007ff8278b3000 	/usr/lib/liblangid.dylib
0x00007ff827241000 	/System/Library/PrivateFrameworks/CoreSVG.framework/Versions/A/CoreSVG
0x00007ff8231fe000 	/System/Library/PrivateFrameworks/SkyLight.framework/Versions/A/SkyLight
0x00007ff823594000 	/System/Library/Frameworks/CoreGraphics.framework/Versions/A/CoreGraphics
0x00007ff82f4c1000 	/System/Library/Frameworks/Accelerate.framework/Versions/A/Accelerate
0x00007ff829c46000 	/System/Library/PrivateFrameworks/IconServices.framework/Versions/A/IconServices
0x00007ff826b7e000 	/System/Library/Frameworks/IOSurface.framework/Versions/A/IOSurface
0x00007ff824c0d000 	/usr/lib/libDiagnosticMessagesClient.dylib
0x00007ff832b32000 	/System/Library/Frameworks/ApplicationServices.framework/Versions/A/ApplicationServices
0x00007ff827229000 	/System/Library/PrivateFrameworks/DFRFoundation.framework/Versions/A/DFRFoundation
0x00007ff820608000 	/usr/lib/libicucore.A.dylib
0x00007ff82bb10000 	/System/Library/Frameworks/AudioToolbox.framework/Versions/A/AudioToolbox
0x00007ff82adf7000 	/System/Library/PrivateFrameworks/DataDetectorsCore.framework/Versions/A/DataDetectorsCore
0x00007ff92674f000 	/System/Library/PrivateFrameworks/TextInput.framework/Versions/A/TextInput
0x00007ff823182000 	/usr/lib/libMobileGestalt.dylib
0x00007ff826f31000 	/System/Library/Frameworks/Carbon.framework/Versions/A/Frameworks/HIToolbox.framework/Versions/A/HIToolbox
0x00007ff8253a3000 	/System/Library/Frameworks/QuartzCore.framework/Versions/A/QuartzCore
0x00007ff8202a8000 	/System/Library/Frameworks/Security.framework/Versions/A/Security
0x00007ff82ee8a000 	/System/Library/Frameworks/Carbon.framework/Versions/A/Frameworks/SpeechRecognition.framework/Versions/A/SpeechRecognition
0x00007ff8256d6000 	/System/Library/PrivateFrameworks/CoreUI.framework/Versions/A/CoreUI
0x00007ff81fb80000 	/System/Library/Frameworks/CoreAudio.framework/Versions/A/CoreAudio
0x00007ff824cfb000 	/System/Library/Frameworks/DiskArbitration.framework/Versions/A/DiskArbitration
0x00007ff82a5b2000 	/System/Library/PrivateFrameworks/MultitouchSupport.framework/Versions/A/MultitouchSupport
0x00007ff823181000 	/usr/lib/libenergytrace.dylib
0x00007ff820c03000 	/System/Library/Frameworks/IOKit.framework/Versions/A/IOKit
0x00007ff82f276000 	/System/Library/Frameworks/CoreServices.framework/Versions/A/CoreServices
0x00007ff825910000 	/System/Library/PrivateFrameworks/PerformanceAnalysis.framework/Versions/A/PerformanceAnalysis
0x00007ffa35f1f000 	/System/Library/Frameworks/OpenGL.framework/Versions/A/OpenGL
0x00007ff828528000 	/System/Library/PrivateFrameworks/MobileKeyBag.framework/Versions/A/MobileKeyBag
0x00007ff823c60000 	/System/Library/Frameworks/ColorSync.framework/Versions/A/ColorSync
0x00007ff81e2a8000 	/System/Library/Frameworks/CoreFoundation.framework/Versions/A/CoreFoundation
0x00007ff8274ba000 	/System/Library/Frameworks/CoreImage.framework/Versions/A/CoreImage
0x00007ff81f996000 	/System/Library/Frameworks/CoreText.framework/Versions/A/CoreText
0x00007ff827270000 	/System/Library/Frameworks/ImageIO.framework/Versions/A/ImageIO
0x00007ff828fe1000 	/System/Library/PrivateFrameworks/SoftLinking.framework/Versions/A/SoftLinking
0x00007ff8259c1000 	/usr/lib/libxml2.2.dylib
0x00007ff829265000 	/usr/lib/libcompression.dylib
0x00007ff82ad21000 	/System/Library/PrivateFrameworks/TextureIO.framework/Versions/A/TextureIO
0x00007ff829958000 	/usr/lib/libate.dylib
0x00007ff829736000 	/usr/lib/liblzma.5.dylib
0x00007ff81ee3f000 	/System/Library/Frameworks/SystemConfiguration.framework/Versions/A/SystemConfiguration
0x00007ff828fdd000 	/usr/lib/libfakelink.dylib
0x00007ff822cd4000 	/System/Library/Frameworks/CFNetwork.framework/Versions/A/CFNetwork
0x00007ff82911c000 	/usr/lib/libarchive.2.dylib
0x00007ff8278af000 	/System/Library/PrivateFrameworks/AppleSystemInfo.framework/Versions/A/AppleSystemInfo
0x00007ff828623000 	/usr/lib/libbsm.0.dylib
0x00007ff82230a000 	/usr/lib/libnetwork.dylib
0x00007ff828f76000 	/usr/lib/system/libkxld.dylib
0x00007ff828251000 	/System/Library/PrivateFrameworks/IOMobileFramebuffer.framework/Versions/A/IOMobileFramebuffer
0x00007ffb33d44000 	/usr/lib/libCoreEntitlements.dylib
0x00007ff828c8f000 	/System/Library/PrivateFrameworks/AppleFSCompression.framework/Versions/A/AppleFSCompression
0x00007ff82860b000 	/usr/lib/libcoretls.dylib
0x00007ff829750000 	/usr/lib/libcoretls_cfhelpers.dylib
0x00007ff829260000 	/usr/lib/libpam.2.dylib
0x00007ff824648000 	/usr/lib/libsqlite3.dylib
0x00007ff8297bf000 	/usr/lib/libxar.1.dylib
0x00007ff828c9f000 	/usr/lib/libbz2.1.0.dylib
0x00007ff828fe2000 	/usr/lib/libpcap.A.dylib
0x00007ff824a1d000 	/usr/lib/libdns_services.dylib
0x00007ff82922f000 	/usr/lib/libapple_nghttp2.dylib
0x00007ff829019000 	/usr/lib/libiconv.2.dylib
0x00007ff828f6f000 	/usr/lib/libcharset.1.dylib
0x00007ff825944000 	/System/Library/Frameworks/CoreServices.framework/Versions/A/Frameworks/FSEvents.framework/Versions/A/FSEvents
0x00007ff82089b000 	/System/Library/Frameworks/CoreServices.framework/Versions/A/Frameworks/CarbonCore.framework/Versions/A/CarbonCore
0x00007ff824c60000 	/System/Library/Frameworks/CoreServices.framework/Versions/A/Frameworks/Metadata.framework/Versions/A/Metadata
0x00007ff828cb2000 	/System/Library/Frameworks/CoreServices.framework/Versions/A/Frameworks/OSServices.framework/Versions/A/OSServices
0x00007ff8291a3000 	/System/Library/Frameworks/CoreServices.framework/Versions/A/Frameworks/SearchKit.framework/Versions/A/SearchKit
0x00007ff8249af000 	/System/Library/Frameworks/CoreServices.framework/Versions/A/Frameworks/AE.framework/Versions/A/AE
0x00007ff81e7ab000 	/System/Library/Frameworks/CoreServices.framework/Versions/A/Frameworks/LaunchServices.framework/Versions/A/LaunchServices
0x00007ff8296e7000 	/System/Library/Frameworks/CoreServices.framework/Versions/A/Frameworks/DictionaryServices.framework/Versions/A/DictionaryServices
0x00007ff825951000 	/System/Library/Frameworks/CoreServices.framework/Versions/A/Frameworks/SharedFileList.framework/Versions/A/SharedFileList
0x00007ff8285ff000 	/usr/lib/libCheckFix.dylib
0x00007ff8231e5000 	/System/Library/PrivateFrameworks/TCC.framework/Versions/A/TCC
0x00007ff8278b5000 	/System/Library/PrivateFrameworks/CoreNLP.framework/Versions/A/CoreNLP
0x00007ff824c10000 	/System/Library/PrivateFrameworks/MetadataUtilities.framework/Versions/A/MetadataUtilities
0x00007ff81eeef000 	/usr/lib/libmecabra.dylib
0x00007ff828633000 	/usr/lib/libmecab.dylib
0x00007ff81eeba000 	/usr/lib/libCRFSuite.dylib
0x00007ff828690000 	/usr/lib/libgermantok.dylib
0x00007ff82920a000 	/usr/lib/libThaiTokenizer.dylib
0x00007ff824d02000 	/System/Library/Frameworks/Accelerate.framework/Versions/A/Frameworks/vImage.framework/Versions/A/vImage
0x00007ff82f24d000 	/System/Library/Frameworks/Accelerate.framework/Versions/A/Frameworks/vecLib.framework/Versions/A/vecLib
0x00007ff829800000 	/System/Library/Frameworks/Accelerate.framework/Versions/A/Frameworks/vecLib.framework/Versions/A/libvMisc.dylib
0x00007ff82806f000 	/System/Library/Frameworks/Accelerate.framework/Versions/A/Frameworks/vecLib.framework/Versions/A/libvDSP.dylib
0x00007ff81eb23000 	/System/Library/Frameworks/Accelerate.framework/Versions/A/Frameworks/vecLib.framework/Versions/A/libBLAS.dylib
0x00007ff829341000 	/System/Library/Frameworks/Accelerate.framework/Versions/A/Frameworks/vecLib.framework/Versions/A/libLAPACK.dylib
0x00007ff828693000 	/System/Library/Frameworks/Accelerate.framework/Versions/A/Frameworks/vecLib.framework/Versions/A/libLinearAlgebra.dylib
0x00007ff829248000 	/System/Library/Frameworks/Accelerate.framework/Versions/A/Frameworks/vecLib.framework/Versions/A/libSparseBLAS.dylib
0x00007ff82933b000 	/System/Library/Frameworks/Accelerate.framework/Versions/A/Frameworks/vecLib.framework/Versions/A/libQuadrature.dylib
0x00007ff82799f000 	/System/Library/Frameworks/Accelerate.framework/Versions/A/Frameworks/vecLib.framework/Versions/A/libBNNS.dylib
0x00007ff81edd0000 	/System/Library/Frameworks/Accelerate.framework/Versions/A/Frameworks/vecLib.framework/Versions/A/libSparse.dylib
0x00007ff827998000 	/System/Library/PrivateFrameworks/LinguisticData.framework/Versions/A/LinguisticData
0x00007ff81ed85000 	/System/Library/PrivateFrameworks/Lexicon.framework/Versions/A/Lexicon
0x00007ff8297f9000 	/usr/lib/libChineseTokenizer.dylib
0x00007ff81f4e9000 	/System/Library/PrivateFrameworks/LanguageModeling.framework/Versions/A/LanguageModeling
0x00007ff82920c000 	/System/Library/PrivateFrameworks/AppleSauce.framework/Versions/A/AppleSauce
0x00007ff82823f000 	/System/Library/PrivateFrameworks/CoreEmoji.framework/Versions/A/CoreEmoji
0x00007ff82910b000 	/usr/lib/libcmph.dylib
0x00007ff825928000 	/System/Library/Frameworks/OpenDirectory.framework/Versions/A/Frameworks/CFOpenDirectory.framework/Versions/A/CFOpenDirectory
0x00007ff82591c000 	/System/Library/Frameworks/OpenDirectory.framework/Versions/A/OpenDirectory
0x00007ff829752000 	/System/Library/PrivateFrameworks/APFS.framework/Versions/A/APFS
0x00007ff828560000 	/System/Library/Frameworks/SecurityFoundation.framework/Versions/A/SecurityFoundation
0x00007ff8297cd000 	/usr/lib/libutil.dylib
0x00007ff820bc6000 	/System/Library/PrivateFrameworks/CoreServicesStore.framework/Versions/A/CoreServicesStore
0x00007ff8297d1000 	/usr/lib/libxslt.1.dylib
0x00007ff8285ed000 	/System/Library/PrivateFrameworks/BackgroundTaskManagement.framework/Versions/A/BackgroundTaskManagement
0x00007ff82ac41000 	/System/Library/Frameworks/ImageIO.framework/Versions/A/Resources/libRadiance.dylib
0x00007ff82ac4a000 	/System/Library/Frameworks/ImageIO.framework/Versions/A/Resources/libJPEG.dylib
0x00007ff82ab9a000 	/System/Library/Frameworks/ImageIO.framework/Versions/A/Resources/libPng.dylib
0x00007ff82abbb000 	/System/Library/Frameworks/ImageIO.framework/Versions/A/Resources/libTIFF.dylib
0x00007ff82acaa000 	/System/Library/Frameworks/ImageIO.framework/Versions/A/Resources/libGIF.dylib
0x00007ff82a4cb000 	/System/Library/Frameworks/ImageIO.framework/Versions/A/Resources/libJP2.dylib
0x00007ff829c0d000 	/usr/lib/libexpat.1.dylib
0x00007ff82a480000 	/System/Library/PrivateFrameworks/AppleJPEG.framework/Versions/A/AppleJPEG
0x00007ff826df4000 	/System/Library/PrivateFrameworks/FontServices.framework/libFontParser.dylib
0x00007ff824959000 	/System/Library/PrivateFrameworks/RunningBoardServices.framework/Versions/A/RunningBoardServices
0x00007ff835422000 	/System/Library/PrivateFrameworks/IOSurfaceAccelerator.framework/Versions/A/IOSurfaceAccelerator
0x00007ff82a5ae000 	/System/Library/PrivateFrameworks/WatchdogClient.framework/Versions/A/WatchdogClient
0x00007ff81f5d8000 	/System/Library/Frameworks/CoreDisplay.framework/Versions/A/CoreDisplay
0x00007ff826cf3000 	/System/Library/Frameworks/CoreMedia.framework/Versions/A/CoreMedia
0x00007ff826b90000 	/System/Library/PrivateFrameworks/IOAccelerator.framework/Versions/A/IOAccelerator
0x00007ff825aa4000 	/System/Library/Frameworks/CoreVideo.framework/Versions/A/CoreVideo
0x00007ff82925e000 	/System/Library/Frameworks/MetalPerformanceShaders.framework/Versions/A/MetalPerformanceShaders
0x00007ff82a5e9000 	/System/Library/Frameworks/VideoToolbox.framework/Versions/A/VideoToolbox
0x00007ff8248a1000 	/System/Library/PrivateFrameworks/BaseBoard.framework/Versions/A/BaseBoard
0x00007ff82462e000 	/System/Library/PrivateFrameworks/ProtocolBuffer.framework/Versions/A/ProtocolBuffer
0x00007ff82ac3a000 	/System/Library/PrivateFrameworks/GPUWrangler.framework/Versions/A/GPUWrangler
0x00007ff82ac1d000 	/System/Library/PrivateFrameworks/IOPresentment.framework/Versions/A/IOPresentment
0x00007ff82ac44000 	/System/Library/PrivateFrameworks/DSExternalDisplay.framework/Versions/A/DSExternalDisplay
0x00007ffa35f13000 	/System/Library/Frameworks/OpenGL.framework/Versions/A/Libraries/libCoreFSCache.dylib
0x00007ffb21fb4000 	/System/Library/PrivateFrameworks/GPUCompiler.framework/Versions/31001/Libraries/libGPUCompilerUtils.dylib
0x00007ff82acaf000 	/System/Library/PrivateFrameworks/CMCaptureCore.framework/Versions/A/CMCaptureCore
0x00007ff82a1b9000 	/System/Library/PrivateFrameworks/AppServerSupport.framework/Versions/A/AppServerSupport
0x00007ff82c396000 	/System/Library/PrivateFrameworks/perfdata.framework/Versions/A/perfdata
0x00007ff81f704000 	/System/Library/PrivateFrameworks/AudioToolboxCore.framework/Versions/A/AudioToolboxCore
0x00007ff826cd0000 	/System/Library/PrivateFrameworks/caulk.framework/Versions/A/caulk
0x00007ff82bcba000 	/usr/lib/libAudioStatistics.dylib
0x00007ff922fdd000 	/System/Library/PrivateFrameworks/SystemPolicy.framework/Versions/A/SystemPolicy
0x00007ff82bf0f000 	/usr/lib/libSMC.dylib
0x00007ff834d59000 	/System/Library/Frameworks/CoreMIDI.framework/Versions/A/CoreMIDI
0x00007ff82ab6a000 	/usr/lib/libAudioToolboxUtility.dylib
0x00007ff91f3ef000 	/System/Library/PrivateFrameworks/OSAServicesClient.framework/Versions/A/OSAServicesClient
0x00007ff82c3a3000 	/usr/lib/libperfcheck.dylib
0x00007ff923a6f000 	/usr/lib/libmis.dylib
0x00007ffa35f6f000 	/System/Library/Frameworks/OpenGL.framework/Versions/A/Libraries/libGLU.dylib
0x00007ffa35f32000 	/System/Library/Frameworks/OpenGL.framework/Versions/A/Libraries/libGFXShared.dylib
0x00007ffa36140000 	/System/Library/Frameworks/OpenGL.framework/Versions/A/Libraries/libGL.dylib
0x00007ffa35f3b000 	/System/Library/Frameworks/OpenGL.framework/Versions/A/Libraries/libGLImage.dylib
0x00007ffa35f2f000 	/System/Library/Frameworks/OpenGL.framework/Versions/A/Libraries/libCVMSPluginSupport.dylib
0x00007ffa35f1a000 	/System/Library/Frameworks/OpenGL.framework/Versions/A/Libraries/libCoreVMClient.dylib
0x00007ff827833000 	/System/Library/Frameworks/MetalPerformanceShaders.framework/Versions/A/Frameworks/MPSCore.framework/Versions/A/MPSCore
0x00007ff828bfa000 	/System/Library/Frameworks/MetalPerformanceShaders.framework/Versions/A/Frameworks/MPSImage.framework/Versions/A/MPSImage
0x00007ff8286a9000 	/System/Library/Frameworks/MetalPerformanceShaders.framework/Versions/A/Frameworks/MPSNeuralNetwork.framework/Versions/A/MPSNeuralNetwork
0x00007ff828b1e000 	/System/Library/Frameworks/MetalPerformanceShaders.framework/Versions/A/Frameworks/MPSMatrix.framework/Versions/A/MPSMatrix
0x00007ff8288da000 	/System/Library/Frameworks/MetalPerformanceShaders.framework/Versions/A/Frameworks/MPSRayIntersector.framework/Versions/A/MPSRayIntersector
0x00007ff828b57000 	/System/Library/Frameworks/MetalPerformanceShaders.framework/Versions/A/Frameworks/MPSNDArray.framework/Versions/A/MPSNDArray
0x00007ffa3ab34000 	/System/Library/Frameworks/MetalPerformanceShaders.framework/Versions/A/Frameworks/MPSFunctions.framework/Versions/A/MPSFunctions
0x00007ff81ea06000 	/System/Library/PrivateFrameworks/MetalTools.framework/Versions/A/MetalTools
0x00007ff8278ad000 	/System/Library/PrivateFrameworks/AggregateDictionary.framework/Versions/A/AggregateDictionary
0x00007ff8299ef000 	/usr/lib/libIOReport.dylib
0x00007ffa3754f000 	/System/Library/Frameworks/OpenCL.framework/Versions/A/OpenCL
0x00007ff829d53000 	/System/Library/PrivateFrameworks/FaceCore.framework/Versions/A/FaceCore
0x00007ff829d44000 	/System/Library/PrivateFrameworks/GraphVisualizer.framework/Versions/A/GraphVisualizer
0x00007ffb21ebf000 	/System/Library/PrivateFrameworks/FontServices.framework/Versions/A/FontServices
0x00007ff82a170000 	/System/Library/PrivateFrameworks/OTSVG.framework/Versions/A/OTSVG
0x00007ff82568c000 	/System/Library/Frameworks/ApplicationServices.framework/Versions/A/Frameworks/ATS.framework/Versions/A/Resources/libFontRegistry.dylib
0x00007ff82a1c1000 	/System/Library/PrivateFrameworks/FontServices.framework/libhvf.dylib
0x00007ffb21ec0000 	/System/Library/PrivateFrameworks/FontServices.framework/libXTFontStaticRegistryData.dylib
0x00007ff829bbd000 	/System/Library/PrivateFrameworks/AppleVA.framework/Versions/A/AppleVA
0x00007ff82bcde000 	/System/Library/Frameworks/ApplicationServices.framework/Versions/A/Frameworks/ATS.framework/Versions/A/ATS
0x00007ff823d5c000 	/System/Library/Frameworks/ApplicationServices.framework/Versions/A/Frameworks/HIServices.framework/Versions/A/HIServices
0x00007ff82acb9000 	/System/Library/Frameworks/ApplicationServices.framework/Versions/A/Frameworks/PrintCore.framework/Versions/A/PrintCore
0x00007ff82c062000 	/System/Library/Frameworks/ApplicationServices.framework/Versions/A/Frameworks/QD.framework/Versions/A/QD
0x00007ff82c05a000 	/System/Library/Frameworks/ApplicationServices.framework/Versions/A/Frameworks/ColorSyncLegacy.framework/Versions/A/ColorSyncLegacy
0x00007ff82bcce000 	/System/Library/Frameworks/ApplicationServices.framework/Versions/A/Frameworks/SpeechSynthesis.framework/Versions/A/SpeechSynthesis
0x00007ff82ac7a000 	/System/Library/Frameworks/ApplicationServices.framework/Versions/A/Frameworks/ATSUI.framework/Versions/A/ATSUI
0x00007ff82bfef000 	/usr/lib/libcups.2.dylib
0x00007ff82c3b2000 	/System/Library/Frameworks/Kerberos.framework/Versions/A/Kerberos
0x00007ff82c3c1000 	/System/Library/Frameworks/GSS.framework/Versions/A/GSS
0x00007ff82bd4a000 	/usr/lib/libresolv.9.dylib
0x00007ff82a1d0000 	/System/Library/PrivateFrameworks/Heimdal.framework/Versions/A/Heimdal
0x00007ff832eaf000 	/System/Library/Frameworks/Kerberos.framework/Versions/A/Libraries/libHeimdalProxy.dylib
0x00007ff824a2e000 	/System/Library/Frameworks/Network.framework/Versions/A/Network
0x00007ff829c27000 	/usr/lib/libheimdal-asn1.dylib
0x00007ff82c40d000 	/System/Library/PrivateFrameworks/CommonAuth.framework/Versions/A/CommonAuth
0x00007ff82bc4b000 	/System/Library/PrivateFrameworks/AudioSession.framework/Versions/A/AudioSession
0x00007ff829cb7000 	/System/Library/PrivateFrameworks/MediaExperience.framework/Versions/A/MediaExperience
0x00007ff82badf000 	/System/Library/PrivateFrameworks/AudioSession.framework/libSessionUtility.dylib
0x00007ff82c06e000 	/System/Library/PrivateFrameworks/AudioResourceArbitration.framework/Versions/A/AudioResourceArbitration
0x00007ff830060000 	/System/Library/PrivateFrameworks/PowerLog.framework/Versions/A/PowerLog
0x00007ff829c30000 	/System/Library/PrivateFrameworks/IconFoundation.framework/Versions/A/IconFoundation
0x00007ff82ee7a000 	/System/Library/PrivateFrameworks/SpeechRecognitionCore.framework/Versions/A/SpeechRecognitionCore
0x000000010a01f000 	/Library/Java/JavaVirtualMachines/jdk-17.0.1.jdk/Contents/Home/lib/server/libjvm.dylib
0x0000000109029000 	/Library/Java/JavaVirtualMachines/jdk-17.0.1.jdk/Contents/Home/lib/libjimage.dylib
0x00000001090a6000 	/Library/Java/JavaVirtualMachines/jdk-17.0.1.jdk/Contents/Home/lib/libjava.dylib
0x0000000109f0a000 	/Library/Java/JavaVirtualMachines/jdk-17.0.1.jdk/Contents/Home/lib/libnio.dylib
0x0000000109f43000 	/Library/Java/JavaVirtualMachines/jdk-17.0.1.jdk/Contents/Home/lib/libnet.dylib
0x0000000109f25000 	/Library/Java/JavaVirtualMachines/jdk-17.0.1.jdk/Contents/Home/lib/libzip.dylib
0x0000000109f61000 	/Users/parthsharma/.openjfx/cache/17.0.1/libprism_es2.dylib
0x00007ff820b87000 	/System/Library/PrivateFrameworks/CoreServicesInternal.framework/Versions/A/CoreServicesInternal
0x00007ffa3614b000 	/System/Library/Frameworks/OpenGL.framework/Versions/A/Resources/GLEngine.bundle/GLEngine
0x00007ffa35fad000 	/System/Library/Frameworks/OpenGL.framework/Versions/A/Libraries/libGLProgrammability.dylib
0x00007ffa2dc7f000 	/System/Library/Extensions/AppleIntelBDWGraphicsGLDriver.bundle/Contents/MacOS/AppleIntelBDWGraphicsGLDriver
0x00007ff92d953000 	/System/Library/PrivateFrameworks/GPUSupport.framework/Versions/A/Libraries/libGPUSupportMercury.dylib
0x00007ffa362da000 	/System/Library/Frameworks/OpenGL.framework/Versions/A/Resources/GLRendererFloat.bundle/GLRendererFloat
0x000000010c280000 	/Users/parthsharma/.openjfx/cache/17.0.1/libglass.dylib
0x00007ff830651000 	/System/Library/Frameworks/FileProvider.framework/Versions/A/FileProvider
0x00007ff82480d000 	/System/Library/Frameworks/Accounts.framework/Versions/A/Accounts
0x00007ff8307c9000 	/System/Library/PrivateFrameworks/GenerationalStorage.framework/Versions/A/GenerationalStorage
0x00007ff8312db000 	/System/Library/PrivateFrameworks/CoreSymbolication.framework/Versions/A/CoreSymbolication
0x00007ff830055000 	/System/Library/PrivateFrameworks/SymptomDiagnosticReporter.framework/Versions/A/SymptomDiagnosticReporter
0x00007ff821e4b000 	/System/Library/PrivateFrameworks/DesktopServicesPriv.framework/Versions/A/DesktopServicesPriv
0x00007ff820cc8000 	/usr/lib/libsandbox.1.dylib
0x00007ff825b23000 	/System/Library/PrivateFrameworks/UserManagement.framework/Versions/A/UserManagement
0x00007ff8312a0000 	/System/Library/PrivateFrameworks/DebugSymbols.framework/Versions/A/DebugSymbols
0x00007ff82c04f000 	/System/Library/PrivateFrameworks/NetAuth.framework/Versions/A/NetAuth
0x00007ff82cf3e000 	/System/Library/PrivateFrameworks/Sharing.framework/Versions/A/Sharing
0x00007ff825af6000 	/System/Library/PrivateFrameworks/login.framework/Versions/A/Frameworks/loginsupport.framework/Versions/A/loginsupport
0x00007ff8323e1000 	/System/Library/PrivateFrameworks/Apple80211.framework/Versions/A/Apple80211
0x00007ff828cdf000 	/System/Library/PrivateFrameworks/AuthKit.framework/Versions/A/AuthKit
0x00007ff828335000 	/System/Library/PrivateFrameworks/CoreUtils.framework/Versions/A/CoreUtils
0x00007ff82825c000 	/System/Library/Frameworks/CoreWLAN.framework/Versions/A/CoreWLAN
0x00007ff82d099000 	/System/Library/Frameworks/IOBluetooth.framework/Versions/A/IOBluetooth
0x00007ff832449000 	/System/Library/PrivateFrameworks/CoreWiFi.framework/Versions/A/CoreWiFi
0x00007ff830e75000 	/System/Library/PrivateFrameworks/FrontBoardServices.framework/Versions/A/FrontBoardServices
0x00007ff830f07000 	/System/Library/PrivateFrameworks/BoardServices.framework/Versions/A/BoardServices
0x00007ff82854f000 	/System/Library/PrivateFrameworks/AssertionServices.framework/Versions/A/AssertionServices
0x00007ff8325cd000 	/System/Library/PrivateFrameworks/BackBoardServices.framework/Versions/A/BackBoardServices
0x00007ff82c49c000 	/System/Library/PrivateFrameworks/CorePhoneNumbers.framework/Versions/A/CorePhoneNumbers
0x00007ff830172000 	/System/Library/PrivateFrameworks/DiskManagement.framework/Versions/A/DiskManagement
0x00007ff830086000 	/System/Library/PrivateFrameworks/AppleIDAuthSupport.framework/Versions/A/AppleIDAuthSupport
0x00007ffa3caed000 	/System/Library/PrivateFrameworks/AAAFoundation.framework/Versions/A/AAAFoundation
0x00007ff82c47d000 	/System/Library/PrivateFrameworks/KeychainCircle.framework/Versions/A/KeychainCircle
0x00007ff83013e000 	/System/Library/PrivateFrameworks/MediaKit.framework/Versions/A/MediaKit
0x00007ff830092000 	/System/Library/Frameworks/DiscRecording.framework/Versions/A/DiscRecording
0x00007ff829b35000 	/usr/lib/libCoreStorage.dylib
0x00007ff8328bc000 	/usr/lib/libcsfde.dylib
0x00007ff82d166000 	/System/Library/PrivateFrameworks/ProtectedCloudStorage.framework/Versions/A/ProtectedCloudStorage
0x00007ff8328b8000 	/System/Library/PrivateFrameworks/EFILogin.framework/Versions/A/EFILogin
0x00007ff8307ef000 	/System/Library/PrivateFrameworks/OctagonTrust.framework/Versions/A/OctagonTrust
0x00007ffb211e1000 	/System/Library/PrivateFrameworks/CoreUtilsExtras.framework/Versions/A/CoreUtilsExtras
0x00007ff82ffc8000 	/System/Library/Frameworks/CoreBluetooth.framework/Versions/A/CoreBluetooth
0x00007ff832f34000 	/System/Library/Frameworks/AudioUnit.framework/Versions/A/AudioUnit
0x00007ff829b2d000 	/usr/lib/libMatch.1.dylib
0x00007ff927ed3000 	/System/Library/Frameworks/Accelerate.framework/Versions/A/Frameworks/vImage.framework/Versions/A/Libraries/libCGInterfaces.dylib
0x000000010c78c000 	/usr/lib/libobjc-trampolines.dylib
0x00007ff82581c000 	/System/Library/PrivateFrameworks/ViewBridge.framework/Versions/A/ViewBridge


VM Arguments:
jvm_args: --add-modules=javafx.controls,javafx.fxml --module-path=/Users/parthsharma/.gradle/caches/modules-2/files-2.1/org.openjfx/javafx-fxml/17.0.1/4ec9abf3948b347b5ce0e09813add3f25a6dbc0b/javafx-fxml-17.0.1-mac.jar:/Users/parthsharma/.gradle/caches/modules-2/files-2.1/org.openjfx/javafx-controls/17.0.1/9c4e3c7ee4fe3f2d71cb94811910695f43040dc5/javafx-controls-17.0.1-mac.jar:/Users/parthsharma/.gradle/caches/modules-2/files-2.1/org.openjfx/javafx-graphics/17.0.1/60505369f7528056d4d8c5ea080df5447bdb0264/javafx-graphics-17.0.1-mac.jar:/Users/parthsharma/.gradle/caches/modules-2/files-2.1/org.openjfx/javafx-base/17.0.1/75cfa6f780ea3b3fd4ae336161e9e136ebb91ef2/javafx-base-17.0.1-mac.jar -Dfile.encoding=UTF-8 -Duser.country=CA -Duser.language=en -Duser.variant -ea 
java_command: GUI.MainApp
java_class_path (initial): /Users/parthsharma/git/TAB2XML/build/classes/java/main:/Users/parthsharma/git/TAB2XML/build/resources/main:/Users/parthsharma/.gradle/caches/modules-2/files-2.1/org.fxmisc.richtext/richtextfx/0.10.5/df9f31a099aa066c63b231f4bbb3826cd892b35c/richtextfx-0.10.5.jar:/Users/parthsharma/.gradle/caches/modules-2/files-2.1/org.apache.commons/commons-csv/1.8/37ca9a9aa2d4be2599e55506a6d3170dd7a3df4/commons-csv-1.8.jar:/Users/parthsharma/.gradle/caches/modules-2/files-2.1/com.fasterxml.jackson.module/jackson-module-jaxb-annotations/2.12.5/2b389d7206327e54ae31f709ab75a4a3f33e148/jackson-module-jaxb-annotations-2.12.5.jar:/Users/parthsharma/.gradle/caches/modules-2/files-2.1/com.fasterxml.jackson.core/jackson-databind/2.12.5/b064cf057f23d3d35390328c5030847efeffedde/jackson-databind-2.12.5.jar:/Users/parthsharma/.gradle/caches/modules-2/files-2.1/com.fasterxml.jackson.core/jackson-core/2.12.5/725e364cc71b80e60fa450bd06d75cdea7fb2d59/jackson-core-2.12.5.jar:/Users/parthsharma/.gradle/caches/modules-2/files-2.1/com.fasterxml.jackson.core/jackson-annotations/2.12.5/52d929d5bb21d0186fe24c09624cc3ee4bafc3b3/jackson-annotations-2.12.5.jar:/Users/parthsharma/.gradle/caches/modules-2/files-2.1/com.fasterxml.jackson.dataformat/jackson-dataformat-xml/2.12.5/4b872e5a9f7e6644c2dd8d7358ed9fad714d7c90/jackson-dataformat-xml-2.12.5.jar:/Users/parthsharma/.gradle/caches/modules-2/files-2.1/com.github.JensPiegsa/jfugue/5.0.9/54f26f3865c8c45368e6728f0ad840f829f17d94/jfugue-5.0.9.jar:/Users/parthsharma/.gradle/caches/modules-2/files-2.1/com.sun.xml.bind/jaxb-core/2.3.0.1/23574ca124d0a694721ce3ef13cd720095f18fdd/jaxb-core-2.3.0.1.jar:/Users/parthsharma/.gradle/caches/modules-2/files-2.1/javax.xml.bind/jaxb-api/2.3.1/8531ad5ac454cc2deb9d4d32c40c4d7451939b5d/jaxb-api-2.3.1.jar:/Users/parthsharma/.gradle/caches/modules-2/files-2.1/com.sun.xml.bind/jaxb-impl/2.3.1/a1a12b85ba1435b4189e065f7dafcc3fb9410d38/jaxb-impl-2.3.1.jar:/Users/parthsharma/.gradle/caches/modules-2/files-2.
Launcher Type: SUN_STANDARD

[Global flags]
     intx CICompilerCount                          = 3                                         {product} {ergonomic}
     uint ConcGCThreads                            = 1                                         {product} {ergonomic}
     uint G1ConcRefinementThreads                  = 4                                         {product} {ergonomic}
   size_t G1HeapRegionSize                         = 1048576                                   {product} {ergonomic}
    uintx GCDrainStackTargetSize                   = 64                                        {product} {ergonomic}
   size_t InitialHeapSize                          = 134217728                                 {product} {ergonomic}
   size_t MarkStackSize                            = 4194304                                   {product} {ergonomic}
   size_t MaxHeapSize                              = 2147483648                                {product} {ergonomic}
   size_t MaxNewSize                               = 1287651328                                {product} {ergonomic}
   size_t MinHeapDeltaBytes                        = 1048576                                   {product} {ergonomic}
   size_t MinHeapSize                              = 8388608                                   {product} {ergonomic}
    uintx NonNMethodCodeHeapSize                   = 5832780                                {pd product} {ergonomic}
    uintx NonProfiledCodeHeapSize                  = 122912730                              {pd product} {ergonomic}
    uintx ProfiledCodeHeapSize                     = 122912730                              {pd product} {ergonomic}
    uintx ReservedCodeCacheSize                    = 251658240                              {pd product} {ergonomic}
     bool SegmentedCodeCache                       = true                                      {product} {ergonomic}
   size_t SoftMaxHeapSize                          = 2147483648                             {manageable} {ergonomic}
     bool UseCompressedClassPointers               = true                           {product lp64_product} {ergonomic}
     bool UseCompressedOops                        = true                           {product lp64_product} {ergonomic}
     bool UseG1GC                                  = true                                      {product} {ergonomic}
     bool UseNUMA                                  = false                                     {product} {ergonomic}
     bool UseNUMAInterleaving                      = false                                     {product} {ergonomic}

Logging:
Log output configuration:
 #0: stdout all=warning uptime,level,tags
 #1: stderr all=off uptime,level,tags

Environment Variables:
PATH=/usr/bin:/bin:/usr/sbin:/sbin
SHELL=/bin/bash

Signal Handlers:
   SIGSEGV: crash_handler in libjvm.dylib, mask=11100110000111110111111111111111, flags=SA_RESTART|SA_SIGINFO
    SIGBUS: crash_handler in libjvm.dylib, mask=11100110000111110111111111111111, flags=SA_RESTART|SA_SIGINFO
    SIGFPE: crash_handler in libjvm.dylib, mask=11100110000111110111111111111111, flags=SA_RESTART|SA_SIGINFO
   SIGPIPE: javaSignalHandler in libjvm.dylib, mask=11100110000111110111111111111111, flags=SA_RESTART|SA_SIGINFO
   SIGXFSZ: javaSignalHandler in libjvm.dylib, mask=11100110000111110111111111111111, flags=SA_RESTART|SA_SIGINFO
    SIGILL: crash_handler in libjvm.dylib, mask=11100110000111110111111111111111, flags=SA_RESTART|SA_SIGINFO
   SIGUSR2: SR_handler in libjvm.dylib, mask=00100000000000000000000000000000, flags=SA_RESTART|SA_SIGINFO
    SIGHUP: UserHandler in libjvm.dylib, mask=11100110000111110111111111111111, flags=SA_RESTART|SA_SIGINFO
    SIGINT: UserHandler in libjvm.dylib, mask=11100110000111110111111111111111, flags=SA_RESTART|SA_SIGINFO
   SIGTERM: UserHandler in libjvm.dylib, mask=11100110000111110111111111111111, flags=SA_RESTART|SA_SIGINFO
   SIGQUIT: UserHandler in libjvm.dylib, mask=11100110000111110111111111111111, flags=SA_RESTART|SA_SIGINFO
   SIGTRAP: crash_handler in libjvm.dylib, mask=11100110000111110111111111111111, flags=SA_RESTART|SA_SIGINFO


---------------  S Y S T E M  ---------------

OS:
uname: Darwin 21.3.0 Darwin Kernel Version 21.3.0: Wed Jan  5 21:37:58 PST 2022; root:xnu-8019.80.24~20/RELEASE_X86_64 x86_64
OS uptime: 0 days 0:06 hours
rlimit (soft/hard): STACK 8192k/65532k , CORE 0k/infinity , NPROC 1392/2088 , NOFILE 10240/infinity , AS infinity/infinity , CPU infinity/infinity , DATA infinity/infinity , FSIZE infinity/infinity , MEMLOCK infinity/infinity , RSS infinity/infinity
load average: 16.87 34.64 18.49

CPU: total 4 (initial active 4) (2 cores per cpu, 2 threads per core) family 6 model 61 stepping 4 microcode 0x2f, cx8, cmov, fxsr, ht, mmx, 3dnowpref, sse, sse2, sse3, ssse3, sse4.1, sse4.2, popcnt, lzcnt, tsc, tscinvbit, avx, avx2, aes, erms, clmul, bmi1, bmi2, rtm, adx, fma, vzeroupper, clflush

Memory: 4k page, physical 8388608k(31120k free), swap 0k(0k free)

vm_info: Java HotSpot(TM) 64-Bit Server VM (17.0.1+12-LTS-39) for bsd-amd64 JRE (17.0.1+12-LTS-39), built on Sep 27 2021 17:40:18 by "mach5one" with clang Apple LLVM 12.0.0 (clang-1200.0.32.29)

END.
